Running command: srun -u /coc/flash5/kvr6/anaconda3/envs/declutter/bin/python -u run_apricot_noquery.py
Processing fold: fold_1
Number of users passing ACQ: 81
Number of scenes: 741
Scene 5a907927873cda0001dc4719_B_gperm_0_gnum1_dpermA-0-0_C-0-0_D-0-0_E-0-0_F-0-0 already processed properly, skipping...
Scene 605fe9680cac2ea943d411ec_F_gperm_0_gnum11_dpermA-0-0_B-0-0_C-0-0_D-0-0_E-0-0 already processed properly, skipping...
Scene 5e3ae8e5ebfb032f9058ef33_F_gperm_0_gnum6_dpermA-0-0_B-0-0_C-0-0_D-0-0_E-0-0 already processed properly, skipping...
Scene 610d3c0535871d8bfa25107f_D_gperm_0_gnum2_dpermA-0-0_B-0-0_C-0-0_E-0-0_F-0-0 already processed properly, skipping...
Scene 5c4a428161c51f0001e96b3f_A_gperm_0_gnum2_dpermB-0-0_C-0-0_D-0-0_E-0-0_F-0-0 already processed properly, skipping...
Scene 5c8ec999bb6a3c00014acf5f_B_gperm_0_gnum2_dpermA-0-0_C-0-0_D-0-0_E-0-0_F-0-0 already processed properly, skipping...
Scene 5a907927873cda0001dc4719_A_gperm_0_gnum11_dpermB-0-0_C-0-0_D-0-0_E-0-0_F-0-0 already processed properly, skipping...
Scene 637058f9e7a26c452d1cc49a_E_gperm_0_gnum14_dpermA-0-0_B-0-0_C-0-0_D-0-0_F-0-0 already processed properly, skipping...
Scene 5c4a428161c51f0001e96b3f_C_gperm_0_gnum3_dpermA-0-0_B-0-0_D-0-0_E-0-0_F-0-0 already processed properly, skipping...
Scene 637058f9e7a26c452d1cc49a_D_gperm_0_gnum7_dpermA-0-0_B-0-0_C-0-0_E-0-0_F-0-0 already processed properly, skipping...
Scene 5d6ac7e17658a1001a8c63b2_C_gperm_0_gnum7_dpermA-0-0_B-0-0_D-0-0_E-0-0_F-0-0 already processed properly, skipping...
Scene 605fe9680cac2ea943d411ec_C_gperm_0_gnum20_dpermA-0-0_B-0-0_D-0-0_E-0-0_F-0-0 already processed properly, skipping...
Scene 5d6ac7e17658a1001a8c63b2_A_gperm_0_gnum6_dpermB-0-0_C-0-0_D-0-0_E-0-0_F-0-0 already processed properly, skipping...
Scene 5a907927873cda0001dc4719_E_gperm_0_gnum4_dpermA-0-0_B-0-0_C-0-0_D-0-0_F-0-0 already processed properly, skipping...
Scene 5d1b4ec634783e0001336019_F_gperm_0_gnum6_dpermA-0-0_B-0-0_C-0-0_D-0-0_E-0-0 already processed properly, skipping...
Scene 637058f9e7a26c452d1cc49a_B_gperm_0_gnum9_dpermA-0-0_C-0-0_D-0-0_E-0-0_F-0-0 already processed properly, skipping...
Scene 6111c4865701e1ba367af3e3_D_gperm_0_gnum3_dpermA-0-0_B-0-0_C-0-0_E-0-0_F-0-0 already processed properly, skipping...
Scene 605fe9680cac2ea943d411ec_D_gperm_0_gnum11_dpermA-0-0_B-0-0_C-0-0_E-0-0_F-0-0 already processed properly, skipping...
Scene 62b0b9d60841bfa66838f436_C_gperm_0_gnum1_dpermA-0-0_B-0-0_D-0-0_E-0-0_F-0-0 already processed properly, skipping...
Scene 630386f64c5bbd56ab1c3b0f_C_gperm_0_gnum2_dpermA-0-0_B-0-0_D-0-0_E-0-0_F-0-0 already processed properly, skipping...
Scene 630386f64c5bbd56ab1c3b0f_A_gperm_0_gnum3_dpermB-0-0_C-0-0_D-0-0_E-0-0_F-0-0 already processed properly, skipping...
Scene 605fe9680cac2ea943d411ec_D_gperm_0_gnum3_dpermA-0-0_B-0-0_C-0-0_E-0-0_F-0-0 already processed properly, skipping...
Scene 6111c4865701e1ba367af3e3_E_gperm_0_gnum8_dpermA-0-0_B-0-0_C-0-0_D-0-0_F-0-0 already processed properly, skipping...
Scene 5a792c898fe2dc0001058c3b_D_gperm_0_gnum3_dpermA-0-0_B-0-0_C-0-0_E-0-0_F-0-0 already processed properly, skipping...
Scene 56cb15ad64c068000b4d7ca5_F_gperm_0_gnum3_dpermA-0-0_B-0-0_C-0-0_D-0-0_E-0-0 already processed properly, skipping...
Scene 605fe9680cac2ea943d411ec_E_gperm_0_gnum8_dpermA-0-0_B-0-0_C-0-0_D-0-0_F-0-0 already processed properly, skipping...
Scene 5a792c898fe2dc0001058c3b_A_gperm_0_gnum1_dpermB-0-0_C-0-0_D-0-0_E-0-0_F-0-0 already processed properly, skipping...
Scene 5d1b4ec634783e0001336019_B_gperm_0_gnum2_dpermA-0-0_C-0-0_D-0-0_E-0-0_F-0-0 already processed properly, skipping...
Scene 605fe9680cac2ea943d411ec_A_gperm_0_gnum1_dpermB-0-0_C-0-0_D-0-0_E-0-0_F-0-0 already processed properly, skipping...
Scene 5e3ae8e5ebfb032f9058ef33_B_gperm_0_gnum2_dpermA-0-0_C-0-0_D-0-0_E-0-0_F-0-0 already processed properly, skipping...
Scene 62b0b9d60841bfa66838f436_D_gperm_0_gnum2_dpermA-0-0_B-0-0_C-0-0_E-0-0_F-0-0 already processed properly, skipping...
Scene 630386f64c5bbd56ab1c3b0f_D_gperm_0_gnum1_dpermA-0-0_B-0-0_C-0-0_E-0-0_F-0-0 already processed properly, skipping...
Scene 5a907927873cda0001dc4719_F_gperm_0_gnum5_dpermA-0-0_B-0-0_C-0-0_D-0-0_E-0-0 already processed properly, skipping...
Scene 6111c4865701e1ba367af3e3_A_gperm_0_gnum1_dpermB-0-0_C-0-0_D-0-0_E-0-0_F-0-0 already processed properly, skipping...
Scene 5c8ec999bb6a3c00014acf5f_F_gperm_0_gnum6_dpermA-0-0_B-0-0_C-0-0_D-0-0_E-0-0 already processed properly, skipping...
Scene 5d1b4ec634783e0001336019_E_gperm_0_gnum7_dpermA-0-0_B-0-0_C-0-0_D-0-0_F-0-0 already processed properly, skipping...
Scene 605fe9680cac2ea943d411ec_A_gperm_0_gnum17_dpermB-0-0_C-0-0_D-0-0_E-0-0_F-0-0 already processed properly, skipping...
Scene 605fe9680cac2ea943d411ec_B_gperm_0_gnum14_dpermA-0-0_C-0-0_D-0-0_E-0-0_F-0-0 already processed properly, skipping...
Scene 5d6ac7e17658a1001a8c63b2_D_gperm_0_gnum4_dpermA-0-0_B-0-0_C-0-0_E-0-0_F-0-0 already processed properly, skipping...
Scene 637058f9e7a26c452d1cc49a_C_gperm_0_gnum4_dpermA-0-0_B-0-0_D-0-0_E-0-0_F-0-0 already processed properly, skipping...
Scene 637058f9e7a26c452d1cc49a_A_gperm_0_gnum5_dpermB-0-0_C-0-0_D-0-0_E-0-0_F-0-0 already processed properly, skipping...
Scene 56cb15ad64c068000b4d7ca5_B_gperm_0_gnum7_dpermA-0-0_C-0-0_D-0-0_E-0-0_F-0-0 already processed properly, skipping...
Scene 5c4a428161c51f0001e96b3f_A_gperm_0_gnum10_dpermB-0-0_C-0-0_D-0-0_E-0-0_F-0-0 already processed properly, skipping...
Scene 6111c4865701e1ba367af3e3_F_gperm_0_gnum9_dpermA-0-0_B-0-0_C-0-0_D-0-0_E-0-0 already processed properly, skipping...
Scene 610d3c0535871d8bfa25107f_C_gperm_0_gnum1_dpermA-0-0_B-0-0_D-0-0_E-0-0_F-0-0 already processed properly, skipping...
Scene 56cb15ad64c068000b4d7ca5_E_gperm_0_gnum2_dpermA-0-0_B-0-0_C-0-0_D-0-0_F-0-0 already processed properly, skipping...
Scene 605fe9680cac2ea943d411ec_F_gperm_0_gnum9_dpermA-0-0_B-0-0_C-0-0_D-0-0_E-0-0 already processed properly, skipping...
Scene 5e3ae8e5ebfb032f9058ef33_E_gperm_0_gnum3_dpermA-0-0_B-0-0_C-0-0_D-0-0_F-0-0 already processed properly, skipping...
Scene 5d1b4ec634783e0001336019_D_gperm_0_gnum8_dpermA-0-0_B-0-0_C-0-0_E-0-0_F-0-0 already processed properly, skipping...
Scene 5d1b4ec634783e0001336019_B_gperm_0_gnum6_dpermA-0-0_C-0-0_D-0-0_E-0-0_F-0-0 already processed properly, skipping...
Scene 637058f9e7a26c452d1cc49a_F_gperm_0_gnum9_dpermA-0-0_B-0-0_C-0-0_D-0-0_E-0-0 already processed properly, skipping...
Scene 5a792c898fe2dc0001058c3b_C_gperm_0_gnum4_dpermA-0-0_B-0-0_D-0-0_E-0-0_F-0-0 already processed properly, skipping...
Scene 5a792c898fe2dc0001058c3b_A_gperm_0_gnum5_dpermB-0-0_C-0-0_D-0-0_E-0-0_F-0-0 already processed properly, skipping...
Scene 6111c4865701e1ba367af3e3_C_gperm_0_gnum4_dpermA-0-0_B-0-0_D-0-0_E-0-0_F-0-0 already processed properly, skipping...
Scene 5a907927873cda0001dc4719_F_gperm_0_gnum1_dpermA-0-0_B-0-0_C-0-0_D-0-0_E-0-0 already processed properly, skipping...
Scene 6111c4865701e1ba367af3e3_A_gperm_0_gnum5_dpermB-0-0_C-0-0_D-0-0_E-0-0_F-0-0 already processed properly, skipping...
Scene 605fe9680cac2ea943d411ec_A_gperm_0_gnum5_dpermB-0-0_C-0-0_D-0-0_E-0-0_F-0-0 already processed properly, skipping...
Scene 5e3ae8e5ebfb032f9058ef33_B_gperm_0_gnum6_dpermA-0-0_C-0-0_D-0-0_E-0-0_F-0-0 already processed properly, skipping...
Scene 630386f64c5bbd56ab1c3b0f_D_gperm_0_gnum5_dpermA-0-0_B-0-0_C-0-0_E-0-0_F-0-0 already processed properly, skipping...
Scene 62b0b9d60841bfa66838f436_D_gperm_0_gnum6_dpermA-0-0_B-0-0_C-0-0_E-0-0_F-0-0 already processed properly, skipping...
Scene 605fe9680cac2ea943d411ec_C_gperm_0_gnum4_dpermA-0-0_B-0-0_D-0-0_E-0-0_F-0-0 already processed properly, skipping...
Scene 605fe9680cac2ea943d411ec_A_gperm_0_gnum13_dpermB-0-0_C-0-0_D-0-0_E-0-0_F-0-0 already processed properly, skipping...
Scene 5d1b4ec634783e0001336019_E_gperm_0_gnum3_dpermA-0-0_B-0-0_C-0-0_D-0-0_F-0-0 already processed properly, skipping...
Scene 5c8ec999bb6a3c00014acf5f_F_gperm_0_gnum2_dpermA-0-0_B-0-0_C-0-0_D-0-0_E-0-0 already processed properly, skipping...
Scene 637058f9e7a26c452d1cc49a_A_gperm_0_gnum1_dpermB-0-0_C-0-0_D-0-0_E-0-0_F-0-0 already processed properly, skipping...
Scene 605fe9680cac2ea943d411ec_B_gperm_0_gnum10_dpermA-0-0_C-0-0_D-0-0_E-0-0_F-0-0 already processed properly, skipping...
Scene 56cb15ad64c068000b4d7ca5_B_gperm_0_gnum3_dpermA-0-0_C-0-0_D-0-0_E-0-0_F-0-0 already processed properly, skipping...
Scene 5a907927873cda0001dc4719_A_gperm_0_gnum9_dpermB-0-0_C-0-0_D-0-0_E-0-0_F-0-0 already processed properly, skipping...
Scene 5a907927873cda0001dc4719_C_gperm_0_gnum8_dpermA-0-0_B-0-0_D-0-0_E-0-0_F-0-0 already processed properly, skipping...
Scene 5c4a428161c51f0001e96b3f_D_gperm_0_gnum4_dpermA-0-0_B-0-0_C-0-0_E-0-0_F-0-0 already processed properly, skipping...
Scene 5d6ac7e17658a1001a8c63b2_F_gperm_0_gnum10_dpermA-0-0_B-0-0_C-0-0_D-0-0_E-0-0 already processed properly, skipping...
Scene 5e3ae8e5ebfb032f9058ef33_F_gperm_0_gnum2_dpermA-0-0_B-0-0_C-0-0_D-0-0_E-0-0 already processed properly, skipping...
Scene 5a907927873cda0001dc4719_B_gperm_0_gnum5_dpermA-0-0_C-0-0_D-0-0_E-0-0_F-0-0 already processed properly, skipping...
Scene 5c4a428161c51f0001e96b3f_A_gperm_0_gnum6_dpermB-0-0_C-0-0_D-0-0_E-0-0_F-0-0 already processed properly, skipping...
Scene 5c8ec999bb6a3c00014acf5f_B_gperm_0_gnum6_dpermA-0-0_C-0-0_D-0-0_E-0-0_F-0-0 already processed properly, skipping...
Scene 637058f9e7a26c452d1cc49a_E_gperm_0_gnum10_dpermA-0-0_B-0-0_C-0-0_D-0-0_F-0-0 already processed properly, skipping...
Scene 5c4a428161c51f0001e96b3f_C_gperm_0_gnum7_dpermA-0-0_B-0-0_D-0-0_E-0-0_F-0-0 already processed properly, skipping...
Scene 637058f9e7a26c452d1cc49a_E_gperm_0_gnum8_dpermA-0-0_B-0-0_C-0-0_D-0-0_F-0-0 already processed properly, skipping...
Scene 637058f9e7a26c452d1cc49a_D_gperm_0_gnum3_dpermA-0-0_B-0-0_C-0-0_E-0-0_F-0-0 already processed properly, skipping...
Scene 5d6ac7e17658a1001a8c63b2_C_gperm_0_gnum3_dpermA-0-0_B-0-0_D-0-0_E-0-0_F-0-0 already processed properly, skipping...
Scene 5d6ac7e17658a1001a8c63b2_A_gperm_0_gnum2_dpermB-0-0_C-0-0_D-0-0_E-0-0_F-0-0 already processed properly, skipping...
Scene 5c8ec999bb6a3c00014acf5f_E_gperm_0_gnum3_dpermA-0-0_B-0-0_C-0-0_D-0-0_F-0-0 already processed properly, skipping...
Scene 5d1b4ec634783e0001336019_F_gperm_0_gnum2_dpermA-0-0_B-0-0_C-0-0_D-0-0_E-0-0 already processed properly, skipping...
Scene 605fe9680cac2ea943d411ec_C_gperm_0_gnum18_dpermA-0-0_B-0-0_D-0-0_E-0-0_F-0-0 already processed properly, skipping...
Scene 62b0b9d60841bfa66838f436_C_gperm_0_gnum5_dpermA-0-0_B-0-0_D-0-0_E-0-0_F-0-0 already processed properly, skipping...
Scene 630386f64c5bbd56ab1c3b0f_A_gperm_0_gnum7_dpermB-0-0_C-0-0_D-0-0_E-0-0_F-0-0 already processed properly, skipping...
Scene 62b0b9d60841bfa66838f436_A_gperm_0_gnum4_dpermB-0-0_C-0-0_D-0-0_E-0-0_F-0-0 already processed properly, skipping...
Scene 605fe9680cac2ea943d411ec_D_gperm_0_gnum7_dpermA-0-0_B-0-0_C-0-0_E-0-0_F-0-0 already processed properly, skipping...
Scene 6111c4865701e1ba367af3e3_D_gperm_0_gnum7_dpermA-0-0_B-0-0_C-0-0_E-0-0_F-0-0 already processed properly, skipping...
Scene 605fe9680cac2ea943d411ec_D_gperm_0_gnum15_dpermA-0-0_B-0-0_C-0-0_E-0-0_F-0-0 already processed properly, skipping...
Scene 6111c4865701e1ba367af3e3_B_gperm_0_gnum9_dpermA-0-0_C-0-0_D-0-0_E-0-0_F-0-0 already processed properly, skipping...
Scene 605fe9680cac2ea943d411ec_B_gperm_0_gnum9_dpermA-0-0_C-0-0_D-0-0_E-0-0_F-0-0 already processed properly, skipping...
Scene 5d1b4ec634783e0001336019_B_gperm_0_gnum10_dpermA-0-0_C-0-0_D-0-0_E-0-0_F-0-0 already processed properly, skipping...
Scene 56cb15ad64c068000b4d7ca5_F_gperm_0_gnum7_dpermA-0-0_B-0-0_C-0-0_D-0-0_E-0-0 already processed properly, skipping...
Scene 6111c4865701e1ba367af3e3_A_gperm_0_gnum10_dpermB-0-0_C-0-0_D-0-0_E-0-0_F-0-0 already processed properly, skipping...
Scene 637058f9e7a26c452d1cc49a_F_gperm_0_gnum1_dpermA-0-0_B-0-0_C-0-0_D-0-0_E-0-0 already processed properly, skipping...
Scene 630386f64c5bbd56ab1c3b0f_E_gperm_0_gnum6_dpermA-0-0_B-0-0_C-0-0_D-0-0_F-0-0 already processed properly, skipping...
Scene 62b0b9d60841bfa66838f436_E_gperm_0_gnum5_dpermA-0-0_B-0-0_C-0-0_D-0-0_F-0-0 already processed properly, skipping...
Scene 630386f64c5bbd56ab1c3b0f_B_gperm_0_gnum3_dpermA-0-0_C-0-0_D-0-0_E-0-0_F-0-0 already processed properly, skipping...
Scene 637058f9e7a26c452d1cc49a_A_gperm_0_gnum10_dpermB-0-0_C-0-0_D-0-0_E-0-0_F-0-0 already processed properly, skipping...
Scene 5d6ac7e17658a1001a8c63b2_B_gperm_0_gnum6_dpermA-0-0_C-0-0_D-0-0_E-0-0_F-0-0 already processed properly, skipping...
Scene 56cb15ad64c068000b4d7ca5_D_gperm_0_gnum5_dpermA-0-0_B-0-0_C-0-0_E-0-0_F-0-0 already processed properly, skipping...
Scene 637058f9e7a26c452d1cc49a_C_gperm_0_gnum8_dpermA-0-0_B-0-0_D-0-0_E-0-0_F-0-0 already processed properly, skipping...
Scene 5a792c898fe2dc0001058c3b_F_gperm_0_gnum5_dpermA-0-0_B-0-0_C-0-0_D-0-0_E-0-0 already processed properly, skipping...
Scene 6111c4865701e1ba367af3e3_E_gperm_0_gnum10_dpermA-0-0_B-0-0_C-0-0_D-0-0_F-0-0 already processed properly, skipping...
Scene 637058f9e7a26c452d1cc49a_A_gperm_0_gnum9_dpermB-0-0_C-0-0_D-0-0_E-0-0_F-0-0 already processed properly, skipping...
Scene 5c4a428161c51f0001e96b3f_E_gperm_0_gnum7_dpermA-0-0_B-0-0_C-0-0_D-0-0_F-0-0 already processed properly, skipping...
Scene 5d6ac7e17658a1001a8c63b2_E_gperm_0_gnum3_dpermA-0-0_B-0-0_C-0-0_D-0-0_F-0-0 already processed properly, skipping...
Scene 605fe9680cac2ea943d411ec_F_gperm_0_gnum5_dpermA-0-0_B-0-0_C-0-0_D-0-0_E-0-0 already processed properly, skipping...
Scene 6111c4865701e1ba367af3e3_F_gperm_0_gnum5_dpermA-0-0_B-0-0_C-0-0_D-0-0_E-0-0 already processed properly, skipping...
Scene 5a907927873cda0001dc4719_A_gperm_0_gnum1_dpermB-0-0_C-0-0_D-0-0_E-0-0_F-0-0 already processed properly, skipping...
Scene 5c4a428161c51f0001e96b3f_B_gperm_0_gnum2_dpermA-0-0_C-0-0_D-0-0_E-0-0_F-0-0 already processed properly, skipping...
Scene 5c8ec999bb6a3c00014acf5f_A_gperm_0_gnum2_dpermB-0-0_C-0-0_D-0-0_E-0-0_F-0-0 already processed properly, skipping...
Scene 5c8ec999bb6a3c00014acf5f_C_gperm_0_gnum3_dpermA-0-0_B-0-0_D-0-0_E-0-0_F-0-0 already processed properly, skipping...
Scene 5d1b4ec634783e0001336019_C_gperm_0_gnum10_dpermA-0-0_B-0-0_D-0-0_E-0-0_F-0-0 already processed properly, skipping...
Scene 5a907927873cda0001dc4719_D_gperm_0_gnum3_dpermA-0-0_B-0-0_C-0-0_E-0-0_F-0-0 already processed properly, skipping...
Scene 630386f64c5bbd56ab1c3b0f_F_gperm_0_gnum7_dpermA-0-0_B-0-0_C-0-0_D-0-0_E-0-0 already processed properly, skipping...
Scene 62b0b9d60841bfa66838f436_F_gperm_0_gnum4_dpermA-0-0_B-0-0_C-0-0_D-0-0_E-0-0 already processed properly, skipping...
Scene 605fe9680cac2ea943d411ec_E_gperm_0_gnum13_dpermA-0-0_B-0-0_C-0-0_D-0-0_F-0-0 already processed properly, skipping...
Scene 637058f9e7a26c452d1cc49a_B_gperm_0_gnum5_dpermA-0-0_C-0-0_D-0-0_E-0-0_F-0-0 already processed properly, skipping...
Scene 6111c4865701e1ba367af3e3_B_gperm_0_gnum1_dpermA-0-0_C-0-0_D-0-0_E-0-0_F-0-0 already processed properly, skipping...
Scene 5e3ae8e5ebfb032f9058ef33_A_gperm_0_gnum2_dpermB-0-0_C-0-0_D-0-0_E-0-0_F-0-0 already processed properly, skipping...
Scene 637058f9e7a26c452d1cc49a_D_gperm_0_gnum16_dpermA-0-0_B-0-0_C-0-0_E-0-0_F-0-0 already processed properly, skipping...
Scene 605fe9680cac2ea943d411ec_B_gperm_0_gnum1_dpermA-0-0_C-0-0_D-0-0_E-0-0_F-0-0 already processed properly, skipping...
Scene 5e3ae8e5ebfb032f9058ef33_C_gperm_0_gnum3_dpermA-0-0_B-0-0_D-0-0_E-0-0_F-0-0 already processed properly, skipping...
Scene 605fe9680cac2ea943d411ec_C_gperm_0_gnum10_dpermA-0-0_B-0-0_D-0-0_E-0-0_F-0-0 already processed properly, skipping...
Scene 5a792c898fe2dc0001058c3b_E_gperm_0_gnum4_dpermA-0-0_B-0-0_C-0-0_D-0-0_F-0-0 already processed properly, skipping...
Scene 5c4a428161c51f0001e96b3f_F_gperm_0_gnum6_dpermA-0-0_B-0-0_C-0-0_D-0-0_E-0-0 already processed properly, skipping...
Scene 5d6ac7e17658a1001a8c63b2_F_gperm_0_gnum2_dpermA-0-0_B-0-0_C-0-0_D-0-0_E-0-0 already processed properly, skipping...
Scene 605fe9680cac2ea943d411ec_E_gperm_0_gnum4_dpermA-0-0_B-0-0_C-0-0_D-0-0_F-0-0 already processed properly, skipping...
Scene 6111c4865701e1ba367af3e3_E_gperm_0_gnum4_dpermA-0-0_B-0-0_C-0-0_D-0-0_F-0-0 already processed properly, skipping...
Scene 5d1b4ec634783e0001336019_C_gperm_0_gnum3_dpermA-0-0_B-0-0_D-0-0_E-0-0_F-0-0 already processed properly, skipping...
Scene 5d1b4ec634783e0001336019_A_gperm_0_gnum2_dpermB-0-0_C-0-0_D-0-0_E-0-0_F-0-0 already processed properly, skipping...
Scene 5a792c898fe2dc0001058c3b_B_gperm_0_gnum1_dpermA-0-0_C-0-0_D-0-0_E-0-0_F-0-0 already processed properly, skipping...
Scene 630386f64c5bbd56ab1c3b0f_F_gperm_0_gnum3_dpermA-0-0_B-0-0_C-0-0_D-0-0_E-0-0 already processed properly, skipping...
Scene 637058f9e7a26c452d1cc49a_E_gperm_0_gnum4_dpermA-0-0_B-0-0_C-0-0_D-0-0_F-0-0 already processed properly, skipping...
Scene 637058f9e7a26c452d1cc49a_F_gperm_0_gnum12_dpermA-0-0_B-0-0_C-0-0_D-0-0_E-0-0 already processed properly, skipping...
5c4a428161c51f0001e96b3f_C_gperm_0_gnum13_dpermA-0-0_B-0-0_D-0-0_E-0-0_F-0-0 has incomplete prediction, reprocessing...

==========Scene 5c4a428161c51f0001e96b3f_C_gperm_0_gnum13_dpermA-0-0_B-0-0_D-0-0_E-0-0_F-0-0==========
Unplaced objects: ['serving tray', 'heavy cream', 'ketchup bottle', 'peanut butter', 'toilet paper', 'magazine', 'cotton swabs', 'bread', 'soap dispenser', 'frying pan', 'silicone spatula', 'toilet paper 2', 'shampoo']
Placement response: <pick_and_place("shampoo", "cabinet middle-left shelf")
pick_and_place("cotton swabs", "cabinet middle-left shelf")
pick_and_place("toilet paper", "cabinet middle-left shelf")
pick_and_place("toilet paper 2", "cabinet middle-left shelf")
pick_and_place("soap dispenser", "cabinet middle-left shelf")
pick_and_place("heavy cream", "cabinet middle-right shelf")
pick_and_place("ketchup bottle", "cabinet middle-right shelf")
pick_and_place("peanut butter", "cabinet middle-right shelf")
pick_and_place("bread", "cabinet middle-right shelf")
pick_and_place("serving tray", "cabinet top-right shelf")
pick_and_place("frying pan", "cabinet top-right shelf")
pick_and_place("silicone spatula", "cabinet top-right shelf")
pick_and_place("magazine", "cabinet top-left shelf")>
Done processing scene 5c4a428161c51f0001e96b3f_C_gperm_0_gnum13_dpermA-0-0_B-0-0_D-0-0_E-0-0_F-0-0.
Scene 5a907927873cda0001dc4719_D_gperm_0_gnum7_dpermA-0-0_B-0-0_C-0-0_E-0-0_F-0-0 already processed properly, skipping...
Scene 5a907927873cda0001dc4719_B_gperm_0_gnum9_dpermA-0-0_C-0-0_D-0-0_E-0-0_F-0-0 already processed properly, skipping...
Scene 5c8ec999bb6a3c00014acf5f_D_gperm_0_gnum4_dpermA-0-0_B-0-0_C-0-0_E-0-0_F-0-0 already processed properly, skipping...
Scene 637058f9e7a26c452d1cc49a_B_gperm_0_gnum1_dpermA-0-0_C-0-0_D-0-0_E-0-0_F-0-0 already processed properly, skipping...
Scene 56cb15ad64c068000b4d7ca5_C_gperm_0_gnum2_dpermA-0-0_B-0-0_D-0-0_E-0-0_F-0-0 already processed properly, skipping...
Scene 610d3c0535871d8bfa25107f_E_gperm_0_gnum1_dpermA-0-0_B-0-0_C-0-0_D-0-0_F-0-0 already processed properly, skipping...
Scene 56cb15ad64c068000b4d7ca5_A_gperm_0_gnum3_dpermB-0-0_C-0-0_D-0-0_E-0-0_F-0-0 already processed properly, skipping...
5e3ae8e5ebfb032f9058ef33_A_gperm_0_gnum6_dpermB-0-0_C-0-0_D-0-0_E-0-0_F-0-0 has incomplete prediction, reprocessing...

==========Scene 5e3ae8e5ebfb032f9058ef33_A_gperm_0_gnum6_dpermB-0-0_C-0-0_D-0-0_E-0-0_F-0-0==========
Unplaced objects: ['oil diffuser', 'tissue box', 'basket', 'book', 'tissue box 2', 'basket 2']
Placement response: <pick_and_place("oil diffuser", "shelf 1 (top)")
pick_and_place("tissue box", "shelf 4 (bottom)")
pick_and_place("basket", "shelf 4 (bottom)")
pick_and_place("book", "shelf 3")
pick_and_place("tissue box 2", "shelf 4 (bottom)")
pick_and_place("basket 2", "shelf 4 (bottom)")>
Done processing scene 5e3ae8e5ebfb032f9058ef33_A_gperm_0_gnum6_dpermB-0-0_C-0-0_D-0-0_E-0-0_F-0-0.
Scene 605fe9680cac2ea943d411ec_B_gperm_0_gnum5_dpermA-0-0_C-0-0_D-0-0_E-0-0_F-0-0 already processed properly, skipping...
Scene 637058f9e7a26c452d1cc49a_D_gperm_0_gnum12_dpermA-0-0_B-0-0_C-0-0_E-0-0_F-0-0 already processed properly, skipping...
Scene 5e3ae8e5ebfb032f9058ef33_C_gperm_0_gnum7_dpermA-0-0_B-0-0_D-0-0_E-0-0_F-0-0 already processed properly, skipping...
Scene 6111c4865701e1ba367af3e3_B_gperm_0_gnum5_dpermA-0-0_C-0-0_D-0-0_E-0-0_F-0-0 already processed properly, skipping...
Scene 5c4a428161c51f0001e96b3f_E_gperm_0_gnum10_dpermA-0-0_B-0-0_C-0-0_D-0-0_F-0-0 already processed properly, skipping...
Scene 5c4a428161c51f0001e96b3f_F_gperm_0_gnum2_dpermA-0-0_B-0-0_C-0-0_D-0-0_E-0-0 already processed properly, skipping...
Scene 605fe9680cac2ea943d411ec_C_gperm_0_gnum14_dpermA-0-0_B-0-0_D-0-0_E-0-0_F-0-0 already processed properly, skipping...
Scene 5d6ac7e17658a1001a8c63b2_F_gperm_0_gnum6_dpermA-0-0_B-0-0_C-0-0_D-0-0_E-0-0 already processed properly, skipping...
Scene 5a792c898fe2dc0001058c3b_B_gperm_0_gnum5_dpermA-0-0_C-0-0_D-0-0_E-0-0_F-0-0 already processed properly, skipping...
Scene 5d1b4ec634783e0001336019_C_gperm_0_gnum7_dpermA-0-0_B-0-0_D-0-0_E-0-0_F-0-0 already processed properly, skipping...
Scene 5d1b4ec634783e0001336019_A_gperm_0_gnum6_dpermB-0-0_C-0-0_D-0-0_E-0-0_F-0-0 already processed properly, skipping...
Scene 637058f9e7a26c452d1cc49a_F_gperm_0_gnum5_dpermA-0-0_B-0-0_C-0-0_D-0-0_E-0-0 already processed properly, skipping...
Scene 62b0b9d60841bfa66838f436_E_gperm_0_gnum1_dpermA-0-0_B-0-0_C-0-0_D-0-0_F-0-0 already processed properly, skipping...
Scene 630386f64c5bbd56ab1c3b0f_E_gperm_0_gnum2_dpermA-0-0_B-0-0_C-0-0_D-0-0_F-0-0 already processed properly, skipping...
Scene 5d1b4ec634783e0001336019_D_gperm_0_gnum4_dpermA-0-0_B-0-0_C-0-0_E-0-0_F-0-0 already processed properly, skipping...
Scene 62b0b9d60841bfa66838f436_B_gperm_0_gnum4_dpermA-0-0_C-0-0_D-0-0_E-0-0_F-0-0 already processed properly, skipping...
Scene 5e3ae8e5ebfb032f9058ef33_D_gperm_0_gnum4_dpermA-0-0_B-0-0_C-0-0_E-0-0_F-0-0 already processed properly, skipping...
Scene 605fe9680cac2ea943d411ec_A_gperm_0_gnum9_dpermB-0-0_C-0-0_D-0-0_E-0-0_F-0-0 already processed properly, skipping...
Scene 605fe9680cac2ea943d411ec_C_gperm_0_gnum8_dpermA-0-0_B-0-0_D-0-0_E-0-0_F-0-0 already processed properly, skipping...
Scene 6111c4865701e1ba367af3e3_C_gperm_0_gnum8_dpermA-0-0_B-0-0_D-0-0_E-0-0_F-0-0 already processed properly, skipping...
Scene 6111c4865701e1ba367af3e3_A_gperm_0_gnum9_dpermB-0-0_C-0-0_D-0-0_E-0-0_F-0-0 already processed properly, skipping...
5d6ac7e17658a1001a8c63b2_B_gperm_0_gnum2_dpermA-0-0_C-0-0_D-0-0_E-0-0_F-0-0 has incomplete prediction, reprocessing...

==========Scene 5d6ac7e17658a1001a8c63b2_B_gperm_0_gnum2_dpermA-0-0_C-0-0_D-0-0_E-0-0_F-0-0==========
Unplaced objects: ['plant 2', 'tissue box']
Placement response: <pick_and_place("plant 2", "shelf 3")
pick_and_place("tissue box", "shelf 5 (bottom)")>
Done processing scene 5d6ac7e17658a1001a8c63b2_B_gperm_0_gnum2_dpermA-0-0_C-0-0_D-0-0_E-0-0_F-0-0.
Scene 5c4a428161c51f0001e96b3f_E_gperm_0_gnum3_dpermA-0-0_B-0-0_C-0-0_D-0-0_F-0-0 already processed properly, skipping...
Scene 5a792c898fe2dc0001058c3b_F_gperm_0_gnum1_dpermA-0-0_B-0-0_C-0-0_D-0-0_E-0-0 already processed properly, skipping...
Scene 56cb15ad64c068000b4d7ca5_D_gperm_0_gnum1_dpermA-0-0_B-0-0_C-0-0_E-0-0_F-0-0 already processed properly, skipping...
Scene 6111c4865701e1ba367af3e3_F_gperm_0_gnum1_dpermA-0-0_B-0-0_C-0-0_D-0-0_E-0-0 already processed properly, skipping...
Scene 5a907927873cda0001dc4719_A_gperm_0_gnum5_dpermB-0-0_C-0-0_D-0-0_E-0-0_F-0-0 already processed properly, skipping...
Scene 5a907927873cda0001dc4719_C_gperm_0_gnum4_dpermA-0-0_B-0-0_D-0-0_E-0-0_F-0-0 already processed properly, skipping...
5c4a428161c51f0001e96b3f_D_gperm_0_gnum8_dpermA-0-0_B-0-0_C-0-0_E-0-0_F-0-0 has incomplete prediction, reprocessing...

==========Scene 5c4a428161c51f0001e96b3f_D_gperm_0_gnum8_dpermA-0-0_B-0-0_C-0-0_E-0-0_F-0-0==========
Unplaced objects: ['cereal box', 'glass cleaner', 'spectacles', 'wine glass', 'chicken broth', 'wine bottle', 'sugar', 'cereal bowl']
Placement response: <pick_and_place("cereal box", "cabinet top-left shelf")
pick_and_place("chicken broth", "cabinet top-left shelf")
pick_and_place("sugar", "cabinet top-left shelf")
pick_and_place("glass cleaner", "cabinet bottom-left shelf")
pick_and_place("spectacles", "cabinet bottom-left shelf")
pick_and_place("wine glass", "cabinet middle-left shelf")
pick_and_place("cereal bowl", "cabinet middle-right shelf")
pick_and_place("wine bottle", "cabinet bottom-right shelf")>
Done processing scene 5c4a428161c51f0001e96b3f_D_gperm_0_gnum8_dpermA-0-0_B-0-0_C-0-0_E-0-0_F-0-0.
Scene 5d6ac7e17658a1001a8c63b2_E_gperm_0_gnum7_dpermA-0-0_B-0-0_C-0-0_D-0-0_F-0-0 already processed properly, skipping...
Scene 605fe9680cac2ea943d411ec_F_gperm_0_gnum1_dpermA-0-0_B-0-0_C-0-0_D-0-0_E-0-0 already processed properly, skipping...
Scene 5c4a428161c51f0001e96b3f_B_gperm_0_gnum6_dpermA-0-0_C-0-0_D-0-0_E-0-0_F-0-0 already processed properly, skipping...
5c8ec999bb6a3c00014acf5f_A_gperm_0_gnum6_dpermB-0-0_C-0-0_D-0-0_E-0-0_F-0-0 has incomplete prediction, reprocessing...

==========Scene 5c8ec999bb6a3c00014acf5f_A_gperm_0_gnum6_dpermB-0-0_C-0-0_D-0-0_E-0-0_F-0-0==========
Unplaced objects: ['hair brush', 'dental floss', 'sanitizing wipes 2', 'toothpaste', 'body wash 2', 'toothpaste 2']
Placement response: <pick_and_place("hair brush", "cabinet middle-right shelf (open)")
pick_and_place("dental floss", "cabinet middle-left shelf (open)")
pick_and_place("toothpaste", "cabinet middle-left shelf (open)")
pick_and_place("toothpaste 2", "cabinet middle-left shelf (open)")
pick_and_place("sanitizing wipes 2", "cabinet bottom shelf (open)")
pick_and_place("body wash 2", "cabinet bottom shelf (open)")>
Done processing scene 5c8ec999bb6a3c00014acf5f_A_gperm_0_gnum6_dpermB-0-0_C-0-0_D-0-0_E-0-0_F-0-0.
Scene 5c8ec999bb6a3c00014acf5f_C_gperm_0_gnum7_dpermA-0-0_B-0-0_D-0-0_E-0-0_F-0-0 already processed properly, skipping...
Scene 5e3ae8e5ebfb032f9058ef33_D_gperm_0_gnum1_dpermA-0-0_B-0-0_C-0-0_E-0-0_F-0-0 already processed properly, skipping...
Scene 62b0b9d60841bfa66838f436_B_gperm_0_gnum1_dpermA-0-0_C-0-0_D-0-0_E-0-0_F-0-0 already processed properly, skipping...
Scene 630386f64c5bbd56ab1c3b0f_B_gperm_0_gnum2_dpermA-0-0_C-0-0_D-0-0_E-0-0_F-0-0 already processed properly, skipping...
Scene 630386f64c5bbd56ab1c3b0f_E_gperm_0_gnum7_dpermA-0-0_B-0-0_C-0-0_D-0-0_F-0-0 already processed properly, skipping...
Scene 62b0b9d60841bfa66838f436_E_gperm_0_gnum4_dpermA-0-0_B-0-0_C-0-0_D-0-0_F-0-0 already processed properly, skipping...
Scene 5d1b4ec634783e0001336019_D_gperm_0_gnum1_dpermA-0-0_B-0-0_C-0-0_E-0-0_F-0-0 already processed properly, skipping...
Scene 6111c4865701e1ba367af3e3_F_gperm_0_gnum4_dpermA-0-0_B-0-0_C-0-0_D-0-0_E-0-0 already processed properly, skipping...
Scene 5a907927873cda0001dc4719_C_gperm_0_gnum1_dpermA-0-0_B-0-0_D-0-0_E-0-0_F-0-0 already processed properly, skipping...
Scene 5d6ac7e17658a1001a8c63b2_E_gperm_0_gnum2_dpermA-0-0_B-0-0_C-0-0_D-0-0_F-0-0 already processed properly, skipping...
Scene 605fe9680cac2ea943d411ec_F_gperm_0_gnum4_dpermA-0-0_B-0-0_C-0-0_D-0-0_E-0-0 already processed properly, skipping...
Scene 5c8ec999bb6a3c00014acf5f_A_gperm_0_gnum3_dpermB-0-0_C-0-0_D-0-0_E-0-0_F-0-0 already processed properly, skipping...
Scene 5c4a428161c51f0001e96b3f_B_gperm_0_gnum3_dpermA-0-0_C-0-0_D-0-0_E-0-0_F-0-0 already processed properly, skipping...
Scene 5c8ec999bb6a3c00014acf5f_C_gperm_0_gnum2_dpermA-0-0_B-0-0_D-0-0_E-0-0_F-0-0 already processed properly, skipping...
Scene 5d6ac7e17658a1001a8c63b2_B_gperm_0_gnum7_dpermA-0-0_C-0-0_D-0-0_E-0-0_F-0-0 already processed properly, skipping...
Scene 5c4a428161c51f0001e96b3f_E_gperm_0_gnum6_dpermA-0-0_B-0-0_C-0-0_D-0-0_F-0-0 already processed properly, skipping...
Scene 56cb15ad64c068000b4d7ca5_D_gperm_0_gnum4_dpermA-0-0_B-0-0_C-0-0_E-0-0_F-0-0 already processed properly, skipping...
Scene 637058f9e7a26c452d1cc49a_C_gperm_0_gnum9_dpermA-0-0_B-0-0_D-0-0_E-0-0_F-0-0 already processed properly, skipping...
Scene 5a792c898fe2dc0001058c3b_F_gperm_0_gnum4_dpermA-0-0_B-0-0_C-0-0_D-0-0_E-0-0 already processed properly, skipping...
Scene 6111c4865701e1ba367af3e3_E_gperm_0_gnum11_dpermA-0-0_B-0-0_C-0-0_D-0-0_F-0-0 already processed properly, skipping...
Scene 637058f9e7a26c452d1cc49a_A_gperm_0_gnum8_dpermB-0-0_C-0-0_D-0-0_E-0-0_F-0-0 already processed properly, skipping...
Scene 637058f9e7a26c452d1cc49a_B_gperm_0_gnum4_dpermA-0-0_C-0-0_D-0-0_E-0-0_F-0-0 already processed properly, skipping...
Scene 630386f64c5bbd56ab1c3b0f_F_gperm_0_gnum6_dpermA-0-0_B-0-0_C-0-0_D-0-0_E-0-0 already processed properly, skipping...
Scene 62b0b9d60841bfa66838f436_F_gperm_0_gnum5_dpermA-0-0_B-0-0_C-0-0_D-0-0_E-0-0 already processed properly, skipping...
Scene 637058f9e7a26c452d1cc49a_E_gperm_0_gnum1_dpermA-0-0_B-0-0_C-0-0_D-0-0_F-0-0 already processed properly, skipping...
Scene 5a907927873cda0001dc4719_D_gperm_0_gnum2_dpermA-0-0_B-0-0_C-0-0_E-0-0_F-0-0 already processed properly, skipping...
Scene 5c8ec999bb6a3c00014acf5f_D_gperm_0_gnum1_dpermA-0-0_B-0-0_C-0-0_E-0-0_F-0-0 already processed properly, skipping...
605fe9680cac2ea943d411ec_E_gperm_0_gnum12_dpermA-0-0_B-0-0_C-0-0_D-0-0_F-0-0 has incomplete prediction, reprocessing...

==========Scene 605fe9680cac2ea943d411ec_E_gperm_0_gnum12_dpermA-0-0_B-0-0_C-0-0_D-0-0_F-0-0==========
Unplaced objects: ['cereal bowl', 'ketchup bottle 2', 'wine bottle 2', 'saucepan', 'tea pot', 'cheese', 'china plate 2', 'carrot', 'peanut butter', 'peanut butter 2', 'carrot 2', 'tea pot 2']
Placement response: <pick_and_place("cereal bowl", "cabinet top shelf")
pick_and_place("ketchup bottle 2", "cabinet top shelf")
pick_and_place("cheese", "cabinet top shelf")
pick_and_place("carrot", "cabinet top shelf")
pick_and_place("peanut butter", "cabinet top shelf")
pick_and_place("peanut butter 2", "cabinet top shelf")
pick_and_place("carrot 2", "cabinet top shelf")
pick_and_place("saucepan", "cabinet middle shelf")
pick_and_place("tea pot", "cabinet middle shelf")
pick_and_place("china plate 2", "cabinet middle shelf")
pick_and_place("tea pot 2", "cabinet middle shelf")>
No matching placement for object wine bottle, skipping.
Scene still has unplaced objects: ['wine bottle']
Warning: Scene 605fe9680cac2ea943d411ec_E_gperm_0_gnum12_dpermA-0-0_B-0-0_C-0-0_D-0-0_F-0-0 still has unplaced objects.
Done
