Running command: srun -u /coc/flash5/kvr6/anaconda3/envs/declutter/bin/python -u run_apricot_noquery.py
Processing fold: fold_1
Number of users passing ACQ: 81
Number of scenes: 741
Scene 5c4a428161c51f0001e96b3f_A_gperm_0_gnum2_dpermB-0-0_C-0-0_D-0-0_E-0-0_F-0-0 already processed, skipping...
Scene 5c8ec999bb6a3c00014acf5f_B_gperm_0_gnum2_dpermA-0-0_C-0-0_D-0-0_E-0-0_F-0-0 already processed, skipping...
Scene 630386f64c5bbd56ab1c3b0f_C_gperm_0_gnum2_dpermA-0-0_B-0-0_D-0-0_E-0-0_F-0-0 already processed, skipping...
Scene 62b0b9d60841bfa66838f436_D_gperm_0_gnum2_dpermA-0-0_B-0-0_C-0-0_E-0-0_F-0-0 already processed, skipping...
Scene 5d6ac7e17658a1001a8c63b2_D_gperm_0_gnum4_dpermA-0-0_B-0-0_C-0-0_E-0-0_F-0-0 already processed, skipping...
Scene 637058f9e7a26c452d1cc49a_C_gperm_0_gnum4_dpermA-0-0_B-0-0_D-0-0_E-0-0_F-0-0 already processed, skipping...
Scene 5c4a428161c51f0001e96b3f_D_gperm_0_gnum4_dpermA-0-0_B-0-0_C-0-0_E-0-0_F-0-0 already processed, skipping...
Scene 637058f9e7a26c452d1cc49a_E_gperm_0_gnum8_dpermA-0-0_B-0-0_C-0-0_D-0-0_F-0-0 already processed, skipping...
Scene 5d6ac7e17658a1001a8c63b2_A_gperm_0_gnum2_dpermB-0-0_C-0-0_D-0-0_E-0-0_F-0-0 already processed, skipping...
Scene 62b0b9d60841bfa66838f436_A_gperm_0_gnum4_dpermB-0-0_C-0-0_D-0-0_E-0-0_F-0-0 already processed, skipping...
Scene 637058f9e7a26c452d1cc49a_C_gperm_0_gnum8_dpermA-0-0_B-0-0_D-0-0_E-0-0_F-0-0 already processed, skipping...
Scene 5c4a428161c51f0001e96b3f_B_gperm_0_gnum2_dpermA-0-0_C-0-0_D-0-0_E-0-0_F-0-0 already processed, skipping...
Scene 62b0b9d60841bfa66838f436_F_gperm_0_gnum4_dpermA-0-0_B-0-0_C-0-0_D-0-0_E-0-0 already processed, skipping...
Scene 5d6ac7e17658a1001a8c63b2_F_gperm_0_gnum2_dpermA-0-0_B-0-0_C-0-0_D-0-0_E-0-0 already processed, skipping...
Scene 637058f9e7a26c452d1cc49a_E_gperm_0_gnum4_dpermA-0-0_B-0-0_C-0-0_D-0-0_F-0-0 already processed, skipping...
Scene 5c4a428161c51f0001e96b3f_F_gperm_0_gnum2_dpermA-0-0_B-0-0_C-0-0_D-0-0_E-0-0 already processed, skipping...
Scene 630386f64c5bbd56ab1c3b0f_E_gperm_0_gnum2_dpermA-0-0_B-0-0_C-0-0_D-0-0_F-0-0 already processed, skipping...
Scene 62b0b9d60841bfa66838f436_B_gperm_0_gnum4_dpermA-0-0_C-0-0_D-0-0_E-0-0_F-0-0 already processed, skipping...
Scene 5d6ac7e17658a1001a8c63b2_B_gperm_0_gnum2_dpermA-0-0_C-0-0_D-0-0_E-0-0_F-0-0 already processed, skipping...
Scene 5c4a428161c51f0001e96b3f_D_gperm_0_gnum8_dpermA-0-0_B-0-0_C-0-0_E-0-0_F-0-0 already processed, skipping...
Scene 630386f64c5bbd56ab1c3b0f_B_gperm_0_gnum2_dpermA-0-0_C-0-0_D-0-0_E-0-0_F-0-0 already processed, skipping...
Scene 62b0b9d60841bfa66838f436_E_gperm_0_gnum4_dpermA-0-0_B-0-0_C-0-0_D-0-0_F-0-0 already processed, skipping...
Scene 5d6ac7e17658a1001a8c63b2_E_gperm_0_gnum2_dpermA-0-0_B-0-0_C-0-0_D-0-0_F-0-0 already processed, skipping...
Scene 637058f9e7a26c452d1cc49a_A_gperm_0_gnum8_dpermB-0-0_C-0-0_D-0-0_E-0-0_F-0-0 already processed, skipping...
Scene 637058f9e7a26c452d1cc49a_B_gperm_0_gnum4_dpermA-0-0_C-0-0_D-0-0_E-0-0_F-0-0 already processed, skipping...
Scene 630386f64c5bbd56ab1c3b0f_F_gperm_0_gnum2_dpermA-0-0_B-0-0_C-0-0_D-0-0_E-0-0 already processed, skipping...
Scene 637058f9e7a26c452d1cc49a_F_gperm_0_gnum4_dpermA-0-0_B-0-0_C-0-0_D-0-0_E-0-0 already processed, skipping...
Scene 5c4a428161c51f0001e96b3f_E_gperm_0_gnum2_dpermA-0-0_B-0-0_C-0-0_D-0-0_F-0-0 already processed, skipping...
Scene 637058f9e7a26c452d1cc49a_B_gperm_0_gnum8_dpermA-0-0_C-0-0_D-0-0_E-0-0_F-0-0 already processed, skipping...
Scene 5c4a428161c51f0001e96b3f_C_gperm_0_gnum2_dpermA-0-0_B-0-0_D-0-0_E-0-0_F-0-0 already processed, skipping...
Scene 630386f64c5bbd56ab1c3b0f_A_gperm_0_gnum2_dpermB-0-0_C-0-0_D-0-0_E-0-0_F-0-0 already processed, skipping...
Scene 637058f9e7a26c452d1cc49a_A_gperm_0_gnum4_dpermB-0-0_C-0-0_D-0-0_E-0-0_F-0-0 already processed, skipping...
Scene 630386f64c5bbd56ab1c3b0f_D_gperm_0_gnum4_dpermA-0-0_B-0-0_C-0-0_E-0-0_F-0-0 already processed, skipping...
Scene 637058f9e7a26c452d1cc49a_F_gperm_0_gnum8_dpermA-0-0_B-0-0_C-0-0_D-0-0_E-0-0 already processed, skipping...
Scene 5d6ac7e17658a1001a8c63b2_C_gperm_0_gnum2_dpermA-0-0_B-0-0_D-0-0_E-0-0_F-0-0 already processed, skipping...
Scene 637058f9e7a26c452d1cc49a_D_gperm_0_gnum2_dpermA-0-0_B-0-0_C-0-0_E-0-0_F-0-0 already processed, skipping...
Scene 62b0b9d60841bfa66838f436_C_gperm_0_gnum4_dpermA-0-0_B-0-0_D-0-0_E-0-0_F-0-0 already processed, skipping...
Scene 5c4a428161c51f0001e96b3f_E_gperm_0_gnum4_dpermA-0-0_B-0-0_C-0-0_D-0-0_F-0-0 already processed, skipping...
Scene 637058f9e7a26c452d1cc49a_F_gperm_0_gnum2_dpermA-0-0_B-0-0_C-0-0_D-0-0_E-0-0 already processed, skipping...
Scene 637058f9e7a26c452d1cc49a_D_gperm_0_gnum8_dpermA-0-0_B-0-0_C-0-0_E-0-0_F-0-0 already processed, skipping...
Scene 5d6ac7e17658a1001a8c63b2_C_gperm_0_gnum8_dpermA-0-0_B-0-0_D-0-0_E-0-0_F-0-0 already processed, skipping...
Scene 630386f64c5bbd56ab1c3b0f_F_gperm_0_gnum4_dpermA-0-0_B-0-0_C-0-0_D-0-0_E-0-0 already processed, skipping...
Scene 630386f64c5bbd56ab1c3b0f_A_gperm_0_gnum8_dpermB-0-0_C-0-0_D-0-0_E-0-0_F-0-0 already processed, skipping...
Scene 637058f9e7a26c452d1cc49a_B_gperm_0_gnum2_dpermA-0-0_C-0-0_D-0-0_E-0-0_F-0-0 already processed, skipping...
Scene 5c4a428161c51f0001e96b3f_C_gperm_0_gnum8_dpermA-0-0_B-0-0_D-0-0_E-0-0_F-0-0 already processed, skipping...
Scene 5d6ac7e17658a1001a8c63b2_E_gperm_0_gnum4_dpermA-0-0_B-0-0_C-0-0_D-0-0_F-0-0 already processed, skipping...
Scene 630386f64c5bbd56ab1c3b0f_B_gperm_0_gnum4_dpermA-0-0_C-0-0_D-0-0_E-0-0_F-0-0 already processed, skipping...
Scene 62b0b9d60841bfa66838f436_E_gperm_0_gnum2_dpermA-0-0_B-0-0_C-0-0_D-0-0_F-0-0 already processed, skipping...
Scene 62b0b9d60841bfa66838f436_C_gperm_0_gnum2_dpermA-0-0_B-0-0_D-0-0_E-0-0_F-0-0 already processed, skipping...
Scene 5d6ac7e17658a1001a8c63b2_C_gperm_0_gnum4_dpermA-0-0_B-0-0_D-0-0_E-0-0_F-0-0 already processed, skipping...
Scene 637058f9e7a26c452d1cc49a_D_gperm_0_gnum4_dpermA-0-0_B-0-0_C-0-0_E-0-0_F-0-0 already processed, skipping...
Done processing scene 630386f64c5bbd56ab1c3b0f_F_gperm_0_gnum8_dpermA-0-0_B-0-0_C-0-0_D-0-0_E-0-0.
Scene 5c4a428161c51f0001e96b3f_E_gperm_0_gnum8_dpermA-0-0_B-0-0_C-0-0_D-0-0_F-0-0 already processed, skipping...
Scene 630386f64c5bbd56ab1c3b0f_D_gperm_0_gnum2_dpermA-0-0_B-0-0_C-0-0_E-0-0_F-0-0 already processed, skipping...
Scene 5d6ac7e17658a1001a8c63b2_E_gperm_0_gnum8_dpermA-0-0_B-0-0_C-0-0_D-0-0_F-0-0 already processed, skipping...
Scene 637058f9e7a26c452d1cc49a_A_gperm_0_gnum2_dpermB-0-0_C-0-0_D-0-0_E-0-0_F-0-0 already processed, skipping...
Scene 630386f64c5bbd56ab1c3b0f_A_gperm_0_gnum4_dpermB-0-0_C-0-0_D-0-0_E-0-0_F-0-0 already processed, skipping...
Scene 5c4a428161c51f0001e96b3f_C_gperm_0_gnum4_dpermA-0-0_B-0-0_D-0-0_E-0-0_F-0-0 already processed, skipping...
Scene 5c4a428161c51f0001e96b3f_F_gperm_0_gnum8_dpermA-0-0_B-0-0_C-0-0_D-0-0_E-0-0 already processed, skipping...
Scene 62b0b9d60841bfa66838f436_A_gperm_0_gnum2_dpermB-0-0_C-0-0_D-0-0_E-0-0_F-0-0 already processed, skipping...
Scene 5d6ac7e17658a1001a8c63b2_A_gperm_0_gnum4_dpermB-0-0_C-0-0_D-0-0_E-0-0_F-0-0 already processed, skipping...
Scene 5d6ac7e17658a1001a8c63b2_B_gperm_0_gnum8_dpermA-0-0_C-0-0_D-0-0_E-0-0_F-0-0 already processed, skipping...
Scene 5c4a428161c51f0001e96b3f_D_gperm_0_gnum2_dpermA-0-0_B-0-0_C-0-0_E-0-0_F-0-0 already processed, skipping...
Scene 630386f64c5bbd56ab1c3b0f_E_gperm_0_gnum8_dpermA-0-0_B-0-0_C-0-0_D-0-0_F-0-0 already processed, skipping...
Scene 5d6ac7e17658a1001a8c63b2_D_gperm_0_gnum2_dpermA-0-0_B-0-0_C-0-0_E-0-0_F-0-0 already processed, skipping...
Scene 637058f9e7a26c452d1cc49a_C_gperm_0_gnum2_dpermA-0-0_B-0-0_D-0-0_E-0-0_F-0-0 already processed, skipping...
Scene 5c4a428161c51f0001e96b3f_B_gperm_0_gnum8_dpermA-0-0_C-0-0_D-0-0_E-0-0_F-0-0 already processed, skipping...
Scene 62b0b9d60841bfa66838f436_D_gperm_0_gnum4_dpermA-0-0_B-0-0_C-0-0_E-0-0_F-0-0 already processed, skipping...
Scene 630386f64c5bbd56ab1c3b0f_C_gperm_0_gnum4_dpermA-0-0_B-0-0_D-0-0_E-0-0_F-0-0 already processed, skipping...
Scene 5d6ac7e17658a1001a8c63b2_F_gperm_0_gnum8_dpermA-0-0_B-0-0_C-0-0_D-0-0_E-0-0 already processed, skipping...
Scene 5c4a428161c51f0001e96b3f_A_gperm_0_gnum4_dpermB-0-0_C-0-0_D-0-0_E-0-0_F-0-0 already processed, skipping...
Scene 5d6ac7e17658a1001a8c63b2_B_gperm_0_gnum4_dpermA-0-0_C-0-0_D-0-0_E-0-0_F-0-0 already processed, skipping...
Scene 630386f64c5bbd56ab1c3b0f_E_gperm_0_gnum4_dpermA-0-0_B-0-0_C-0-0_D-0-0_F-0-0 already processed, skipping...
Scene 62b0b9d60841bfa66838f436_B_gperm_0_gnum2_dpermA-0-0_C-0-0_D-0-0_E-0-0_F-0-0 already processed, skipping...
Scene 5c4a428161c51f0001e96b3f_F_gperm_0_gnum4_dpermA-0-0_B-0-0_C-0-0_D-0-0_E-0-0 already processed, skipping...
Scene 637058f9e7a26c452d1cc49a_E_gperm_0_gnum2_dpermA-0-0_B-0-0_C-0-0_D-0-0_F-0-0 already processed, skipping...
Scene 5d6ac7e17658a1001a8c63b2_F_gperm_0_gnum4_dpermA-0-0_B-0-0_C-0-0_D-0-0_E-0-0 already processed, skipping...
Scene 62b0b9d60841bfa66838f436_F_gperm_0_gnum2_dpermA-0-0_B-0-0_C-0-0_D-0-0_E-0-0 already processed, skipping...
Scene 5c4a428161c51f0001e96b3f_A_gperm_0_gnum8_dpermB-0-0_C-0-0_D-0-0_E-0-0_F-0-0 already processed, skipping...
Scene 5c4a428161c51f0001e96b3f_B_gperm_0_gnum4_dpermA-0-0_C-0-0_D-0-0_E-0-0_F-0-0 already processed, skipping...
Processing fold: fold_2
Number of users passing ACQ: 81
Number of scenes: 737
Scene 63052f20afc39e87110eb83e_A_gperm_0_gnum4_dpermB-0-0_C-0-0_D-0-0_E-0-0_F-0-0 already processed, skipping...
Scene 63d5a05179cf91a6e6a652cb_D_gperm_0_gnum2_dpermA-0-0_B-0-0_C-0-0_E-0-0_F-0-0 already processed, skipping...
Scene 615e1782e969d4939045c54f_C_gperm_0_gnum8_dpermA-0-0_B-0-0_D-0-0_E-0-0_F-0-0 already processed, skipping...
Scene 60fcb7afde5ab78707e377d6_E_gperm_0_gnum8_dpermA-0-0_B-0-0_C-0-0_D-0-0_F-0-0 already processed, skipping...
Scene 63052f20afc39e87110eb83e_B_gperm_0_gnum8_dpermA-0-0_C-0-0_D-0-0_E-0-0_F-0-0 already processed, skipping...
Scene 615e1782e969d4939045c54f_E_gperm_0_gnum4_dpermA-0-0_B-0-0_C-0-0_D-0-0_F-0-0 already processed, skipping...
Scene 63d5a05179cf91a6e6a652cb_A_gperm_0_gnum4_dpermB-0-0_C-0-0_D-0-0_E-0-0_F-0-0 already processed, skipping...
Scene 60fcb7afde5ab78707e377d6_C_gperm_0_gnum4_dpermA-0-0_B-0-0_D-0-0_E-0-0_F-0-0 already processed, skipping...
Scene 5e0571b7e297d5fa932cf415_E_gperm_0_gnum4_dpermA-0-0_B-0-0_C-0-0_D-0-0_F-0-0 already processed, skipping...
Scene 63052f20afc39e87110eb83e_D_gperm_0_gnum2_dpermA-0-0_B-0-0_C-0-0_E-0-0_F-0-0 already processed, skipping...
Scene 63d5a05179cf91a6e6a652cb_B_gperm_0_gnum8_dpermA-0-0_C-0-0_D-0-0_E-0-0_F-0-0 already processed, skipping...
Scene 63052f20afc39e87110eb83e_B_gperm_0_gnum4_dpermA-0-0_C-0-0_D-0-0_E-0-0_F-0-0 already processed, skipping...
Scene 63d5a05179cf91a6e6a652cb_F_gperm_0_gnum4_dpermA-0-0_B-0-0_C-0-0_D-0-0_E-0-0 already processed, skipping...
Scene 63052f20afc39e87110eb83e_A_gperm_0_gnum8_dpermB-0-0_C-0-0_D-0-0_E-0-0_F-0-0 already processed, skipping...
Scene 615e1782e969d4939045c54f_C_gperm_0_gnum4_dpermA-0-0_B-0-0_D-0-0_E-0-0_F-0-0 already processed, skipping...
Scene 60fcb7afde5ab78707e377d6_E_gperm_0_gnum4_dpermA-0-0_B-0-0_C-0-0_D-0-0_F-0-0 already processed, skipping...
Scene 63d5a05179cf91a6e6a652cb_B_gperm_0_gnum4_dpermA-0-0_C-0-0_D-0-0_E-0-0_F-0-0 already processed, skipping...
Scene 63052f20afc39e87110eb83e_F_gperm_0_gnum4_dpermA-0-0_B-0-0_C-0-0_D-0-0_E-0-0 already processed, skipping...
Scene 615e1782e969d4939045c54f_E_gperm_0_gnum8_dpermA-0-0_B-0-0_C-0-0_D-0-0_F-0-0 already processed, skipping...
Scene 60fcb7afde5ab78707e377d6_C_gperm_0_gnum8_dpermA-0-0_B-0-0_D-0-0_E-0-0_F-0-0 already processed, skipping...
Scene 60fcb7afde5ab78707e377d6_F_gperm_0_gnum4_dpermA-0-0_B-0-0_C-0-0_D-0-0_E-0-0 already processed, skipping...
Scene 5e0571b7e297d5fa932cf415_A_gperm_0_gnum4_dpermB-0-0_C-0-0_D-0-0_E-0-0_F-0-0 already processed, skipping...
Scene 63d5a05179cf91a6e6a652cb_E_gperm_0_gnum4_dpermA-0-0_B-0-0_C-0-0_D-0-0_F-0-0 already processed, skipping...
Scene 615e1782e969d4939045c54f_A_gperm_0_gnum4_dpermB-0-0_C-0-0_D-0-0_E-0-0_F-0-0 already processed, skipping...
Scene 615e1782e969d4939045c54f_F_gperm_0_gnum8_dpermA-0-0_B-0-0_C-0-0_D-0-0_E-0-0 already processed, skipping...
Scene 60fcb7afde5ab78707e377d6_B_gperm_0_gnum4_dpermA-0-0_C-0-0_D-0-0_E-0-0_F-0-0 already processed, skipping...
Scene 63d5a05179cf91a6e6a652cb_C_gperm_0_gnum8_dpermA-0-0_B-0-0_D-0-0_E-0-0_F-0-0 already processed, skipping...
Scene 615e1782e969d4939045c54f_D_gperm_0_gnum2_dpermA-0-0_B-0-0_C-0-0_E-0-0_F-0-0 already processed, skipping...
Scene 5e0571b7e297d5fa932cf415_D_gperm_0_gnum2_dpermA-0-0_B-0-0_C-0-0_E-0-0_F-0-0 already processed, skipping...
Scene 63052f20afc39e87110eb83e_E_gperm_0_gnum4_dpermA-0-0_B-0-0_C-0-0_D-0-0_F-0-0 already processed, skipping...
Scene 63052f20afc39e87110eb83e_C_gperm_0_gnum4_dpermA-0-0_B-0-0_D-0-0_E-0-0_F-0-0 already processed, skipping...
Scene 63d5a05179cf91a6e6a652cb_E_gperm_0_gnum8_dpermA-0-0_B-0-0_C-0-0_D-0-0_F-0-0 already processed, skipping...
Scene 615e1782e969d4939045c54f_A_gperm_0_gnum8_dpermB-0-0_C-0-0_D-0-0_E-0-0_F-0-0 already processed, skipping...
Scene 60fcb7afde5ab78707e377d6_D_gperm_0_gnum2_dpermA-0-0_B-0-0_C-0-0_E-0-0_F-0-0 already processed, skipping...
Scene 615e1782e969d4939045c54f_B_gperm_0_gnum4_dpermA-0-0_C-0-0_D-0-0_E-0-0_F-0-0 already processed, skipping...
Scene 60fcb7afde5ab78707e377d6_F_gperm_0_gnum8_dpermA-0-0_B-0-0_C-0-0_D-0-0_E-0-0 already processed, skipping...
Scene 5e0571b7e297d5fa932cf415_B_gperm_0_gnum4_dpermA-0-0_C-0-0_D-0-0_E-0-0_F-0-0 already processed, skipping...
Scene 63d5a05179cf91a6e6a652cb_C_gperm_0_gnum4_dpermA-0-0_B-0-0_D-0-0_E-0-0_F-0-0 already processed, skipping...
Scene 60fcb7afde5ab78707e377d6_A_gperm_0_gnum4_dpermB-0-0_C-0-0_D-0-0_E-0-0_F-0-0 already processed, skipping...
Done processing scene 615e1782e969d4939045c54f_F_gperm_0_gnum4_dpermA-0-0_B-0-0_C-0-0_D-0-0_E-0-0.
Scene 60fcb7afde5ab78707e377d6_B_gperm_0_gnum8_dpermA-0-0_C-0-0_D-0-0_E-0-0_F-0-0 already processed, skipping...
Scene 5e0571b7e297d5fa932cf415_F_gperm_0_gnum4_dpermA-0-0_B-0-0_C-0-0_D-0-0_E-0-0 already processed, skipping...
Scene 63052f20afc39e87110eb83e_E_gperm_0_gnum2_dpermA-0-0_B-0-0_C-0-0_D-0-0_F-0-0 already processed, skipping...
Scene 5e0571b7e297d5fa932cf415_D_gperm_0_gnum4_dpermA-0-0_B-0-0_C-0-0_E-0-0_F-0-0 already processed, skipping...
Scene 615e1782e969d4939045c54f_D_gperm_0_gnum4_dpermA-0-0_B-0-0_C-0-0_E-0-0_F-0-0 already processed, skipping...
Scene 60fcb7afde5ab78707e377d6_B_gperm_0_gnum2_dpermA-0-0_C-0-0_D-0-0_E-0-0_F-0-0 already processed, skipping...
Scene 63d5a05179cf91a6e6a652cb_E_gperm_0_gnum2_dpermA-0-0_B-0-0_C-0-0_D-0-0_F-0-0 already processed, skipping...
Scene 615e1782e969d4939045c54f_A_gperm_0_gnum2_dpermB-0-0_C-0-0_D-0-0_E-0-0_F-0-0 already processed, skipping...
Scene 60fcb7afde5ab78707e377d6_D_gperm_0_gnum8_dpermA-0-0_B-0-0_C-0-0_E-0-0_F-0-0 already processed, skipping...
Scene 5e0571b7e297d5fa932cf415_A_gperm_0_gnum2_dpermB-0-0_C-0-0_D-0-0_E-0-0_F-0-0 already processed, skipping...
Scene 60fcb7afde5ab78707e377d6_F_gperm_0_gnum2_dpermA-0-0_B-0-0_C-0-0_D-0-0_E-0-0 already processed, skipping...
Scene 5e0571b7e297d5fa932cf415_F_gperm_0_gnum2_dpermA-0-0_B-0-0_C-0-0_D-0-0_E-0-0 already processed, skipping...
Scene 615e1782e969d4939045c54f_F_gperm_0_gnum2_dpermA-0-0_B-0-0_C-0-0_D-0-0_E-0-0 already processed, skipping...
Scene 60fcb7afde5ab78707e377d6_A_gperm_0_gnum2_dpermB-0-0_C-0-0_D-0-0_E-0-0_F-0-0 already processed, skipping...
Scene 63d5a05179cf91a6e6a652cb_C_gperm_0_gnum2_dpermA-0-0_B-0-0_D-0-0_E-0-0_F-0-0 already processed, skipping...
Scene 615e1782e969d4939045c54f_D_gperm_0_gnum8_dpermA-0-0_B-0-0_C-0-0_E-0-0_F-0-0 already processed, skipping...
Scene 5e0571b7e297d5fa932cf415_B_gperm_0_gnum2_dpermA-0-0_C-0-0_D-0-0_E-0-0_F-0-0 already processed, skipping...
Scene 615e1782e969d4939045c54f_B_gperm_0_gnum2_dpermA-0-0_C-0-0_D-0-0_E-0-0_F-0-0 already processed, skipping...
Scene 60fcb7afde5ab78707e377d6_D_gperm_0_gnum4_dpermA-0-0_B-0-0_C-0-0_E-0-0_F-0-0 already processed, skipping...
Scene 63052f20afc39e87110eb83e_C_gperm_0_gnum2_dpermA-0-0_B-0-0_D-0-0_E-0-0_F-0-0 already processed, skipping...
Scene 63052f20afc39e87110eb83e_D_gperm_0_gnum4_dpermA-0-0_B-0-0_C-0-0_E-0-0_F-0-0 already processed, skipping...
Scene 5e0571b7e297d5fa932cf415_E_gperm_0_gnum2_dpermA-0-0_B-0-0_C-0-0_D-0-0_F-0-0 already processed, skipping...
Scene 615e1782e969d4939045c54f_E_gperm_0_gnum2_dpermA-0-0_B-0-0_C-0-0_D-0-0_F-0-0 already processed, skipping...
Scene 60fcb7afde5ab78707e377d6_C_gperm_0_gnum2_dpermA-0-0_B-0-0_D-0-0_E-0-0_F-0-0 already processed, skipping...
Scene 63d5a05179cf91a6e6a652cb_A_gperm_0_gnum2_dpermB-0-0_C-0-0_D-0-0_E-0-0_F-0-0 already processed, skipping...
Scene 63d5a05179cf91a6e6a652cb_D_gperm_0_gnum4_dpermA-0-0_B-0-0_C-0-0_E-0-0_F-0-0 already processed, skipping...
Scene 63052f20afc39e87110eb83e_A_gperm_0_gnum2_dpermB-0-0_C-0-0_D-0-0_E-0-0_F-0-0 already processed, skipping...
Scene 63052f20afc39e87110eb83e_D_gperm_0_gnum8_dpermA-0-0_B-0-0_C-0-0_E-0-0_F-0-0 already processed, skipping...
Scene 63d5a05179cf91a6e6a652cb_B_gperm_0_gnum2_dpermA-0-0_C-0-0_D-0-0_E-0-0_F-0-0 already processed, skipping...
Scene 63052f20afc39e87110eb83e_F_gperm_0_gnum2_dpermA-0-0_B-0-0_C-0-0_D-0-0_E-0-0 already processed, skipping...
Scene 63d5a05179cf91a6e6a652cb_D_gperm_0_gnum8_dpermA-0-0_B-0-0_C-0-0_E-0-0_F-0-0 already processed, skipping...
Scene 615e1782e969d4939045c54f_C_gperm_0_gnum2_dpermA-0-0_B-0-0_D-0-0_E-0-0_F-0-0 already processed, skipping...
Scene 60fcb7afde5ab78707e377d6_E_gperm_0_gnum2_dpermA-0-0_B-0-0_C-0-0_D-0-0_F-0-0 already processed, skipping...
Scene 5e0571b7e297d5fa932cf415_C_gperm_0_gnum2_dpermA-0-0_B-0-0_D-0-0_E-0-0_F-0-0 already processed, skipping...
Scene 63052f20afc39e87110eb83e_B_gperm_0_gnum2_dpermA-0-0_C-0-0_D-0-0_E-0-0_F-0-0 already processed, skipping...
Scene 63d5a05179cf91a6e6a652cb_F_gperm_0_gnum2_dpermA-0-0_B-0-0_C-0-0_D-0-0_E-0-0 already processed, skipping...
Processing fold: fold_3
Number of users passing ACQ: 81
Number of scenes: 711
Scene 627963ff086cb4a8ec377869_D_gperm_0_gnum2_dpermA-0-0_B-0-0_C-0-0_E-0-0_F-0-0 already processed, skipping...
Scene 615d051e2366aeb051acb734_B_gperm_0_gnum4_dpermA-0-0_C-0-0_D-0-0_E-0-0_F-0-0 already processed, skipping...
Scene 5f5353ff017c5965165df065_B_gperm_0_gnum4_dpermA-0-0_C-0-0_D-0-0_E-0-0_F-0-0 already processed, skipping...
Scene 5d23460ad4c57900192b129c_A_gperm_0_gnum2_dpermB-0-0_C-0-0_D-0-0_E-0-0_F-0-0 already processed, skipping...
Scene 5f5353ff017c5965165df065_A_gperm_0_gnum8_dpermB-0-0_C-0-0_D-0-0_E-0-0_F-0-0 already processed, skipping...
Scene 615d051e2366aeb051acb734_A_gperm_0_gnum8_dpermB-0-0_C-0-0_D-0-0_E-0-0_F-0-0 already processed, skipping...
Scene 5f5353ff017c5965165df065_F_gperm_0_gnum4_dpermA-0-0_B-0-0_C-0-0_D-0-0_E-0-0 already processed, skipping...
Scene 5fd53e2d08163d37f7cb72f6_C_gperm_0_gnum4_dpermA-0-0_B-0-0_D-0-0_E-0-0_F-0-0 already processed, skipping...
Scene 615d051e2366aeb051acb734_F_gperm_0_gnum4_dpermA-0-0_B-0-0_C-0-0_D-0-0_E-0-0 already processed, skipping...
Scene 5d23460ad4c57900192b129c_D_gperm_0_gnum4_dpermA-0-0_B-0-0_C-0-0_E-0-0_F-0-0 already processed, skipping...
Scene 627963ff086cb4a8ec377869_A_gperm_0_gnum4_dpermB-0-0_C-0-0_D-0-0_E-0-0_F-0-0 already processed, skipping...
Scene 627963ff086cb4a8ec377869_F_gperm_0_gnum4_dpermA-0-0_B-0-0_C-0-0_D-0-0_E-0-0 already processed, skipping...
Scene 5f5353ff017c5965165df065_A_gperm_0_gnum4_dpermB-0-0_C-0-0_D-0-0_E-0-0_F-0-0 already processed, skipping...
Scene 5d23460ad4c57900192b129c_B_gperm_0_gnum2_dpermA-0-0_C-0-0_D-0-0_E-0-0_F-0-0 already processed, skipping...
Scene 615d051e2366aeb051acb734_A_gperm_0_gnum4_dpermB-0-0_C-0-0_D-0-0_E-0-0_F-0-0 already processed, skipping...
Scene 615d051e2366aeb051acb734_B_gperm_0_gnum8_dpermA-0-0_C-0-0_D-0-0_E-0-0_F-0-0 already processed, skipping...
Scene 5f5353ff017c5965165df065_B_gperm_0_gnum8_dpermA-0-0_C-0-0_D-0-0_E-0-0_F-0-0 already processed, skipping...
Scene 5fd53e2d08163d37f7cb72f6_E_gperm_0_gnum4_dpermA-0-0_B-0-0_C-0-0_D-0-0_F-0-0 already processed, skipping...
Scene 627963ff086cb4a8ec377869_B_gperm_0_gnum4_dpermA-0-0_C-0-0_D-0-0_E-0-0_F-0-0 already processed, skipping...
Scene 615d051e2366aeb051acb734_D_gperm_0_gnum2_dpermA-0-0_B-0-0_C-0-0_E-0-0_F-0-0 already processed, skipping...
Scene 5f5353ff017c5965165df065_D_gperm_0_gnum2_dpermA-0-0_B-0-0_C-0-0_E-0-0_F-0-0 already processed, skipping...
Scene 5d23460ad4c57900192b129c_F_gperm_0_gnum2_dpermA-0-0_B-0-0_C-0-0_D-0-0_E-0-0 already processed, skipping...
Scene 5f5353ff017c5965165df065_F_gperm_0_gnum8_dpermA-0-0_B-0-0_C-0-0_D-0-0_E-0-0 already processed, skipping...
Scene 5d23460ad4c57900192b129c_D_gperm_0_gnum8_dpermA-0-0_B-0-0_C-0-0_E-0-0_F-0-0 already processed, skipping...
Scene 627963ff086cb4a8ec377869_A_gperm_0_gnum8_dpermB-0-0_C-0-0_D-0-0_E-0-0_F-0-0 already processed, skipping...
Scene 615d051e2366aeb051acb734_C_gperm_0_gnum4_dpermA-0-0_B-0-0_D-0-0_E-0-0_F-0-0 already processed, skipping...
Scene 5f5353ff017c5965165df065_C_gperm_0_gnum4_dpermA-0-0_B-0-0_D-0-0_E-0-0_F-0-0 already processed, skipping...
Scene 5fd53e2d08163d37f7cb72f6_F_gperm_0_gnum4_dpermA-0-0_B-0-0_C-0-0_D-0-0_E-0-0 already processed, skipping...
Scene 627963ff086cb4a8ec377869_E_gperm_0_gnum4_dpermA-0-0_B-0-0_C-0-0_D-0-0_F-0-0 already processed, skipping...
Scene 5f5353ff017c5965165df065_E_gperm_0_gnum8_dpermA-0-0_B-0-0_C-0-0_D-0-0_F-0-0 already processed, skipping...
Scene 5fd53e2d08163d37f7cb72f6_B_gperm_0_gnum4_dpermA-0-0_C-0-0_D-0-0_E-0-0_F-0-0 already processed, skipping...
Scene 627963ff086cb4a8ec377869_C_gperm_0_gnum8_dpermA-0-0_B-0-0_D-0-0_E-0-0_F-0-0 already processed, skipping...
Scene 5d23460ad4c57900192b129c_E_gperm_0_gnum2_dpermA-0-0_B-0-0_C-0-0_D-0-0_F-0-0 already processed, skipping...
Scene 5d23460ad4c57900192b129c_C_gperm_0_gnum2_dpermA-0-0_B-0-0_D-0-0_E-0-0_F-0-0 already processed, skipping...
Scene 627963ff086cb4a8ec377869_E_gperm_0_gnum8_dpermA-0-0_B-0-0_C-0-0_D-0-0_F-0-0 already processed, skipping...
Scene 5fd53e2d08163d37f7cb72f6_D_gperm_0_gnum2_dpermA-0-0_B-0-0_C-0-0_E-0-0_F-0-0 already processed, skipping...
Scene 5f5353ff017c5965165df065_C_gperm_0_gnum8_dpermA-0-0_B-0-0_D-0-0_E-0-0_F-0-0 already processed, skipping...
Scene 5fd53e2d08163d37f7cb72f6_A_gperm_0_gnum4_dpermB-0-0_C-0-0_D-0-0_E-0-0_F-0-0 already processed, skipping...
Scene 627963ff086cb4a8ec377869_C_gperm_0_gnum4_dpermA-0-0_B-0-0_D-0-0_E-0-0_F-0-0 already processed, skipping...
Scene 615d051e2366aeb051acb734_E_gperm_0_gnum4_dpermA-0-0_B-0-0_C-0-0_D-0-0_F-0-0 already processed, skipping...
Scene 5f5353ff017c5965165df065_E_gperm_0_gnum4_dpermA-0-0_B-0-0_C-0-0_D-0-0_F-0-0 already processed, skipping...
Scene 5d23460ad4c57900192b129c_E_gperm_0_gnum4_dpermA-0-0_B-0-0_C-0-0_D-0-0_F-0-0 already processed, skipping...
Scene 5fd53e2d08163d37f7cb72f6_B_gperm_0_gnum2_dpermA-0-0_C-0-0_D-0-0_E-0-0_F-0-0 already processed, skipping...
Scene 627963ff086cb4a8ec377869_E_gperm_0_gnum2_dpermA-0-0_B-0-0_C-0-0_D-0-0_F-0-0 already processed, skipping...
Scene 615d051e2366aeb051acb734_C_gperm_0_gnum2_dpermA-0-0_B-0-0_D-0-0_E-0-0_F-0-0 already processed, skipping...
Scene 5fd53e2d08163d37f7cb72f6_F_gperm_0_gnum2_dpermA-0-0_B-0-0_C-0-0_D-0-0_E-0-0 already processed, skipping...
Scene 5f5353ff017c5965165df065_C_gperm_0_gnum2_dpermA-0-0_B-0-0_D-0-0_E-0-0_F-0-0 already processed, skipping...
Scene 615d051e2366aeb051acb734_E_gperm_0_gnum2_dpermA-0-0_B-0-0_C-0-0_D-0-0_F-0-0 already processed, skipping...
Scene 5f5353ff017c5965165df065_E_gperm_0_gnum2_dpermA-0-0_B-0-0_C-0-0_D-0-0_F-0-0 already processed, skipping...
Scene 627963ff086cb4a8ec377869_C_gperm_0_gnum2_dpermA-0-0_B-0-0_D-0-0_E-0-0_F-0-0 already processed, skipping...
Scene 5fd53e2d08163d37f7cb72f6_A_gperm_0_gnum2_dpermB-0-0_C-0-0_D-0-0_E-0-0_F-0-0 already processed, skipping...
Scene 5d23460ad4c57900192b129c_C_gperm_0_gnum4_dpermA-0-0_B-0-0_D-0-0_E-0-0_F-0-0 already processed, skipping...
Scene 615d051e2366aeb051acb734_D_gperm_0_gnum8_dpermA-0-0_B-0-0_C-0-0_E-0-0_F-0-0 already processed, skipping...
Scene 5f5353ff017c5965165df065_D_gperm_0_gnum8_dpermA-0-0_B-0-0_C-0-0_E-0-0_F-0-0 already processed, skipping...
Scene 5d23460ad4c57900192b129c_D_gperm_0_gnum2_dpermA-0-0_B-0-0_C-0-0_E-0-0_F-0-0 already processed, skipping...
Scene 627963ff086cb4a8ec377869_A_gperm_0_gnum2_dpermB-0-0_C-0-0_D-0-0_E-0-0_F-0-0 already processed, skipping...
Scene 5fd53e2d08163d37f7cb72f6_C_gperm_0_gnum2_dpermA-0-0_B-0-0_D-0-0_E-0-0_F-0-0 already processed, skipping...
Scene 5f5353ff017c5965165df065_F_gperm_0_gnum2_dpermA-0-0_B-0-0_C-0-0_D-0-0_E-0-0 already processed, skipping...
Scene 615d051e2366aeb051acb734_F_gperm_0_gnum2_dpermA-0-0_B-0-0_C-0-0_D-0-0_E-0-0 already processed, skipping...
Scene 5d23460ad4c57900192b129c_B_gperm_0_gnum8_dpermA-0-0_C-0-0_D-0-0_E-0-0_F-0-0 already processed, skipping...
Scene 615d051e2366aeb051acb734_B_gperm_0_gnum2_dpermA-0-0_C-0-0_D-0-0_E-0-0_F-0-0 already processed, skipping...
Scene 627963ff086cb4a8ec377869_D_gperm_0_gnum4_dpermA-0-0_B-0-0_C-0-0_E-0-0_F-0-0 already processed, skipping...
Scene 5d23460ad4c57900192b129c_A_gperm_0_gnum4_dpermB-0-0_C-0-0_D-0-0_E-0-0_F-0-0 already processed, skipping...
Scene 5f5353ff017c5965165df065_B_gperm_0_gnum2_dpermA-0-0_C-0-0_D-0-0_E-0-0_F-0-0 already processed, skipping...
Scene 5d23460ad4c57900192b129c_F_gperm_0_gnum4_dpermA-0-0_B-0-0_C-0-0_D-0-0_E-0-0 already processed, skipping...
Scene 615d051e2366aeb051acb734_D_gperm_0_gnum4_dpermA-0-0_B-0-0_C-0-0_E-0-0_F-0-0 already processed, skipping...
Scene 627963ff086cb4a8ec377869_B_gperm_0_gnum2_dpermA-0-0_C-0-0_D-0-0_E-0-0_F-0-0 already processed, skipping...
Scene 5f5353ff017c5965165df065_D_gperm_0_gnum4_dpermA-0-0_B-0-0_C-0-0_E-0-0_F-0-0 already processed, skipping...
Scene 5fd53e2d08163d37f7cb72f6_E_gperm_0_gnum2_dpermA-0-0_B-0-0_C-0-0_D-0-0_F-0-0 already processed, skipping...
Scene 627963ff086cb4a8ec377869_D_gperm_0_gnum8_dpermA-0-0_B-0-0_C-0-0_E-0-0_F-0-0 already processed, skipping...
Scene 5d23460ad4c57900192b129c_A_gperm_0_gnum8_dpermB-0-0_C-0-0_D-0-0_E-0-0_F-0-0 already processed, skipping...
Scene 5d23460ad4c57900192b129c_B_gperm_0_gnum4_dpermA-0-0_C-0-0_D-0-0_E-0-0_F-0-0 already processed, skipping...
Scene 5f5353ff017c5965165df065_A_gperm_0_gnum2_dpermB-0-0_C-0-0_D-0-0_E-0-0_F-0-0 already processed, skipping...
Scene 615d051e2366aeb051acb734_A_gperm_0_gnum2_dpermB-0-0_C-0-0_D-0-0_E-0-0_F-0-0 already processed, skipping...
Scene 627963ff086cb4a8ec377869_F_gperm_0_gnum2_dpermA-0-0_B-0-0_C-0-0_D-0-0_E-0-0 already processed, skipping...
Processing fold: fold_4
Number of users passing ACQ: 81
Number of scenes: 716
Scene 5842eb2904e7550001a06b14_D_gperm_0_gnum4_dpermA-0-0_B-0-0_C-0-0_E-0-0_F-0-0 already processed, skipping...
Scene 63e576170eb086a90644efb4_E_gperm_0_gnum8_dpermA-0-0_B-0-0_C-0-0_D-0-0_F-0-0 already processed, skipping...
Scene 616dabffda7757926ea7e84d_D_gperm_0_gnum8_dpermA-0-0_B-0-0_C-0-0_E-0-0_F-0-0 already processed, skipping...
Scene 5bd4e6f7c4f8e900013ae526_E_gperm_0_gnum8_dpermA-0-0_B-0-0_C-0-0_D-0-0_F-0-0 already processed, skipping...
Scene 611ff6cc935b6de3fff0b896_D_gperm_0_gnum4_dpermA-0-0_B-0-0_C-0-0_E-0-0_F-0-0 already processed, skipping...
Scene 616dabffda7757926ea7e84d_F_gperm_0_gnum2_dpermA-0-0_B-0-0_C-0-0_D-0-0_E-0-0 already processed, skipping...
Scene 5842eb2904e7550001a06b14_A_gperm_0_gnum2_dpermB-0-0_C-0-0_D-0-0_E-0-0_F-0-0 already processed, skipping...
Scene 63e576170eb086a90644efb4_C_gperm_0_gnum4_dpermA-0-0_B-0-0_D-0-0_E-0-0_F-0-0 already processed, skipping...
Scene 5bd4e6f7c4f8e900013ae526_C_gperm_0_gnum4_dpermA-0-0_B-0-0_D-0-0_E-0-0_F-0-0 already processed, skipping...
Scene 611ff6cc935b6de3fff0b896_A_gperm_0_gnum2_dpermB-0-0_C-0-0_D-0-0_E-0-0_F-0-0 already processed, skipping...
Scene 616dabffda7757926ea7e84d_B_gperm_0_gnum2_dpermA-0-0_C-0-0_D-0-0_E-0-0_F-0-0 already processed, skipping...
Scene 5bd4e6f7c4f8e900013ae526_E_gperm_0_gnum4_dpermA-0-0_B-0-0_C-0-0_D-0-0_F-0-0 already processed, skipping...
Scene 5842eb2904e7550001a06b14_F_gperm_0_gnum2_dpermA-0-0_B-0-0_C-0-0_D-0-0_E-0-0 already processed, skipping...
Scene 611ff6cc935b6de3fff0b896_D_gperm_0_gnum8_dpermA-0-0_B-0-0_C-0-0_E-0-0_F-0-0 already processed, skipping...
Scene 611ff6cc935b6de3fff0b896_F_gperm_0_gnum2_dpermA-0-0_B-0-0_C-0-0_D-0-0_E-0-0 already processed, skipping...
Scene 63e576170eb086a90644efb4_E_gperm_0_gnum4_dpermA-0-0_B-0-0_C-0-0_D-0-0_F-0-0 already processed, skipping...
Scene 5842eb2904e7550001a06b14_D_gperm_0_gnum8_dpermA-0-0_B-0-0_C-0-0_E-0-0_F-0-0 already processed, skipping...
Scene 616dabffda7757926ea7e84d_D_gperm_0_gnum4_dpermA-0-0_B-0-0_C-0-0_E-0-0_F-0-0 already processed, skipping...
Scene 5842eb2904e7550001a06b14_B_gperm_0_gnum2_dpermA-0-0_C-0-0_D-0-0_E-0-0_F-0-0 already processed, skipping...
Scene 5bd4e6f7c4f8e900013ae526_C_gperm_0_gnum8_dpermA-0-0_B-0-0_D-0-0_E-0-0_F-0-0 already processed, skipping...
Scene 616dabffda7757926ea7e84d_A_gperm_0_gnum2_dpermB-0-0_C-0-0_D-0-0_E-0-0_F-0-0 already processed, skipping...
Scene 611ff6cc935b6de3fff0b896_B_gperm_0_gnum2_dpermA-0-0_C-0-0_D-0-0_E-0-0_F-0-0 already processed, skipping...
Scene 63e576170eb086a90644efb4_F_gperm_0_gnum4_dpermA-0-0_B-0-0_C-0-0_D-0-0_E-0-0 already processed, skipping...
Scene 611ff6cc935b6de3fff0b896_E_gperm_0_gnum2_dpermA-0-0_B-0-0_C-0-0_D-0-0_F-0-0 already processed, skipping...
Scene 5842eb2904e7550001a06b14_E_gperm_0_gnum2_dpermA-0-0_B-0-0_C-0-0_D-0-0_F-0-0 already processed, skipping...
Scene 5bd4e6f7c4f8e900013ae526_F_gperm_0_gnum4_dpermA-0-0_B-0-0_C-0-0_D-0-0_E-0-0 already processed, skipping...
Scene 63e576170eb086a90644efb4_B_gperm_0_gnum4_dpermA-0-0_C-0-0_D-0-0_E-0-0_F-0-0 already processed, skipping...
Scene 5bd4e6f7c4f8e900013ae526_B_gperm_0_gnum4_dpermA-0-0_C-0-0_D-0-0_E-0-0_F-0-0 already processed, skipping...
Scene 616dabffda7757926ea7e84d_C_gperm_0_gnum2_dpermA-0-0_B-0-0_D-0-0_E-0-0_F-0-0 already processed, skipping...
Scene 63e576170eb086a90644efb4_D_gperm_0_gnum2_dpermA-0-0_B-0-0_C-0-0_E-0-0_F-0-0 already processed, skipping...
Scene 5bd4e6f7c4f8e900013ae526_F_gperm_0_gnum8_dpermA-0-0_B-0-0_C-0-0_D-0-0_E-0-0 already processed, skipping...
Scene 616dabffda7757926ea7e84d_E_gperm_0_gnum2_dpermA-0-0_B-0-0_C-0-0_D-0-0_F-0-0 already processed, skipping...
Scene 63e576170eb086a90644efb4_F_gperm_0_gnum8_dpermA-0-0_B-0-0_C-0-0_D-0-0_E-0-0 already processed, skipping...
Scene 5bd4e6f7c4f8e900013ae526_D_gperm_0_gnum2_dpermA-0-0_B-0-0_C-0-0_E-0-0_F-0-0 already processed, skipping...
Scene 63e576170eb086a90644efb4_A_gperm_0_gnum4_dpermB-0-0_C-0-0_D-0-0_E-0-0_F-0-0 already processed, skipping...
Scene 5842eb2904e7550001a06b14_C_gperm_0_gnum2_dpermA-0-0_B-0-0_D-0-0_E-0-0_F-0-0 already processed, skipping...
Scene 5bd4e6f7c4f8e900013ae526_A_gperm_0_gnum4_dpermB-0-0_C-0-0_D-0-0_E-0-0_F-0-0 already processed, skipping...
Scene 611ff6cc935b6de3fff0b896_C_gperm_0_gnum2_dpermA-0-0_B-0-0_D-0-0_E-0-0_F-0-0 already processed, skipping...
Scene 616dabffda7757926ea7e84d_C_gperm_0_gnum4_dpermA-0-0_B-0-0_D-0-0_E-0-0_F-0-0 already processed, skipping...
Scene 5bd4e6f7c4f8e900013ae526_B_gperm_0_gnum2_dpermA-0-0_C-0-0_D-0-0_E-0-0_F-0-0 already processed, skipping...
Scene 611ff6cc935b6de3fff0b896_C_gperm_0_gnum8_dpermA-0-0_B-0-0_D-0-0_E-0-0_F-0-0 already processed, skipping...
Scene 63e576170eb086a90644efb4_B_gperm_0_gnum2_dpermA-0-0_C-0-0_D-0-0_E-0-0_F-0-0 already processed, skipping...
Scene 616dabffda7757926ea7e84d_E_gperm_0_gnum8_dpermA-0-0_B-0-0_C-0-0_D-0-0_F-0-0 already processed, skipping...
Scene 5bd4e6f7c4f8e900013ae526_F_gperm_0_gnum2_dpermA-0-0_B-0-0_C-0-0_D-0-0_E-0-0 already processed, skipping...
Scene 5842eb2904e7550001a06b14_E_gperm_0_gnum4_dpermA-0-0_B-0-0_C-0-0_D-0-0_F-0-0 already processed, skipping...
Scene 5bd4e6f7c4f8e900013ae526_D_gperm_0_gnum8_dpermA-0-0_B-0-0_C-0-0_E-0-0_F-0-0 already processed, skipping...
Scene 63e576170eb086a90644efb4_F_gperm_0_gnum2_dpermA-0-0_B-0-0_C-0-0_D-0-0_E-0-0 already processed, skipping...
Scene 611ff6cc935b6de3fff0b896_E_gperm_0_gnum4_dpermA-0-0_B-0-0_C-0-0_D-0-0_F-0-0 already processed, skipping...
Scene 611ff6cc935b6de3fff0b896_C_gperm_0_gnum4_dpermA-0-0_B-0-0_D-0-0_E-0-0_F-0-0 already processed, skipping...
Scene 5bd4e6f7c4f8e900013ae526_A_gperm_0_gnum2_dpermB-0-0_C-0-0_D-0-0_E-0-0_F-0-0 already processed, skipping...
Scene 63e576170eb086a90644efb4_A_gperm_0_gnum2_dpermB-0-0_C-0-0_D-0-0_E-0-0_F-0-0 already processed, skipping...
Scene 5842eb2904e7550001a06b14_C_gperm_0_gnum4_dpermA-0-0_B-0-0_D-0-0_E-0-0_F-0-0 already processed, skipping...
Scene 616dabffda7757926ea7e84d_C_gperm_0_gnum8_dpermA-0-0_B-0-0_D-0-0_E-0-0_F-0-0 already processed, skipping...
Scene 5bd4e6f7c4f8e900013ae526_D_gperm_0_gnum4_dpermA-0-0_B-0-0_C-0-0_E-0-0_F-0-0 already processed, skipping...
Scene 611ff6cc935b6de3fff0b896_E_gperm_0_gnum8_dpermA-0-0_B-0-0_C-0-0_D-0-0_F-0-0 already processed, skipping...
Scene 616dabffda7757926ea7e84d_E_gperm_0_gnum4_dpermA-0-0_B-0-0_C-0-0_D-0-0_F-0-0 already processed, skipping...
Scene 5842eb2904e7550001a06b14_E_gperm_0_gnum8_dpermA-0-0_B-0-0_C-0-0_D-0-0_F-0-0 already processed, skipping...
Scene 63e576170eb086a90644efb4_D_gperm_0_gnum4_dpermA-0-0_B-0-0_C-0-0_E-0-0_F-0-0 already processed, skipping...
Scene 616dabffda7757926ea7e84d_B_gperm_0_gnum4_dpermA-0-0_C-0-0_D-0-0_E-0-0_F-0-0 already processed, skipping...
Scene 611ff6cc935b6de3fff0b896_A_gperm_0_gnum4_dpermB-0-0_C-0-0_D-0-0_E-0-0_F-0-0 already processed, skipping...
Scene 5bd4e6f7c4f8e900013ae526_C_gperm_0_gnum2_dpermA-0-0_B-0-0_D-0-0_E-0-0_F-0-0 already processed, skipping...
Scene 5842eb2904e7550001a06b14_B_gperm_0_gnum8_dpermA-0-0_C-0-0_D-0-0_E-0-0_F-0-0 already processed, skipping...
Scene 5842eb2904e7550001a06b14_A_gperm_0_gnum4_dpermB-0-0_C-0-0_D-0-0_E-0-0_F-0-0 already processed, skipping...
Scene 63e576170eb086a90644efb4_C_gperm_0_gnum2_dpermA-0-0_B-0-0_D-0-0_E-0-0_F-0-0 already processed, skipping...
Scene 616dabffda7757926ea7e84d_F_gperm_0_gnum4_dpermA-0-0_B-0-0_C-0-0_D-0-0_E-0-0 already processed, skipping...
Scene 5842eb2904e7550001a06b14_F_gperm_0_gnum8_dpermA-0-0_B-0-0_C-0-0_D-0-0_E-0-0 already processed, skipping...
Scene 611ff6cc935b6de3fff0b896_D_gperm_0_gnum2_dpermA-0-0_B-0-0_C-0-0_E-0-0_F-0-0 already processed, skipping...
Scene 611ff6cc935b6de3fff0b896_F_gperm_0_gnum8_dpermA-0-0_B-0-0_C-0-0_D-0-0_E-0-0 already processed, skipping...
Scene 5842eb2904e7550001a06b14_D_gperm_0_gnum2_dpermA-0-0_B-0-0_C-0-0_E-0-0_F-0-0 already processed, skipping...
Scene 5842eb2904e7550001a06b14_A_gperm_0_gnum8_dpermB-0-0_C-0-0_D-0-0_E-0-0_F-0-0 already processed, skipping...
Scene 611ff6cc935b6de3fff0b896_B_gperm_0_gnum4_dpermA-0-0_C-0-0_D-0-0_E-0-0_F-0-0 already processed, skipping...
Scene 616dabffda7757926ea7e84d_A_gperm_0_gnum4_dpermB-0-0_C-0-0_D-0-0_E-0-0_F-0-0 already processed, skipping...
Scene 611ff6cc935b6de3fff0b896_A_gperm_0_gnum8_dpermB-0-0_C-0-0_D-0-0_E-0-0_F-0-0 already processed, skipping...
Scene 616dabffda7757926ea7e84d_B_gperm_0_gnum8_dpermA-0-0_C-0-0_D-0-0_E-0-0_F-0-0 already processed, skipping...
Scene 5842eb2904e7550001a06b14_B_gperm_0_gnum4_dpermA-0-0_C-0-0_D-0-0_E-0-0_F-0-0 already processed, skipping...
Scene 616dabffda7757926ea7e84d_D_gperm_0_gnum2_dpermA-0-0_B-0-0_C-0-0_E-0-0_F-0-0 already processed, skipping...
Scene 611ff6cc935b6de3fff0b896_F_gperm_0_gnum4_dpermA-0-0_B-0-0_C-0-0_D-0-0_E-0-0 already processed, skipping...
Scene 63e576170eb086a90644efb4_E_gperm_0_gnum2_dpermA-0-0_B-0-0_C-0-0_D-0-0_F-0-0 already processed, skipping...
Scene 5842eb2904e7550001a06b14_F_gperm_0_gnum4_dpermA-0-0_B-0-0_C-0-0_D-0-0_E-0-0 already processed, skipping...
Done processing scene 5bd4e6f7c4f8e900013ae526_E_gperm_0_gnum2_dpermA-0-0_B-0-0_C-0-0_D-0-0_F-0-0.
Processing fold: fold_5
Number of users passing ACQ: 81
Number of scenes: 602
Scene 63c40b98533b26ec941005c3_F_gperm_0_gnum4_dpermA-0-0_B-0-0_C-0-0_D-0-0_E-0-0 already processed, skipping...
Scene 630b78df7445f304dfb7d50c_F_gperm_0_gnum4_dpermA-0-0_B-0-0_C-0-0_D-0-0_E-0-0 already processed, skipping...
Scene 630b78df7445f304dfb7d50c_A_gperm_0_gnum8_dpermB-0-0_C-0-0_D-0-0_E-0-0_F-0-0 already processed, skipping...
Scene 63c40b98533b26ec941005c3_B_gperm_0_gnum4_dpermA-0-0_C-0-0_D-0-0_E-0-0_F-0-0 already processed, skipping...
Scene 5f5550685e8dec926f63cef1_E_gperm_0_gnum2_dpermA-0-0_B-0-0_C-0-0_D-0-0_F-0-0 already processed, skipping...
Scene 63c40b98533b26ec941005c3_A_gperm_0_gnum8_dpermB-0-0_C-0-0_D-0-0_E-0-0_F-0-0 already processed, skipping...
Scene 630b78df7445f304dfb7d50c_B_gperm_0_gnum4_dpermA-0-0_C-0-0_D-0-0_E-0-0_F-0-0 already processed, skipping...
Scene 63c40b98533b26ec941005c3_D_gperm_0_gnum2_dpermA-0-0_B-0-0_C-0-0_E-0-0_F-0-0 already processed, skipping...
Done processing scene 5e2c9026f4a3052be159c494_C_gperm_0_gnum4_dpermA-0-0_B-0-0_D-0-0_E-0-0_F-0-0.
Scene 630b78df7445f304dfb7d50c_F_gperm_0_gnum8_dpermA-0-0_B-0-0_C-0-0_D-0-0_E-0-0 already processed, skipping...
Scene 5f5550685e8dec926f63cef1_C_gperm_0_gnum2_dpermA-0-0_B-0-0_D-0-0_E-0-0_F-0-0 already processed, skipping...
Scene 630b78df7445f304dfb7d50c_D_gperm_0_gnum2_dpermA-0-0_B-0-0_C-0-0_E-0-0_F-0-0 already processed, skipping...
Scene 63c40b98533b26ec941005c3_F_gperm_0_gnum8_dpermA-0-0_B-0-0_C-0-0_D-0-0_E-0-0 already processed, skipping...
Scene 63c40b98533b26ec941005c3_A_gperm_0_gnum4_dpermB-0-0_C-0-0_D-0-0_E-0-0_F-0-0 already processed, skipping...
Scene 630b78df7445f304dfb7d50c_B_gperm_0_gnum8_dpermA-0-0_C-0-0_D-0-0_E-0-0_F-0-0 already processed, skipping...
Scene 630b78df7445f304dfb7d50c_A_gperm_0_gnum4_dpermB-0-0_C-0-0_D-0-0_E-0-0_F-0-0 already processed, skipping...
Scene 63c40b98533b26ec941005c3_B_gperm_0_gnum8_dpermA-0-0_C-0-0_D-0-0_E-0-0_F-0-0 already processed, skipping...
Scene 5e2c9026f4a3052be159c494_A_gperm_0_gnum4_dpermB-0-0_C-0-0_D-0-0_E-0-0_F-0-0 already processed, skipping...
Scene 63c40b98533b26ec941005c3_E_gperm_0_gnum8_dpermA-0-0_B-0-0_C-0-0_D-0-0_F-0-0 already processed, skipping...
Scene 5f5550685e8dec926f63cef1_A_gperm_0_gnum2_dpermB-0-0_C-0-0_D-0-0_E-0-0_F-0-0 already processed, skipping...
Scene 630b78df7445f304dfb7d50c_E_gperm_0_gnum8_dpermA-0-0_B-0-0_C-0-0_D-0-0_F-0-0 already processed, skipping...
Scene 63c40b98533b26ec941005c3_C_gperm_0_gnum4_dpermA-0-0_B-0-0_D-0-0_E-0-0_F-0-0 already processed, skipping...
Done processing scene 5e2c9026f4a3052be159c494_D_gperm_0_gnum2_dpermA-0-0_B-0-0_C-0-0_E-0-0_F-0-0.
Scene 630b78df7445f304dfb7d50c_C_gperm_0_gnum4_dpermA-0-0_B-0-0_D-0-0_E-0-0_F-0-0 already processed, skipping...
Scene 5f5550685e8dec926f63cef1_D_gperm_0_gnum4_dpermA-0-0_B-0-0_C-0-0_E-0-0_F-0-0 already processed, skipping...
Scene 5e2c9026f4a3052be159c494_B_gperm_0_gnum4_dpermA-0-0_C-0-0_D-0-0_E-0-0_F-0-0 already processed, skipping...
Scene 630b78df7445f304dfb7d50c_E_gperm_0_gnum4_dpermA-0-0_B-0-0_C-0-0_D-0-0_F-0-0 already processed, skipping...
Scene 63c40b98533b26ec941005c3_E_gperm_0_gnum4_dpermA-0-0_B-0-0_C-0-0_D-0-0_F-0-0 already processed, skipping...
Scene 5f5550685e8dec926f63cef1_B_gperm_0_gnum2_dpermA-0-0_C-0-0_D-0-0_E-0-0_F-0-0 already processed, skipping...
Scene 5e2c9026f4a3052be159c494_F_gperm_0_gnum4_dpermA-0-0_B-0-0_C-0-0_D-0-0_E-0-0 already processed, skipping...
Scene 630b78df7445f304dfb7d50c_C_gperm_0_gnum8_dpermA-0-0_B-0-0_D-0-0_E-0-0_F-0-0 already processed, skipping...
Scene 5f5550685e8dec926f63cef1_D_gperm_0_gnum8_dpermA-0-0_B-0-0_C-0-0_E-0-0_F-0-0 already processed, skipping...
Scene 63c40b98533b26ec941005c3_C_gperm_0_gnum8_dpermA-0-0_B-0-0_D-0-0_E-0-0_F-0-0 already processed, skipping...
Scene 5f5550685e8dec926f63cef1_F_gperm_0_gnum2_dpermA-0-0_B-0-0_C-0-0_D-0-0_E-0-0 already processed, skipping...
Scene 5f5550685e8dec926f63cef1_D_gperm_0_gnum2_dpermA-0-0_B-0-0_C-0-0_E-0-0_F-0-0 already processed, skipping...
Scene 630b78df7445f304dfb7d50c_C_gperm_0_gnum2_dpermA-0-0_B-0-0_D-0-0_E-0-0_F-0-0 already processed, skipping...
Scene 5f5550685e8dec926f63cef1_F_gperm_0_gnum8_dpermA-0-0_B-0-0_C-0-0_D-0-0_E-0-0 already processed, skipping...
Scene 63c40b98533b26ec941005c3_C_gperm_0_gnum2_dpermA-0-0_B-0-0_D-0-0_E-0-0_F-0-0 already processed, skipping...
Done processing scene 5e2c9026f4a3052be159c494_D_gperm_0_gnum4_dpermA-0-0_B-0-0_C-0-0_E-0-0_F-0-0.
Scene 5f5550685e8dec926f63cef1_A_gperm_0_gnum4_dpermB-0-0_C-0-0_D-0-0_E-0-0_F-0-0 already processed, skipping...
Scene 5e2c9026f4a3052be159c494_A_gperm_0_gnum2_dpermB-0-0_C-0-0_D-0-0_E-0-0_F-0-0 already processed, skipping...
Scene 5f5550685e8dec926f63cef1_B_gperm_0_gnum8_dpermA-0-0_C-0-0_D-0-0_E-0-0_F-0-0 already processed, skipping...
Scene 5f5550685e8dec926f63cef1_F_gperm_0_gnum4_dpermA-0-0_B-0-0_C-0-0_D-0-0_E-0-0 already processed, skipping...
Scene 5e2c9026f4a3052be159c494_F_gperm_0_gnum2_dpermA-0-0_B-0-0_C-0-0_D-0-0_E-0-0 already processed, skipping...
Scene 63c40b98533b26ec941005c3_E_gperm_0_gnum2_dpermA-0-0_B-0-0_C-0-0_D-0-0_F-0-0 already processed, skipping...
Scene 5f5550685e8dec926f63cef1_B_gperm_0_gnum4_dpermA-0-0_C-0-0_D-0-0_E-0-0_F-0-0 already processed, skipping...
Scene 630b78df7445f304dfb7d50c_E_gperm_0_gnum2_dpermA-0-0_B-0-0_C-0-0_D-0-0_F-0-0 already processed, skipping...
Scene 5f5550685e8dec926f63cef1_A_gperm_0_gnum8_dpermB-0-0_C-0-0_D-0-0_E-0-0_F-0-0 already processed, skipping...
Scene 5e2c9026f4a3052be159c494_B_gperm_0_gnum2_dpermA-0-0_C-0-0_D-0-0_E-0-0_F-0-0 already processed, skipping...
Scene 630b78df7445f304dfb7d50c_B_gperm_0_gnum2_dpermA-0-0_C-0-0_D-0-0_E-0-0_F-0-0 already processed, skipping...
Scene 5e2c9026f4a3052be159c494_E_gperm_0_gnum2_dpermA-0-0_B-0-0_C-0-0_D-0-0_F-0-0 already processed, skipping...
Scene 63c40b98533b26ec941005c3_B_gperm_0_gnum2_dpermA-0-0_C-0-0_D-0-0_E-0-0_F-0-0 already processed, skipping...
Scene 5f5550685e8dec926f63cef1_E_gperm_0_gnum4_dpermA-0-0_B-0-0_C-0-0_D-0-0_F-0-0 already processed, skipping...
Scene 63c40b98533b26ec941005c3_D_gperm_0_gnum8_dpermA-0-0_B-0-0_C-0-0_E-0-0_F-0-0 already processed, skipping...
Scene 630b78df7445f304dfb7d50c_F_gperm_0_gnum2_dpermA-0-0_B-0-0_C-0-0_D-0-0_E-0-0 already processed, skipping...
Scene 630b78df7445f304dfb7d50c_D_gperm_0_gnum8_dpermA-0-0_B-0-0_C-0-0_E-0-0_F-0-0 already processed, skipping...
Scene 63c40b98533b26ec941005c3_F_gperm_0_gnum2_dpermA-0-0_B-0-0_C-0-0_D-0-0_E-0-0 already processed, skipping...
Scene 5f5550685e8dec926f63cef1_C_gperm_0_gnum8_dpermA-0-0_B-0-0_D-0-0_E-0-0_F-0-0 already processed, skipping...
Scene 5f5550685e8dec926f63cef1_E_gperm_0_gnum8_dpermA-0-0_B-0-0_C-0-0_D-0-0_F-0-0 already processed, skipping...
Scene 630b78df7445f304dfb7d50c_A_gperm_0_gnum2_dpermB-0-0_C-0-0_D-0-0_E-0-0_F-0-0 already processed, skipping...
Scene 63c40b98533b26ec941005c3_A_gperm_0_gnum2_dpermB-0-0_C-0-0_D-0-0_E-0-0_F-0-0 already processed, skipping...
Scene 630b78df7445f304dfb7d50c_D_gperm_0_gnum4_dpermA-0-0_B-0-0_C-0-0_E-0-0_F-0-0 already processed, skipping...
Scene 5f5550685e8dec926f63cef1_C_gperm_0_gnum4_dpermA-0-0_B-0-0_D-0-0_E-0-0_F-0-0 already processed, skipping...
Scene 63c40b98533b26ec941005c3_D_gperm_0_gnum4_dpermA-0-0_B-0-0_C-0-0_E-0-0_F-0-0 already processed, skipping...
Scene 5e2c9026f4a3052be159c494_C_gperm_0_gnum2_dpermA-0-0_B-0-0_D-0-0_E-0-0_F-0-0 already processed, skipping...
Done processing all scenes.
Done
