Running command: srun -u /coc/flash5/kvr6/anaconda3/envs/declutter/bin/python -u run_apricot_noquery.py
Processing fold: fold_1
Number of users passing ACQ: 81
Number of scenes: 741
Scene 5a907927873cda0001dc4719_B_gperm_0_gnum1_dpermA-0-0_C-0-0_D-0-0_E-0-0_F-0-0 already processed properly, skipping...
Scene 605fe9680cac2ea943d411ec_F_gperm_0_gnum11_dpermA-0-0_B-0-0_C-0-0_D-0-0_E-0-0 already processed properly, skipping...
Scene 5e3ae8e5ebfb032f9058ef33_F_gperm_0_gnum6_dpermA-0-0_B-0-0_C-0-0_D-0-0_E-0-0 already processed properly, skipping...
Scene 610d3c0535871d8bfa25107f_D_gperm_0_gnum2_dpermA-0-0_B-0-0_C-0-0_E-0-0_F-0-0 already processed properly, skipping...
Scene 5c4a428161c51f0001e96b3f_A_gperm_0_gnum2_dpermB-0-0_C-0-0_D-0-0_E-0-0_F-0-0 already processed properly, skipping...
Scene 5c8ec999bb6a3c00014acf5f_B_gperm_0_gnum2_dpermA-0-0_C-0-0_D-0-0_E-0-0_F-0-0 already processed properly, skipping...
Scene 5a907927873cda0001dc4719_A_gperm_0_gnum11_dpermB-0-0_C-0-0_D-0-0_E-0-0_F-0-0 already processed properly, skipping...
Scene 637058f9e7a26c452d1cc49a_E_gperm_0_gnum14_dpermA-0-0_B-0-0_C-0-0_D-0-0_F-0-0 already processed properly, skipping...
Scene 5c4a428161c51f0001e96b3f_C_gperm_0_gnum3_dpermA-0-0_B-0-0_D-0-0_E-0-0_F-0-0 already processed properly, skipping...
Scene 637058f9e7a26c452d1cc49a_D_gperm_0_gnum7_dpermA-0-0_B-0-0_C-0-0_E-0-0_F-0-0 already processed properly, skipping...
Scene 5d6ac7e17658a1001a8c63b2_C_gperm_0_gnum7_dpermA-0-0_B-0-0_D-0-0_E-0-0_F-0-0 already processed properly, skipping...
Scene 605fe9680cac2ea943d411ec_C_gperm_0_gnum20_dpermA-0-0_B-0-0_D-0-0_E-0-0_F-0-0 already processed properly, skipping...
Scene 5d6ac7e17658a1001a8c63b2_A_gperm_0_gnum6_dpermB-0-0_C-0-0_D-0-0_E-0-0_F-0-0 already processed properly, skipping...
Scene 5a907927873cda0001dc4719_E_gperm_0_gnum4_dpermA-0-0_B-0-0_C-0-0_D-0-0_F-0-0 already processed properly, skipping...
Scene 5d1b4ec634783e0001336019_F_gperm_0_gnum6_dpermA-0-0_B-0-0_C-0-0_D-0-0_E-0-0 already processed properly, skipping...
Scene 637058f9e7a26c452d1cc49a_B_gperm_0_gnum9_dpermA-0-0_C-0-0_D-0-0_E-0-0_F-0-0 already processed properly, skipping...
Scene 6111c4865701e1ba367af3e3_D_gperm_0_gnum3_dpermA-0-0_B-0-0_C-0-0_E-0-0_F-0-0 already processed properly, skipping...
Scene 605fe9680cac2ea943d411ec_D_gperm_0_gnum11_dpermA-0-0_B-0-0_C-0-0_E-0-0_F-0-0 already processed properly, skipping...
Scene 62b0b9d60841bfa66838f436_C_gperm_0_gnum1_dpermA-0-0_B-0-0_D-0-0_E-0-0_F-0-0 already processed properly, skipping...
Scene 630386f64c5bbd56ab1c3b0f_C_gperm_0_gnum2_dpermA-0-0_B-0-0_D-0-0_E-0-0_F-0-0 already processed properly, skipping...
Scene 630386f64c5bbd56ab1c3b0f_A_gperm_0_gnum3_dpermB-0-0_C-0-0_D-0-0_E-0-0_F-0-0 already processed properly, skipping...
Scene 605fe9680cac2ea943d411ec_D_gperm_0_gnum3_dpermA-0-0_B-0-0_C-0-0_E-0-0_F-0-0 already processed properly, skipping...
Scene 6111c4865701e1ba367af3e3_E_gperm_0_gnum8_dpermA-0-0_B-0-0_C-0-0_D-0-0_F-0-0 already processed properly, skipping...
Scene 5a792c898fe2dc0001058c3b_D_gperm_0_gnum3_dpermA-0-0_B-0-0_C-0-0_E-0-0_F-0-0 already processed properly, skipping...
Scene 56cb15ad64c068000b4d7ca5_F_gperm_0_gnum3_dpermA-0-0_B-0-0_C-0-0_D-0-0_E-0-0 already processed properly, skipping...
Scene 605fe9680cac2ea943d411ec_E_gperm_0_gnum8_dpermA-0-0_B-0-0_C-0-0_D-0-0_F-0-0 already processed properly, skipping...
Scene 5a792c898fe2dc0001058c3b_A_gperm_0_gnum1_dpermB-0-0_C-0-0_D-0-0_E-0-0_F-0-0 already processed properly, skipping...
Scene 5d1b4ec634783e0001336019_B_gperm_0_gnum2_dpermA-0-0_C-0-0_D-0-0_E-0-0_F-0-0 already processed properly, skipping...
Scene 605fe9680cac2ea943d411ec_A_gperm_0_gnum1_dpermB-0-0_C-0-0_D-0-0_E-0-0_F-0-0 already processed properly, skipping...
Scene 5e3ae8e5ebfb032f9058ef33_B_gperm_0_gnum2_dpermA-0-0_C-0-0_D-0-0_E-0-0_F-0-0 already processed properly, skipping...
Scene 62b0b9d60841bfa66838f436_D_gperm_0_gnum2_dpermA-0-0_B-0-0_C-0-0_E-0-0_F-0-0 already processed properly, skipping...
Scene 630386f64c5bbd56ab1c3b0f_D_gperm_0_gnum1_dpermA-0-0_B-0-0_C-0-0_E-0-0_F-0-0 already processed properly, skipping...
Scene 5a907927873cda0001dc4719_F_gperm_0_gnum5_dpermA-0-0_B-0-0_C-0-0_D-0-0_E-0-0 already processed properly, skipping...
Scene 6111c4865701e1ba367af3e3_A_gperm_0_gnum1_dpermB-0-0_C-0-0_D-0-0_E-0-0_F-0-0 already processed properly, skipping...
Scene 5c8ec999bb6a3c00014acf5f_F_gperm_0_gnum6_dpermA-0-0_B-0-0_C-0-0_D-0-0_E-0-0 already processed properly, skipping...
Scene 5d1b4ec634783e0001336019_E_gperm_0_gnum7_dpermA-0-0_B-0-0_C-0-0_D-0-0_F-0-0 already processed properly, skipping...
Scene 605fe9680cac2ea943d411ec_A_gperm_0_gnum17_dpermB-0-0_C-0-0_D-0-0_E-0-0_F-0-0 already processed properly, skipping...
Scene 605fe9680cac2ea943d411ec_B_gperm_0_gnum14_dpermA-0-0_C-0-0_D-0-0_E-0-0_F-0-0 already processed properly, skipping...
Scene 5d6ac7e17658a1001a8c63b2_D_gperm_0_gnum4_dpermA-0-0_B-0-0_C-0-0_E-0-0_F-0-0 already processed properly, skipping...
Scene 637058f9e7a26c452d1cc49a_C_gperm_0_gnum4_dpermA-0-0_B-0-0_D-0-0_E-0-0_F-0-0 already processed properly, skipping...
Scene 637058f9e7a26c452d1cc49a_A_gperm_0_gnum5_dpermB-0-0_C-0-0_D-0-0_E-0-0_F-0-0 already processed properly, skipping...
Scene 56cb15ad64c068000b4d7ca5_B_gperm_0_gnum7_dpermA-0-0_C-0-0_D-0-0_E-0-0_F-0-0 already processed properly, skipping...
Scene 5c4a428161c51f0001e96b3f_A_gperm_0_gnum10_dpermB-0-0_C-0-0_D-0-0_E-0-0_F-0-0 already processed properly, skipping...
Scene 6111c4865701e1ba367af3e3_F_gperm_0_gnum9_dpermA-0-0_B-0-0_C-0-0_D-0-0_E-0-0 already processed properly, skipping...
Scene 610d3c0535871d8bfa25107f_C_gperm_0_gnum1_dpermA-0-0_B-0-0_D-0-0_E-0-0_F-0-0 already processed properly, skipping...
Scene 56cb15ad64c068000b4d7ca5_E_gperm_0_gnum2_dpermA-0-0_B-0-0_C-0-0_D-0-0_F-0-0 already processed properly, skipping...
Scene 605fe9680cac2ea943d411ec_F_gperm_0_gnum9_dpermA-0-0_B-0-0_C-0-0_D-0-0_E-0-0 already processed properly, skipping...
Scene 5e3ae8e5ebfb032f9058ef33_E_gperm_0_gnum3_dpermA-0-0_B-0-0_C-0-0_D-0-0_F-0-0 already processed properly, skipping...
Scene 5d1b4ec634783e0001336019_D_gperm_0_gnum8_dpermA-0-0_B-0-0_C-0-0_E-0-0_F-0-0 already processed properly, skipping...
Scene 5d1b4ec634783e0001336019_B_gperm_0_gnum6_dpermA-0-0_C-0-0_D-0-0_E-0-0_F-0-0 already processed properly, skipping...
Scene 637058f9e7a26c452d1cc49a_F_gperm_0_gnum9_dpermA-0-0_B-0-0_C-0-0_D-0-0_E-0-0 already processed properly, skipping...
Scene 5a792c898fe2dc0001058c3b_C_gperm_0_gnum4_dpermA-0-0_B-0-0_D-0-0_E-0-0_F-0-0 already processed properly, skipping...
Scene 5a792c898fe2dc0001058c3b_A_gperm_0_gnum5_dpermB-0-0_C-0-0_D-0-0_E-0-0_F-0-0 already processed properly, skipping...
Scene 6111c4865701e1ba367af3e3_C_gperm_0_gnum4_dpermA-0-0_B-0-0_D-0-0_E-0-0_F-0-0 already processed properly, skipping...
Scene 5a907927873cda0001dc4719_F_gperm_0_gnum1_dpermA-0-0_B-0-0_C-0-0_D-0-0_E-0-0 already processed properly, skipping...
Scene 6111c4865701e1ba367af3e3_A_gperm_0_gnum5_dpermB-0-0_C-0-0_D-0-0_E-0-0_F-0-0 already processed properly, skipping...
Scene 605fe9680cac2ea943d411ec_A_gperm_0_gnum5_dpermB-0-0_C-0-0_D-0-0_E-0-0_F-0-0 already processed properly, skipping...
Scene 5e3ae8e5ebfb032f9058ef33_B_gperm_0_gnum6_dpermA-0-0_C-0-0_D-0-0_E-0-0_F-0-0 already processed properly, skipping...
Scene 630386f64c5bbd56ab1c3b0f_D_gperm_0_gnum5_dpermA-0-0_B-0-0_C-0-0_E-0-0_F-0-0 already processed properly, skipping...
Scene 62b0b9d60841bfa66838f436_D_gperm_0_gnum6_dpermA-0-0_B-0-0_C-0-0_E-0-0_F-0-0 already processed properly, skipping...
Scene 605fe9680cac2ea943d411ec_C_gperm_0_gnum4_dpermA-0-0_B-0-0_D-0-0_E-0-0_F-0-0 already processed properly, skipping...
Scene 605fe9680cac2ea943d411ec_A_gperm_0_gnum13_dpermB-0-0_C-0-0_D-0-0_E-0-0_F-0-0 already processed properly, skipping...
Scene 5d1b4ec634783e0001336019_E_gperm_0_gnum3_dpermA-0-0_B-0-0_C-0-0_D-0-0_F-0-0 already processed properly, skipping...
Scene 5c8ec999bb6a3c00014acf5f_F_gperm_0_gnum2_dpermA-0-0_B-0-0_C-0-0_D-0-0_E-0-0 already processed properly, skipping...
Scene 637058f9e7a26c452d1cc49a_A_gperm_0_gnum1_dpermB-0-0_C-0-0_D-0-0_E-0-0_F-0-0 already processed properly, skipping...
Scene 605fe9680cac2ea943d411ec_B_gperm_0_gnum10_dpermA-0-0_C-0-0_D-0-0_E-0-0_F-0-0 already processed properly, skipping...
Scene 56cb15ad64c068000b4d7ca5_B_gperm_0_gnum3_dpermA-0-0_C-0-0_D-0-0_E-0-0_F-0-0 already processed properly, skipping...
Scene 5a907927873cda0001dc4719_A_gperm_0_gnum9_dpermB-0-0_C-0-0_D-0-0_E-0-0_F-0-0 already processed properly, skipping...
Scene 5a907927873cda0001dc4719_C_gperm_0_gnum8_dpermA-0-0_B-0-0_D-0-0_E-0-0_F-0-0 already processed properly, skipping...
Scene 5c4a428161c51f0001e96b3f_D_gperm_0_gnum4_dpermA-0-0_B-0-0_C-0-0_E-0-0_F-0-0 already processed properly, skipping...
Scene 5d6ac7e17658a1001a8c63b2_F_gperm_0_gnum10_dpermA-0-0_B-0-0_C-0-0_D-0-0_E-0-0 already processed properly, skipping...
Scene 5e3ae8e5ebfb032f9058ef33_F_gperm_0_gnum2_dpermA-0-0_B-0-0_C-0-0_D-0-0_E-0-0 already processed properly, skipping...
Scene 5a907927873cda0001dc4719_B_gperm_0_gnum5_dpermA-0-0_C-0-0_D-0-0_E-0-0_F-0-0 already processed properly, skipping...
Scene 5c4a428161c51f0001e96b3f_A_gperm_0_gnum6_dpermB-0-0_C-0-0_D-0-0_E-0-0_F-0-0 already processed properly, skipping...
Scene 5c8ec999bb6a3c00014acf5f_B_gperm_0_gnum6_dpermA-0-0_C-0-0_D-0-0_E-0-0_F-0-0 already processed properly, skipping...
Scene 637058f9e7a26c452d1cc49a_E_gperm_0_gnum10_dpermA-0-0_B-0-0_C-0-0_D-0-0_F-0-0 already processed properly, skipping...
Scene 5c4a428161c51f0001e96b3f_C_gperm_0_gnum7_dpermA-0-0_B-0-0_D-0-0_E-0-0_F-0-0 already processed properly, skipping...
Scene 637058f9e7a26c452d1cc49a_E_gperm_0_gnum8_dpermA-0-0_B-0-0_C-0-0_D-0-0_F-0-0 already processed properly, skipping...
Scene 637058f9e7a26c452d1cc49a_D_gperm_0_gnum3_dpermA-0-0_B-0-0_C-0-0_E-0-0_F-0-0 already processed properly, skipping...
Scene 5d6ac7e17658a1001a8c63b2_C_gperm_0_gnum3_dpermA-0-0_B-0-0_D-0-0_E-0-0_F-0-0 already processed properly, skipping...
Scene 5d6ac7e17658a1001a8c63b2_A_gperm_0_gnum2_dpermB-0-0_C-0-0_D-0-0_E-0-0_F-0-0 already processed properly, skipping...
Scene 5c8ec999bb6a3c00014acf5f_E_gperm_0_gnum3_dpermA-0-0_B-0-0_C-0-0_D-0-0_F-0-0 already processed properly, skipping...
Scene 5d1b4ec634783e0001336019_F_gperm_0_gnum2_dpermA-0-0_B-0-0_C-0-0_D-0-0_E-0-0 already processed properly, skipping...
Scene 605fe9680cac2ea943d411ec_C_gperm_0_gnum18_dpermA-0-0_B-0-0_D-0-0_E-0-0_F-0-0 already processed properly, skipping...
Scene 62b0b9d60841bfa66838f436_C_gperm_0_gnum5_dpermA-0-0_B-0-0_D-0-0_E-0-0_F-0-0 already processed properly, skipping...
Scene 630386f64c5bbd56ab1c3b0f_A_gperm_0_gnum7_dpermB-0-0_C-0-0_D-0-0_E-0-0_F-0-0 already processed properly, skipping...
Scene 62b0b9d60841bfa66838f436_A_gperm_0_gnum4_dpermB-0-0_C-0-0_D-0-0_E-0-0_F-0-0 already processed properly, skipping...
Scene 605fe9680cac2ea943d411ec_D_gperm_0_gnum7_dpermA-0-0_B-0-0_C-0-0_E-0-0_F-0-0 already processed properly, skipping...
Scene 6111c4865701e1ba367af3e3_D_gperm_0_gnum7_dpermA-0-0_B-0-0_C-0-0_E-0-0_F-0-0 already processed properly, skipping...
Scene 605fe9680cac2ea943d411ec_D_gperm_0_gnum15_dpermA-0-0_B-0-0_C-0-0_E-0-0_F-0-0 already processed properly, skipping...
Scene 6111c4865701e1ba367af3e3_B_gperm_0_gnum9_dpermA-0-0_C-0-0_D-0-0_E-0-0_F-0-0 already processed properly, skipping...
Scene 605fe9680cac2ea943d411ec_B_gperm_0_gnum9_dpermA-0-0_C-0-0_D-0-0_E-0-0_F-0-0 already processed properly, skipping...
Scene 5d1b4ec634783e0001336019_B_gperm_0_gnum10_dpermA-0-0_C-0-0_D-0-0_E-0-0_F-0-0 already processed properly, skipping...
Scene 56cb15ad64c068000b4d7ca5_F_gperm_0_gnum7_dpermA-0-0_B-0-0_C-0-0_D-0-0_E-0-0 already processed properly, skipping...
Scene 6111c4865701e1ba367af3e3_A_gperm_0_gnum10_dpermB-0-0_C-0-0_D-0-0_E-0-0_F-0-0 already processed properly, skipping...
Scene 637058f9e7a26c452d1cc49a_F_gperm_0_gnum1_dpermA-0-0_B-0-0_C-0-0_D-0-0_E-0-0 already processed properly, skipping...
Scene 630386f64c5bbd56ab1c3b0f_E_gperm_0_gnum6_dpermA-0-0_B-0-0_C-0-0_D-0-0_F-0-0 already processed properly, skipping...
Scene 62b0b9d60841bfa66838f436_E_gperm_0_gnum5_dpermA-0-0_B-0-0_C-0-0_D-0-0_F-0-0 already processed properly, skipping...
Scene 630386f64c5bbd56ab1c3b0f_B_gperm_0_gnum3_dpermA-0-0_C-0-0_D-0-0_E-0-0_F-0-0 already processed properly, skipping...
Scene 637058f9e7a26c452d1cc49a_A_gperm_0_gnum10_dpermB-0-0_C-0-0_D-0-0_E-0-0_F-0-0 already processed properly, skipping...
Scene 5d6ac7e17658a1001a8c63b2_B_gperm_0_gnum6_dpermA-0-0_C-0-0_D-0-0_E-0-0_F-0-0 already processed properly, skipping...
Scene 56cb15ad64c068000b4d7ca5_D_gperm_0_gnum5_dpermA-0-0_B-0-0_C-0-0_E-0-0_F-0-0 already processed properly, skipping...
Scene 637058f9e7a26c452d1cc49a_C_gperm_0_gnum8_dpermA-0-0_B-0-0_D-0-0_E-0-0_F-0-0 already processed properly, skipping...
Scene 5a792c898fe2dc0001058c3b_F_gperm_0_gnum5_dpermA-0-0_B-0-0_C-0-0_D-0-0_E-0-0 already processed properly, skipping...
Scene 6111c4865701e1ba367af3e3_E_gperm_0_gnum10_dpermA-0-0_B-0-0_C-0-0_D-0-0_F-0-0 already processed properly, skipping...
Scene 637058f9e7a26c452d1cc49a_A_gperm_0_gnum9_dpermB-0-0_C-0-0_D-0-0_E-0-0_F-0-0 already processed properly, skipping...
Scene 5c4a428161c51f0001e96b3f_E_gperm_0_gnum7_dpermA-0-0_B-0-0_C-0-0_D-0-0_F-0-0 already processed properly, skipping...
Scene 5d6ac7e17658a1001a8c63b2_E_gperm_0_gnum3_dpermA-0-0_B-0-0_C-0-0_D-0-0_F-0-0 already processed properly, skipping...
Scene 605fe9680cac2ea943d411ec_F_gperm_0_gnum5_dpermA-0-0_B-0-0_C-0-0_D-0-0_E-0-0 already processed properly, skipping...
Scene 6111c4865701e1ba367af3e3_F_gperm_0_gnum5_dpermA-0-0_B-0-0_C-0-0_D-0-0_E-0-0 already processed properly, skipping...
Scene 5a907927873cda0001dc4719_A_gperm_0_gnum1_dpermB-0-0_C-0-0_D-0-0_E-0-0_F-0-0 already processed properly, skipping...
Scene 5c4a428161c51f0001e96b3f_B_gperm_0_gnum2_dpermA-0-0_C-0-0_D-0-0_E-0-0_F-0-0 already processed properly, skipping...
Scene 5c8ec999bb6a3c00014acf5f_A_gperm_0_gnum2_dpermB-0-0_C-0-0_D-0-0_E-0-0_F-0-0 already processed properly, skipping...
Scene 5c8ec999bb6a3c00014acf5f_C_gperm_0_gnum3_dpermA-0-0_B-0-0_D-0-0_E-0-0_F-0-0 already processed properly, skipping...
Scene 5d1b4ec634783e0001336019_C_gperm_0_gnum10_dpermA-0-0_B-0-0_D-0-0_E-0-0_F-0-0 already processed properly, skipping...
Scene 5a907927873cda0001dc4719_D_gperm_0_gnum3_dpermA-0-0_B-0-0_C-0-0_E-0-0_F-0-0 already processed properly, skipping...
Scene 630386f64c5bbd56ab1c3b0f_F_gperm_0_gnum7_dpermA-0-0_B-0-0_C-0-0_D-0-0_E-0-0 already processed properly, skipping...
Scene 62b0b9d60841bfa66838f436_F_gperm_0_gnum4_dpermA-0-0_B-0-0_C-0-0_D-0-0_E-0-0 already processed properly, skipping...
Scene 605fe9680cac2ea943d411ec_E_gperm_0_gnum13_dpermA-0-0_B-0-0_C-0-0_D-0-0_F-0-0 already processed properly, skipping...
Scene 637058f9e7a26c452d1cc49a_B_gperm_0_gnum5_dpermA-0-0_C-0-0_D-0-0_E-0-0_F-0-0 already processed properly, skipping...
Scene 6111c4865701e1ba367af3e3_B_gperm_0_gnum1_dpermA-0-0_C-0-0_D-0-0_E-0-0_F-0-0 already processed properly, skipping...
Scene 5e3ae8e5ebfb032f9058ef33_A_gperm_0_gnum2_dpermB-0-0_C-0-0_D-0-0_E-0-0_F-0-0 already processed properly, skipping...
Scene 637058f9e7a26c452d1cc49a_D_gperm_0_gnum16_dpermA-0-0_B-0-0_C-0-0_E-0-0_F-0-0 already processed properly, skipping...
Scene 605fe9680cac2ea943d411ec_B_gperm_0_gnum1_dpermA-0-0_C-0-0_D-0-0_E-0-0_F-0-0 already processed properly, skipping...
Scene 5e3ae8e5ebfb032f9058ef33_C_gperm_0_gnum3_dpermA-0-0_B-0-0_D-0-0_E-0-0_F-0-0 already processed properly, skipping...
Scene 605fe9680cac2ea943d411ec_C_gperm_0_gnum10_dpermA-0-0_B-0-0_D-0-0_E-0-0_F-0-0 already processed properly, skipping...
Scene 5a792c898fe2dc0001058c3b_E_gperm_0_gnum4_dpermA-0-0_B-0-0_C-0-0_D-0-0_F-0-0 already processed properly, skipping...
Scene 5c4a428161c51f0001e96b3f_F_gperm_0_gnum6_dpermA-0-0_B-0-0_C-0-0_D-0-0_E-0-0 already processed properly, skipping...
Scene 5d6ac7e17658a1001a8c63b2_F_gperm_0_gnum2_dpermA-0-0_B-0-0_C-0-0_D-0-0_E-0-0 already processed properly, skipping...
Scene 605fe9680cac2ea943d411ec_E_gperm_0_gnum4_dpermA-0-0_B-0-0_C-0-0_D-0-0_F-0-0 already processed properly, skipping...
Scene 6111c4865701e1ba367af3e3_E_gperm_0_gnum4_dpermA-0-0_B-0-0_C-0-0_D-0-0_F-0-0 already processed properly, skipping...
Scene 5d1b4ec634783e0001336019_C_gperm_0_gnum3_dpermA-0-0_B-0-0_D-0-0_E-0-0_F-0-0 already processed properly, skipping...
Scene 5d1b4ec634783e0001336019_A_gperm_0_gnum2_dpermB-0-0_C-0-0_D-0-0_E-0-0_F-0-0 already processed properly, skipping...
Scene 5a792c898fe2dc0001058c3b_B_gperm_0_gnum1_dpermA-0-0_C-0-0_D-0-0_E-0-0_F-0-0 already processed properly, skipping...
Scene 630386f64c5bbd56ab1c3b0f_F_gperm_0_gnum3_dpermA-0-0_B-0-0_C-0-0_D-0-0_E-0-0 already processed properly, skipping...
Scene 637058f9e7a26c452d1cc49a_E_gperm_0_gnum4_dpermA-0-0_B-0-0_C-0-0_D-0-0_F-0-0 already processed properly, skipping...
Scene 637058f9e7a26c452d1cc49a_F_gperm_0_gnum12_dpermA-0-0_B-0-0_C-0-0_D-0-0_E-0-0 already processed properly, skipping...
Scene 5c4a428161c51f0001e96b3f_C_gperm_0_gnum13_dpermA-0-0_B-0-0_D-0-0_E-0-0_F-0-0 already processed properly, skipping...
Scene 5a907927873cda0001dc4719_D_gperm_0_gnum7_dpermA-0-0_B-0-0_C-0-0_E-0-0_F-0-0 already processed properly, skipping...
Scene 5a907927873cda0001dc4719_B_gperm_0_gnum9_dpermA-0-0_C-0-0_D-0-0_E-0-0_F-0-0 already processed properly, skipping...
Scene 5c8ec999bb6a3c00014acf5f_D_gperm_0_gnum4_dpermA-0-0_B-0-0_C-0-0_E-0-0_F-0-0 already processed properly, skipping...
Scene 637058f9e7a26c452d1cc49a_B_gperm_0_gnum1_dpermA-0-0_C-0-0_D-0-0_E-0-0_F-0-0 already processed properly, skipping...
Scene 56cb15ad64c068000b4d7ca5_C_gperm_0_gnum2_dpermA-0-0_B-0-0_D-0-0_E-0-0_F-0-0 already processed properly, skipping...
Scene 610d3c0535871d8bfa25107f_E_gperm_0_gnum1_dpermA-0-0_B-0-0_C-0-0_D-0-0_F-0-0 already processed properly, skipping...
Scene 56cb15ad64c068000b4d7ca5_A_gperm_0_gnum3_dpermB-0-0_C-0-0_D-0-0_E-0-0_F-0-0 already processed properly, skipping...
Scene 5e3ae8e5ebfb032f9058ef33_A_gperm_0_gnum6_dpermB-0-0_C-0-0_D-0-0_E-0-0_F-0-0 already processed properly, skipping...
Scene 605fe9680cac2ea943d411ec_B_gperm_0_gnum5_dpermA-0-0_C-0-0_D-0-0_E-0-0_F-0-0 already processed properly, skipping...
Scene 637058f9e7a26c452d1cc49a_D_gperm_0_gnum12_dpermA-0-0_B-0-0_C-0-0_E-0-0_F-0-0 already processed properly, skipping...
Scene 5e3ae8e5ebfb032f9058ef33_C_gperm_0_gnum7_dpermA-0-0_B-0-0_D-0-0_E-0-0_F-0-0 already processed properly, skipping...
Scene 6111c4865701e1ba367af3e3_B_gperm_0_gnum5_dpermA-0-0_C-0-0_D-0-0_E-0-0_F-0-0 already processed properly, skipping...
Scene 5c4a428161c51f0001e96b3f_E_gperm_0_gnum10_dpermA-0-0_B-0-0_C-0-0_D-0-0_F-0-0 already processed properly, skipping...
Scene 5c4a428161c51f0001e96b3f_F_gperm_0_gnum2_dpermA-0-0_B-0-0_C-0-0_D-0-0_E-0-0 already processed properly, skipping...
Scene 605fe9680cac2ea943d411ec_C_gperm_0_gnum14_dpermA-0-0_B-0-0_D-0-0_E-0-0_F-0-0 already processed properly, skipping...
Scene 5d6ac7e17658a1001a8c63b2_F_gperm_0_gnum6_dpermA-0-0_B-0-0_C-0-0_D-0-0_E-0-0 already processed properly, skipping...
Scene 5a792c898fe2dc0001058c3b_B_gperm_0_gnum5_dpermA-0-0_C-0-0_D-0-0_E-0-0_F-0-0 already processed properly, skipping...
Scene 5d1b4ec634783e0001336019_C_gperm_0_gnum7_dpermA-0-0_B-0-0_D-0-0_E-0-0_F-0-0 already processed properly, skipping...
Scene 5d1b4ec634783e0001336019_A_gperm_0_gnum6_dpermB-0-0_C-0-0_D-0-0_E-0-0_F-0-0 already processed properly, skipping...
Scene 637058f9e7a26c452d1cc49a_F_gperm_0_gnum5_dpermA-0-0_B-0-0_C-0-0_D-0-0_E-0-0 already processed properly, skipping...
Scene 62b0b9d60841bfa66838f436_E_gperm_0_gnum1_dpermA-0-0_B-0-0_C-0-0_D-0-0_F-0-0 already processed properly, skipping...
Scene 630386f64c5bbd56ab1c3b0f_E_gperm_0_gnum2_dpermA-0-0_B-0-0_C-0-0_D-0-0_F-0-0 already processed properly, skipping...
Scene 5d1b4ec634783e0001336019_D_gperm_0_gnum4_dpermA-0-0_B-0-0_C-0-0_E-0-0_F-0-0 already processed properly, skipping...
Scene 62b0b9d60841bfa66838f436_B_gperm_0_gnum4_dpermA-0-0_C-0-0_D-0-0_E-0-0_F-0-0 already processed properly, skipping...
Scene 5e3ae8e5ebfb032f9058ef33_D_gperm_0_gnum4_dpermA-0-0_B-0-0_C-0-0_E-0-0_F-0-0 already processed properly, skipping...
Scene 605fe9680cac2ea943d411ec_A_gperm_0_gnum9_dpermB-0-0_C-0-0_D-0-0_E-0-0_F-0-0 already processed properly, skipping...
Scene 605fe9680cac2ea943d411ec_C_gperm_0_gnum8_dpermA-0-0_B-0-0_D-0-0_E-0-0_F-0-0 already processed properly, skipping...
Scene 6111c4865701e1ba367af3e3_C_gperm_0_gnum8_dpermA-0-0_B-0-0_D-0-0_E-0-0_F-0-0 already processed properly, skipping...
Scene 6111c4865701e1ba367af3e3_A_gperm_0_gnum9_dpermB-0-0_C-0-0_D-0-0_E-0-0_F-0-0 already processed properly, skipping...
Scene 5d6ac7e17658a1001a8c63b2_B_gperm_0_gnum2_dpermA-0-0_C-0-0_D-0-0_E-0-0_F-0-0 already processed properly, skipping...
Scene 5c4a428161c51f0001e96b3f_E_gperm_0_gnum3_dpermA-0-0_B-0-0_C-0-0_D-0-0_F-0-0 already processed properly, skipping...
Scene 5a792c898fe2dc0001058c3b_F_gperm_0_gnum1_dpermA-0-0_B-0-0_C-0-0_D-0-0_E-0-0 already processed properly, skipping...
Scene 56cb15ad64c068000b4d7ca5_D_gperm_0_gnum1_dpermA-0-0_B-0-0_C-0-0_E-0-0_F-0-0 already processed properly, skipping...
Scene 6111c4865701e1ba367af3e3_F_gperm_0_gnum1_dpermA-0-0_B-0-0_C-0-0_D-0-0_E-0-0 already processed properly, skipping...
Scene 5a907927873cda0001dc4719_A_gperm_0_gnum5_dpermB-0-0_C-0-0_D-0-0_E-0-0_F-0-0 already processed properly, skipping...
Scene 5a907927873cda0001dc4719_C_gperm_0_gnum4_dpermA-0-0_B-0-0_D-0-0_E-0-0_F-0-0 already processed properly, skipping...
Scene 5c4a428161c51f0001e96b3f_D_gperm_0_gnum8_dpermA-0-0_B-0-0_C-0-0_E-0-0_F-0-0 already processed properly, skipping...
Scene 5d6ac7e17658a1001a8c63b2_E_gperm_0_gnum7_dpermA-0-0_B-0-0_C-0-0_D-0-0_F-0-0 already processed properly, skipping...
Scene 605fe9680cac2ea943d411ec_F_gperm_0_gnum1_dpermA-0-0_B-0-0_C-0-0_D-0-0_E-0-0 already processed properly, skipping...
Scene 5c4a428161c51f0001e96b3f_B_gperm_0_gnum6_dpermA-0-0_C-0-0_D-0-0_E-0-0_F-0-0 already processed properly, skipping...
Scene 5c8ec999bb6a3c00014acf5f_A_gperm_0_gnum6_dpermB-0-0_C-0-0_D-0-0_E-0-0_F-0-0 already processed properly, skipping...
Scene 5c8ec999bb6a3c00014acf5f_C_gperm_0_gnum7_dpermA-0-0_B-0-0_D-0-0_E-0-0_F-0-0 already processed properly, skipping...
Scene 5e3ae8e5ebfb032f9058ef33_D_gperm_0_gnum1_dpermA-0-0_B-0-0_C-0-0_E-0-0_F-0-0 already processed properly, skipping...
Scene 62b0b9d60841bfa66838f436_B_gperm_0_gnum1_dpermA-0-0_C-0-0_D-0-0_E-0-0_F-0-0 already processed properly, skipping...
Scene 630386f64c5bbd56ab1c3b0f_B_gperm_0_gnum2_dpermA-0-0_C-0-0_D-0-0_E-0-0_F-0-0 already processed properly, skipping...
Scene 630386f64c5bbd56ab1c3b0f_E_gperm_0_gnum7_dpermA-0-0_B-0-0_C-0-0_D-0-0_F-0-0 already processed properly, skipping...
Scene 62b0b9d60841bfa66838f436_E_gperm_0_gnum4_dpermA-0-0_B-0-0_C-0-0_D-0-0_F-0-0 already processed properly, skipping...
Scene 5d1b4ec634783e0001336019_D_gperm_0_gnum1_dpermA-0-0_B-0-0_C-0-0_E-0-0_F-0-0 already processed properly, skipping...
Scene 6111c4865701e1ba367af3e3_F_gperm_0_gnum4_dpermA-0-0_B-0-0_C-0-0_D-0-0_E-0-0 already processed properly, skipping...
Scene 5a907927873cda0001dc4719_C_gperm_0_gnum1_dpermA-0-0_B-0-0_D-0-0_E-0-0_F-0-0 already processed properly, skipping...
Scene 5d6ac7e17658a1001a8c63b2_E_gperm_0_gnum2_dpermA-0-0_B-0-0_C-0-0_D-0-0_F-0-0 already processed properly, skipping...
Scene 605fe9680cac2ea943d411ec_F_gperm_0_gnum4_dpermA-0-0_B-0-0_C-0-0_D-0-0_E-0-0 already processed properly, skipping...
Scene 5c8ec999bb6a3c00014acf5f_A_gperm_0_gnum3_dpermB-0-0_C-0-0_D-0-0_E-0-0_F-0-0 already processed properly, skipping...
Scene 5c4a428161c51f0001e96b3f_B_gperm_0_gnum3_dpermA-0-0_C-0-0_D-0-0_E-0-0_F-0-0 already processed properly, skipping...
Scene 5c8ec999bb6a3c00014acf5f_C_gperm_0_gnum2_dpermA-0-0_B-0-0_D-0-0_E-0-0_F-0-0 already processed properly, skipping...
Scene 5d6ac7e17658a1001a8c63b2_B_gperm_0_gnum7_dpermA-0-0_C-0-0_D-0-0_E-0-0_F-0-0 already processed properly, skipping...
Scene 5c4a428161c51f0001e96b3f_E_gperm_0_gnum6_dpermA-0-0_B-0-0_C-0-0_D-0-0_F-0-0 already processed properly, skipping...
Scene 56cb15ad64c068000b4d7ca5_D_gperm_0_gnum4_dpermA-0-0_B-0-0_C-0-0_E-0-0_F-0-0 already processed properly, skipping...
Scene 637058f9e7a26c452d1cc49a_C_gperm_0_gnum9_dpermA-0-0_B-0-0_D-0-0_E-0-0_F-0-0 already processed properly, skipping...
Scene 5a792c898fe2dc0001058c3b_F_gperm_0_gnum4_dpermA-0-0_B-0-0_C-0-0_D-0-0_E-0-0 already processed properly, skipping...
Scene 6111c4865701e1ba367af3e3_E_gperm_0_gnum11_dpermA-0-0_B-0-0_C-0-0_D-0-0_F-0-0 already processed properly, skipping...
Scene 637058f9e7a26c452d1cc49a_A_gperm_0_gnum8_dpermB-0-0_C-0-0_D-0-0_E-0-0_F-0-0 already processed properly, skipping...
Scene 637058f9e7a26c452d1cc49a_B_gperm_0_gnum4_dpermA-0-0_C-0-0_D-0-0_E-0-0_F-0-0 already processed properly, skipping...
Scene 630386f64c5bbd56ab1c3b0f_F_gperm_0_gnum6_dpermA-0-0_B-0-0_C-0-0_D-0-0_E-0-0 already processed properly, skipping...
Scene 62b0b9d60841bfa66838f436_F_gperm_0_gnum5_dpermA-0-0_B-0-0_C-0-0_D-0-0_E-0-0 already processed properly, skipping...
Scene 637058f9e7a26c452d1cc49a_E_gperm_0_gnum1_dpermA-0-0_B-0-0_C-0-0_D-0-0_F-0-0 already processed properly, skipping...
Scene 5a907927873cda0001dc4719_D_gperm_0_gnum2_dpermA-0-0_B-0-0_C-0-0_E-0-0_F-0-0 already processed properly, skipping...
Scene 5c8ec999bb6a3c00014acf5f_D_gperm_0_gnum1_dpermA-0-0_B-0-0_C-0-0_E-0-0_F-0-0 already processed properly, skipping...
605fe9680cac2ea943d411ec_E_gperm_0_gnum12_dpermA-0-0_B-0-0_C-0-0_D-0-0_F-0-0 has incomplete prediction, reprocessing...

==========Scene 605fe9680cac2ea943d411ec_E_gperm_0_gnum12_dpermA-0-0_B-0-0_C-0-0_D-0-0_F-0-0==========
Unplaced objects: ['cereal bowl', 'ketchup bottle 2', 'wine bottle 2', 'saucepan', 'tea pot', 'cheese', 'china plate 2', 'carrot', 'peanut butter', 'peanut butter 2', 'carrot 2', 'tea pot 2']
Placement response: <pick_and_place("peanut butter", "cabinet top shelf")
pick_and_place("peanut butter 2", "cabinet top shelf")
pick_and_place("cheese", "cabinet top shelf")
pick_and_place("carrot", "cabinet top shelf")
pick_and_place("carrot 2", "cabinet top shelf")
pick_and_place("cereal bowl", "cabinet middle shelf")
pick_and_place("wine bottle 2", "cabinet middle shelf")
pick_and_place("tea pot 2", "cabinet middle shelf")
pick_and_place("saucepan", "cabinet bottom shelf")
pick_and_place("china plate 2", "cabinet bottom shelf")>
No matching placement for object ketchup bottle, skipping.
No matching placement for object tea pot, skipping.
Scene still has unplaced objects: ['ketchup bottle', 'tea pot']
Warning: Scene 605fe9680cac2ea943d411ec_E_gperm_0_gnum12_dpermA-0-0_B-0-0_C-0-0_D-0-0_F-0-0 still has unplaced objects.
Done processing scene 605fe9680cac2ea943d411ec_E_gperm_0_gnum12_dpermA-0-0_B-0-0_C-0-0_D-0-0_F-0-0.
Scene 610d3c0535871d8bfa25107f_B_gperm_0_gnum1_dpermA-0-0_C-0-0_D-0-0_E-0-0_F-0-0 already processed properly, skipping...
Scene 6111c4865701e1ba367af3e3_E_gperm_0_gnum5_dpermA-0-0_B-0-0_C-0-0_D-0-0_F-0-0 already processed properly, skipping...
Scene 5d6ac7e17658a1001a8c63b2_F_gperm_0_gnum3_dpermA-0-0_B-0-0_C-0-0_D-0-0_E-0-0 already processed properly, skipping...
Scene 605fe9680cac2ea943d411ec_E_gperm_0_gnum5_dpermA-0-0_B-0-0_C-0-0_D-0-0_F-0-0 already processed properly, skipping...
Scene 5d1b4ec634783e0001336019_C_gperm_0_gnum2_dpermA-0-0_B-0-0_D-0-0_E-0-0_F-0-0 already processed properly, skipping...
Scene 5d1b4ec634783e0001336019_A_gperm_0_gnum3_dpermB-0-0_C-0-0_D-0-0_E-0-0_F-0-0 already processed properly, skipping...
Scene 5e3ae8e5ebfb032f9058ef33_A_gperm_0_gnum3_dpermB-0-0_C-0-0_D-0-0_E-0-0_F-0-0 already processed properly, skipping...
Scene 5e3ae8e5ebfb032f9058ef33_C_gperm_0_gnum2_dpermA-0-0_B-0-0_D-0-0_E-0-0_F-0-0 already processed properly, skipping...
5c4a428161c51f0001e96b3f_F_gperm_0_gnum7_dpermA-0-0_B-0-0_C-0-0_D-0-0_E-0-0 has incomplete prediction, reprocessing...

==========Scene 5c4a428161c51f0001e96b3f_F_gperm_0_gnum7_dpermA-0-0_B-0-0_C-0-0_D-0-0_E-0-0==========
Unplaced objects: ['cotton swabs', 'flower vase', 'hair brush', 'purse', 'peanut butter', 'tortillas', 'beer mug']
Placement response: <pick_and_place("beer mug", "cabinet middle-right shelf")
pick_and_place("tortillas", "cabinet middle-right shelf")
pick_and_place("cotton swabs", "cabinet middle-left shelf")
pick_and_place("hair brush", "cabinet middle-left shelf")
pick_and_place("purse", "cabinet top-right shelf")
pick_and_place("peanut butter", "cabinet top-left shelf")
pick_and_place("flower vase", "cabinet top-left shelf")>
Done processing scene 5c4a428161c51f0001e96b3f_F_gperm_0_gnum7_dpermA-0-0_B-0-0_C-0-0_D-0-0_E-0-0.
Scene 605fe9680cac2ea943d411ec_C_gperm_0_gnum11_dpermA-0-0_B-0-0_D-0-0_E-0-0_F-0-0 already processed properly, skipping...
Scene 5a792c898fe2dc0001058c3b_E_gperm_0_gnum5_dpermA-0-0_B-0-0_C-0-0_D-0-0_F-0-0 already processed properly, skipping...
Scene 56cb15ad64c068000b4d7ca5_C_gperm_0_gnum3_dpermA-0-0_B-0-0_D-0-0_E-0-0_F-0-0 already processed properly, skipping...
Scene 56cb15ad64c068000b4d7ca5_A_gperm_0_gnum2_dpermB-0-0_C-0-0_D-0-0_E-0-0_F-0-0 already processed properly, skipping...
Scene 5a907927873cda0001dc4719_D_gperm_0_gnum6_dpermA-0-0_B-0-0_C-0-0_E-0-0_F-0-0 already processed properly, skipping...
5c4a428161c51f0001e96b3f_C_gperm_0_gnum12_dpermA-0-0_B-0-0_D-0-0_E-0-0_F-0-0 has incomplete prediction, reprocessing...

==========Scene 5c4a428161c51f0001e96b3f_C_gperm_0_gnum12_dpermA-0-0_B-0-0_D-0-0_E-0-0_F-0-0==========
Unplaced objects: ['serving tray', 'heavy cream', 'ketchup bottle', 'peanut butter', 'toilet paper', 'magazine', 'cotton swabs', 'bread', 'soap dispenser', 'frying pan', 'silicone spatula', 'toilet paper 2']
Placement response: <pick_and_place("heavy cream", "cabinet top-left shelf")
pick_and_place("ketchup bottle", "cabinet top-left shelf")
pick_and_place("peanut butter", "cabinet top-left shelf")
pick_and_place("bread", "cabinet top-left shelf")
pick_and_place("serving tray", "cabinet middle-left shelf")
pick_and_place("frying pan", "cabinet middle-left shelf")
pick_and_place("silicone spatula", "cabinet middle-left shelf")
pick_and_place("magazine", "cabinet top-right shelf")
pick_and_place("toilet paper", "cabinet middle-right shelf")
pick_and_place("toilet paper 2", "cabinet middle-right shelf")
pick_and_place("cotton swabs", "cabinet middle-right shelf")
pick_and_place("soap dispenser", "cabinet middle-right shelf")>
Done processing scene 5c4a428161c51f0001e96b3f_C_gperm_0_gnum12_dpermA-0-0_B-0-0_D-0-0_E-0-0_F-0-0.
Scene 62b0b9d60841bfa66838f436_F_gperm_0_gnum1_dpermA-0-0_B-0-0_C-0-0_D-0-0_E-0-0 already processed properly, skipping...
Scene 630386f64c5bbd56ab1c3b0f_F_gperm_0_gnum2_dpermA-0-0_B-0-0_C-0-0_D-0-0_E-0-0 already processed properly, skipping...
Scene 637058f9e7a26c452d1cc49a_E_gperm_0_gnum5_dpermA-0-0_B-0-0_C-0-0_D-0-0_F-0-0 already processed properly, skipping...
Scene 637058f9e7a26c452d1cc49a_F_gperm_0_gnum13_dpermA-0-0_B-0-0_C-0-0_D-0-0_E-0-0 already processed properly, skipping...
5a907927873cda0001dc4719_B_gperm_0_gnum8_dpermA-0-0_C-0-0_D-0-0_E-0-0_F-0-0 has incomplete prediction, reprocessing...

==========Scene 5a907927873cda0001dc4719_B_gperm_0_gnum8_dpermA-0-0_C-0-0_D-0-0_E-0-0_F-0-0==========
Unplaced objects: ['sunglasses', 'alarm clock', 'lamp', 'radio', 'magazine', 'candle', 'sunglasses 2', 'candle 2']
Placement response: <pick_and_place("alarm clock", "shelf 2")
pick_and_place("lamp", "shelf 2")
pick_and_place("radio", "shelf 3")
pick_and_place("candle", "shelf 3")
pick_and_place("candle 2", "shelf 3")
pick_and_place("sunglasses", "shelf 2")
pick_and_place("sunglasses 2", "shelf 2")
pick_and_place("magazine", "shelf 4")>
Done processing scene 5a907927873cda0001dc4719_B_gperm_0_gnum8_dpermA-0-0_C-0-0_D-0-0_E-0-0_F-0-0.
Scene 5d6ac7e17658a1001a8c63b2_F_gperm_0_gnum7_dpermA-0-0_B-0-0_C-0-0_D-0-0_E-0-0 already processed properly, skipping...
Scene 605fe9680cac2ea943d411ec_E_gperm_0_gnum1_dpermA-0-0_B-0-0_C-0-0_D-0-0_F-0-0 already processed properly, skipping...
Scene 6111c4865701e1ba367af3e3_E_gperm_0_gnum1_dpermA-0-0_B-0-0_C-0-0_D-0-0_F-0-0 already processed properly, skipping...
Scene 5d1b4ec634783e0001336019_C_gperm_0_gnum6_dpermA-0-0_B-0-0_D-0-0_E-0-0_F-0-0 already processed properly, skipping...
Scene 5d1b4ec634783e0001336019_A_gperm_0_gnum7_dpermB-0-0_C-0-0_D-0-0_E-0-0_F-0-0 already processed properly, skipping...
Scene 5a792c898fe2dc0001058c3b_B_gperm_0_gnum4_dpermA-0-0_C-0-0_D-0-0_E-0-0_F-0-0 already processed properly, skipping...
Scene 5c4a428161c51f0001e96b3f_E_gperm_0_gnum11_dpermA-0-0_B-0-0_C-0-0_D-0-0_F-0-0 already processed properly, skipping...
Scene 6111c4865701e1ba367af3e3_B_gperm_0_gnum4_dpermA-0-0_C-0-0_D-0-0_E-0-0_F-0-0 already processed properly, skipping...
5e3ae8e5ebfb032f9058ef33_A_gperm_0_gnum7_dpermB-0-0_C-0-0_D-0-0_E-0-0_F-0-0 has incomplete prediction, reprocessing...

==========Scene 5e3ae8e5ebfb032f9058ef33_A_gperm_0_gnum7_dpermB-0-0_C-0-0_D-0-0_E-0-0_F-0-0==========
Unplaced objects: ['oil diffuser', 'tissue box', 'basket', 'book', 'tissue box 2', 'basket 2', 'flower bouquet']
Placement response: <pick_and_place("tissue box", "shelf 3")
pick_and_place("book", "shelf 3")
pick_and_place("tissue box 2", "shelf 3")
pick_and_place("flower bouquet", "shelf 1 (top)")
pick_and_place("basket", "shelf 4 (bottom)")
pick_and_place("oil diffuser", "shelf 2")
pick_and_place("basket 2", "shelf 4 (bottom)")>
Done processing scene 5e3ae8e5ebfb032f9058ef33_A_gperm_0_gnum7_dpermB-0-0_C-0-0_D-0-0_E-0-0_F-0-0.
605fe9680cac2ea943d411ec_B_gperm_0_gnum4_dpermA-0-0_C-0-0_D-0-0_E-0-0_F-0-0 has incomplete prediction, reprocessing...

==========Scene 605fe9680cac2ea943d411ec_B_gperm_0_gnum4_dpermA-0-0_C-0-0_D-0-0_E-0-0_F-0-0==========
Unplaced objects: ['rubber gloves 2', 'strawberry jam', 'strawberry jam 2', 'bread 2']
Placement response: <pick_and_place("strawberry jam", "cabinet top shelf")
pick_and_place("strawberry jam 2", "cabinet top shelf")
pick_and_place("bread 2", "cabinet top shelf")
pick_and_place("rubber gloves 2", "cabinet bottom shelf")>
Done processing scene 605fe9680cac2ea943d411ec_B_gperm_0_gnum4_dpermA-0-0_C-0-0_D-0-0_E-0-0_F-0-0.
637058f9e7a26c452d1cc49a_D_gperm_0_gnum13_dpermA-0-0_B-0-0_C-0-0_E-0-0_F-0-0 has incomplete prediction, reprocessing...

==========Scene 637058f9e7a26c452d1cc49a_D_gperm_0_gnum13_dpermA-0-0_B-0-0_C-0-0_E-0-0_F-0-0==========
Unplaced objects: ['statue', 'hair straightener', 'necklace', 'tissue box', 'necklace 2', 'watch', 'hair straightener 2', 'candle', 'razor 2', 'statue 2', 'purse 2', 'watch 2', 'plant']
Placement response: <pick_and_place("necklace", "dresser center drawer")
pick_and_place("necklace 2", "dresser center drawer")
pick_and_place("hair straightener", "dresser right drawer 1 (top)")
pick_and_place("hair straightener 2", "dresser right drawer 2")
pick_and_place("candle", "dresser right drawer 3")
pick_and_place("razor 2", "dresser right drawer 3")
pick_and_place("watch", "dresser right drawer 4 (bottom)")
pick_and_place("watch 2", "dresser right drawer 4 (bottom)")
pick_and_place("purse 2", "dresser table surface")
pick_and_place("statue", "dresser top shelf (open)")
pick_and_place("statue 2", "dresser top shelf (open)")
pick_and_place("plant", "dresser top shelf (open)")
pick_and_place("tissue box", "dresser bottom shelf (open)")>
Done processing scene 637058f9e7a26c452d1cc49a_D_gperm_0_gnum13_dpermA-0-0_B-0-0_C-0-0_E-0-0_F-0-0.
Scene 5e3ae8e5ebfb032f9058ef33_C_gperm_0_gnum6_dpermA-0-0_B-0-0_D-0-0_E-0-0_F-0-0 already processed properly, skipping...
605fe9680cac2ea943d411ec_C_gperm_0_gnum15_dpermA-0-0_B-0-0_D-0-0_E-0-0_F-0-0 has incomplete prediction, reprocessing...

==========Scene 605fe9680cac2ea943d411ec_C_gperm_0_gnum15_dpermA-0-0_B-0-0_D-0-0_E-0-0_F-0-0==========
Unplaced objects: ['tea pot', 'lamp', 'cereal bowl', 'tea pot 2', 'deodorant 2', 'saucepan', 'saucepan 2', 'watch', 'watch 2', 'flower bouquet', 'loofah 2', 'mug', 'mug 2', 'coffee mug 2', 'lamp 2']
Placement response: <pick_and_place("cereal bowl", "cabinet top shelf")
pick_and_place("saucepan", "cabinet top shelf")
pick_and_place("saucepan 2", "cabinet top shelf")

pick_and_place("tea pot", "cabinet middle shelf")
pick_and_place("tea pot 2", "cabinet middle shelf")
pick_and_place("mug", "cabinet middle shelf")
pick_and_place("mug 2", "cabinet middle shelf")
pick_and_place("coffee mug 2", "cabinet middle shelf")

pick_and_place("lamp", "cabinet bottom shelf")
pick_and_place("lamp 2", "cabinet bottom shelf")
pick_and_place("watch", "cabinet bottom shelf")
pick_and_place("watch 2", "cabinet bottom shelf")
pick_and_place("flower bouquet", "cabinet bottom shelf")
pick_and_place("loofah 2", "cabinet bottom shelf")>
Warning: Stopping since newline was encountered
No matching placement for object tea pot, skipping.
No matching placement for object lamp, skipping.
No matching placement for object tea pot, skipping.
No matching placement for object deodorant, skipping.
No matching placement for object watch, skipping.
No matching placement for object watch, skipping.
No matching placement for object flower bouquet, skipping.
No matching placement for object loofah, skipping.
No matching placement for object mug, skipping.
No matching placement for object mug, skipping.
No matching placement for object coffee mug, skipping.
No matching placement for object lamp, skipping.
Scene still has unplaced objects: ['tea pot', 'lamp', 'tea pot', 'deodorant', 'watch', 'watch', 'flower bouquet', 'loofah', 'mug', 'mug', 'coffee mug', 'lamp']
Warning: Scene 605fe9680cac2ea943d411ec_C_gperm_0_gnum15_dpermA-0-0_B-0-0_D-0-0_E-0-0_F-0-0 still has unplaced objects.
Done processing scene 605fe9680cac2ea943d411ec_C_gperm_0_gnum15_dpermA-0-0_B-0-0_D-0-0_E-0-0_F-0-0.
Scene 5a792c898fe2dc0001058c3b_E_gperm_0_gnum1_dpermA-0-0_B-0-0_C-0-0_D-0-0_F-0-0 already processed properly, skipping...
Scene 5c4a428161c51f0001e96b3f_F_gperm_0_gnum3_dpermA-0-0_B-0-0_C-0-0_D-0-0_E-0-0 already processed properly, skipping...
Scene 5e3ae8e5ebfb032f9058ef33_D_gperm_0_gnum5_dpermA-0-0_B-0-0_C-0-0_E-0-0_F-0-0 already processed properly, skipping...
630386f64c5bbd56ab1c3b0f_B_gperm_0_gnum6_dpermA-0-0_C-0-0_D-0-0_E-0-0_F-0-0 has incomplete prediction, reprocessing...

==========Scene 630386f64c5bbd56ab1c3b0f_B_gperm_0_gnum6_dpermA-0-0_C-0-0_D-0-0_E-0-0_F-0-0==========
Unplaced objects: ['soda can', 'milk carton', 'milk carton 2', 'cheese', 'cheese 2', 'eggs']
Placement response: <pick_and_place("soda can", "fridge top door shelf")
pick_and_place("milk carton", "fridge shelf 1 (top)")
pick_and_place("milk carton 2", "fridge shelf 1 (top)")
pick_and_place("cheese", "fridge shelf 2")
pick_and_place("cheese 2",  "fridge shelf 2")
pick_and_place("eggs", "fridge shelf 3")>
Done processing scene 630386f64c5bbd56ab1c3b0f_B_gperm_0_gnum6_dpermA-0-0_C-0-0_D-0-0_E-0-0_F-0-0.
Scene 6111c4865701e1ba367af3e3_C_gperm_0_gnum9_dpermA-0-0_B-0-0_D-0-0_E-0-0_F-0-0 already processed properly, skipping...
Scene 6111c4865701e1ba367af3e3_A_gperm_0_gnum8_dpermB-0-0_C-0-0_D-0-0_E-0-0_F-0-0 already processed properly, skipping...
Scene 605fe9680cac2ea943d411ec_A_gperm_0_gnum8_dpermB-0-0_C-0-0_D-0-0_E-0-0_F-0-0 already processed properly, skipping...
Scene 610d3c0535871d8bfa25107f_F_gperm_0_gnum1_dpermA-0-0_B-0-0_C-0-0_D-0-0_E-0-0 already processed properly, skipping...
Scene 605fe9680cac2ea943d411ec_C_gperm_0_gnum9_dpermA-0-0_B-0-0_D-0-0_E-0-0_F-0-0 already processed properly, skipping...
Scene 637058f9e7a26c452d1cc49a_F_gperm_0_gnum4_dpermA-0-0_B-0-0_C-0-0_D-0-0_E-0-0 already processed properly, skipping...
Scene 630386f64c5bbd56ab1c3b0f_E_gperm_0_gnum3_dpermA-0-0_B-0-0_C-0-0_D-0-0_F-0-0 already processed properly, skipping...
Scene 5d1b4ec634783e0001336019_D_gperm_0_gnum5_dpermA-0-0_B-0-0_C-0-0_E-0-0_F-0-0 already processed properly, skipping...
Scene 5d6ac7e17658a1001a8c63b2_E_gperm_0_gnum6_dpermA-0-0_B-0-0_C-0-0_D-0-0_F-0-0 already processed properly, skipping...
Scene 5a907927873cda0001dc4719_A_gperm_0_gnum4_dpermB-0-0_C-0-0_D-0-0_E-0-0_F-0-0 already processed properly, skipping...
Scene 5a907927873cda0001dc4719_C_gperm_0_gnum5_dpermA-0-0_B-0-0_D-0-0_E-0-0_F-0-0 already processed properly, skipping...
Scene 5c4a428161c51f0001e96b3f_D_gperm_0_gnum9_dpermA-0-0_B-0-0_C-0-0_E-0-0_F-0-0 already processed properly, skipping...
5c8ec999bb6a3c00014acf5f_A_gperm_0_gnum7_dpermB-0-0_C-0-0_D-0-0_E-0-0_F-0-0 has incomplete prediction, reprocessing...

==========Scene 5c8ec999bb6a3c00014acf5f_A_gperm_0_gnum7_dpermB-0-0_C-0-0_D-0-0_E-0-0_F-0-0==========
Unplaced objects: ['hair brush', 'dental floss', 'sanitizing wipes', 'toothpaste', 'body wash 2', 'toothpaste 2', 'sanitizing wipes 2']
Placement response: <pick_and_place("hair brush", "cabinet middle-right shelf (open)")
pick_and_place("dental floss", "cabinet top-left shelf (open)")
pick_and_place("toothpaste", "cabinet top-left shelf (open)")
pick_and_place("sanitizing wipes", "cabinet bottom shelf (open)")
pick_and_place("body wash 2", "cabinet bottom shelf (open)")

# Since the bottom shelf can accommodate up to 4 items, and the number of items at other locations exceeds the limit of that location, we should then continue to place the remaining items on the same self which are the same category or type. The remaining items are "toothpaste 2" (oral care - same shelf as toothpaste), and "sanitizing wipes 2" (different item - same shelf  as the other sanitizing wipes).

pick_and_place("toothpaste 2", "cabinet top-left shelf (open)")
pick_and_place("sanitizing wipes 2", "cabinet bottom shelf (open)")>
Warning: Stopping since newline was encountered
No matching placement for object toothpaste, skipping.
No matching placement for object sanitizing wipes, skipping.
Scene still has unplaced objects: ['toothpaste', 'sanitizing wipes']
Warning: Scene 5c8ec999bb6a3c00014acf5f_A_gperm_0_gnum7_dpermB-0-0_C-0-0_D-0-0_E-0-0_F-0-0 still has unplaced objects.
Done processing scene 5c8ec999bb6a3c00014acf5f_A_gperm_0_gnum7_dpermB-0-0_C-0-0_D-0-0_E-0-0_F-0-0.
Scene 5c4a428161c51f0001e96b3f_B_gperm_0_gnum7_dpermA-0-0_C-0-0_D-0-0_E-0-0_F-0-0 already processed properly, skipping...
Scene 5c8ec999bb6a3c00014acf5f_C_gperm_0_gnum6_dpermA-0-0_B-0-0_D-0-0_E-0-0_F-0-0 already processed properly, skipping...
Scene 5d6ac7e17658a1001a8c63b2_B_gperm_0_gnum3_dpermA-0-0_C-0-0_D-0-0_E-0-0_F-0-0 already processed properly, skipping...
Scene 5c4a428161c51f0001e96b3f_E_gperm_0_gnum2_dpermA-0-0_B-0-0_C-0-0_D-0-0_F-0-0 already processed properly, skipping...
Scene 5a907927873cda0001dc4719_E_gperm_0_gnum5_dpermA-0-0_B-0-0_C-0-0_D-0-0_F-0-0 already processed properly, skipping...
Scene 5d6ac7e17658a1001a8c63b2_C_gperm_0_gnum6_dpermA-0-0_B-0-0_D-0-0_E-0-0_F-0-0 already processed properly, skipping...
Scene 637058f9e7a26c452d1cc49a_D_gperm_0_gnum6_dpermA-0-0_B-0-0_C-0-0_E-0-0_F-0-0 already processed properly, skipping...
Scene 5d6ac7e17658a1001a8c63b2_A_gperm_0_gnum7_dpermB-0-0_C-0-0_D-0-0_E-0-0_F-0-0 already processed properly, skipping...
Scene 637058f9e7a26c452d1cc49a_B_gperm_0_gnum8_dpermA-0-0_C-0-0_D-0-0_E-0-0_F-0-0 already processed properly, skipping...
Scene 5d1b4ec634783e0001336019_F_gperm_0_gnum7_dpermA-0-0_B-0-0_C-0-0_D-0-0_E-0-0 already processed properly, skipping...
Scene 5e3ae8e5ebfb032f9058ef33_F_gperm_0_gnum7_dpermA-0-0_B-0-0_C-0-0_D-0-0_E-0-0 already processed properly, skipping...
Scene 605fe9680cac2ea943d411ec_F_gperm_0_gnum10_dpermA-0-0_B-0-0_C-0-0_D-0-0_E-0-0 already processed properly, skipping...
Scene 5c8ec999bb6a3c00014acf5f_B_gperm_0_gnum3_dpermA-0-0_C-0-0_D-0-0_E-0-0_F-0-0 already processed properly, skipping...
5c4a428161c51f0001e96b3f_A_gperm_0_gnum3_dpermB-0-0_C-0-0_D-0-0_E-0-0_F-0-0 has incomplete prediction, reprocessing...

==========Scene 5c4a428161c51f0001e96b3f_A_gperm_0_gnum3_dpermB-0-0_C-0-0_D-0-0_E-0-0_F-0-0==========
Unplaced objects: ['tea pot', 'tortillas', 'silicone spatula']
Placement response: <pick_and_place("tea pot", "cabinet middle-right shelf")
pick_and_place("silicone spatula", "cabinet middle-right shelf")
pick_and_place("tortillas", "cabinet middle-left shelf")>
Done processing scene 5c4a428161c51f0001e96b3f_A_gperm_0_gnum3_dpermB-0-0_C-0-0_D-0-0_E-0-0_F-0-0.
Scene 5a907927873cda0001dc4719_A_gperm_0_gnum10_dpermB-0-0_C-0-0_D-0-0_E-0-0_F-0-0 already processed properly, skipping...
Scene 5c4a428161c51f0001e96b3f_C_gperm_0_gnum2_dpermA-0-0_B-0-0_D-0-0_E-0-0_F-0-0 already processed properly, skipping...
Scene 610d3c0535871d8bfa25107f_D_gperm_0_gnum3_dpermA-0-0_B-0-0_C-0-0_E-0-0_F-0-0 already processed properly, skipping...
Scene 5a792c898fe2dc0001058c3b_D_gperm_0_gnum2_dpermA-0-0_B-0-0_C-0-0_E-0-0_F-0-0 already processed properly, skipping...
Scene 56cb15ad64c068000b4d7ca5_F_gperm_0_gnum2_dpermA-0-0_B-0-0_C-0-0_D-0-0_E-0-0 already processed properly, skipping...
Scene 605fe9680cac2ea943d411ec_E_gperm_0_gnum9_dpermA-0-0_B-0-0_C-0-0_D-0-0_F-0-0 already processed properly, skipping...
Scene 6111c4865701e1ba367af3e3_E_gperm_0_gnum9_dpermA-0-0_B-0-0_C-0-0_D-0-0_F-0-0 already processed properly, skipping...
Scene 630386f64c5bbd56ab1c3b0f_C_gperm_0_gnum3_dpermA-0-0_B-0-0_D-0-0_E-0-0_F-0-0 already processed properly, skipping...
Scene 62b0b9d60841bfa66838f436_A_gperm_0_gnum1_dpermB-0-0_C-0-0_D-0-0_E-0-0_F-0-0 already processed properly, skipping...
Scene 630386f64c5bbd56ab1c3b0f_A_gperm_0_gnum2_dpermB-0-0_C-0-0_D-0-0_E-0-0_F-0-0 already processed properly, skipping...
Scene 605fe9680cac2ea943d411ec_D_gperm_0_gnum2_dpermA-0-0_B-0-0_C-0-0_E-0-0_F-0-0 already processed properly, skipping...
Scene 6111c4865701e1ba367af3e3_D_gperm_0_gnum2_dpermA-0-0_B-0-0_C-0-0_E-0-0_F-0-0 already processed properly, skipping...
605fe9680cac2ea943d411ec_D_gperm_0_gnum10_dpermA-0-0_B-0-0_C-0-0_E-0-0_F-0-0 has incomplete prediction, reprocessing...

==========Scene 605fe9680cac2ea943d411ec_D_gperm_0_gnum10_dpermA-0-0_B-0-0_C-0-0_E-0-0_F-0-0==========
Unplaced objects: ['wine glass', 'banana', 'bottled water 2', 'soda can', 'butter 2', 'rubber gloves', 'soda can 2', 'wine glass 2', 'rubber gloves 2', 'candle 2']
Placement response: <pick_and_place("bottled water 2", "cabinet top shelf")
pick_and_place("butter 2", "cabinet top shelf")
pick_and_place("soda can", "cabinet top shelf")
pick_and_place("soda can 2", "cabinet top shelf")
pick_and_place("banana", "cabinet top shelf")
pick_and_place("wine glass", "cabinet middle shelf")
pick_and_place("wine glass 2", "cabinet middle shelf")
pick_and_place("rubber gloves", "cabinet bottom shelf")
pick_and_place("rubber gloves 2", "cabinet bottom shelf")
pick_and_place("candle 2", "cabinet bottom shelf")
>
Done processing scene 605fe9680cac2ea943d411ec_D_gperm_0_gnum10_dpermA-0-0_B-0-0_C-0-0_E-0-0_F-0-0.
Scene 6111c4865701e1ba367af3e3_C_gperm_0_gnum1_dpermA-0-0_B-0-0_D-0-0_E-0-0_F-0-0 already processed properly, skipping...
Scene 5a907927873cda0001dc4719_F_gperm_0_gnum4_dpermA-0-0_B-0-0_C-0-0_D-0-0_E-0-0 already processed properly, skipping...
Scene 62b0b9d60841bfa66838f436_D_gperm_0_gnum3_dpermA-0-0_B-0-0_C-0-0_E-0-0_F-0-0 already processed properly, skipping...
Scene 5e3ae8e5ebfb032f9058ef33_B_gperm_0_gnum3_dpermA-0-0_C-0-0_D-0-0_E-0-0_F-0-0 already processed properly, skipping...
Scene 605fe9680cac2ea943d411ec_C_gperm_0_gnum1_dpermA-0-0_B-0-0_D-0-0_E-0-0_F-0-0 already processed properly, skipping...
Scene 605fe9680cac2ea943d411ec_A_gperm_0_gnum16_dpermB-0-0_C-0-0_D-0-0_E-0-0_F-0-0 already processed properly, skipping...
Scene 5c8ec999bb6a3c00014acf5f_F_gperm_0_gnum7_dpermA-0-0_B-0-0_C-0-0_D-0-0_E-0-0 already processed properly, skipping...
Scene 5d1b4ec634783e0001336019_E_gperm_0_gnum6_dpermA-0-0_B-0-0_C-0-0_D-0-0_F-0-0 already processed properly, skipping...
Scene 5d1b4ec634783e0001336019_B_gperm_0_gnum3_dpermA-0-0_C-0-0_D-0-0_E-0-0_F-0-0 already processed properly, skipping...
Scene 5a792c898fe2dc0001058c3b_C_gperm_0_gnum1_dpermA-0-0_B-0-0_D-0-0_E-0-0_F-0-0 already processed properly, skipping...
Scene 5d1b4ec634783e0001336019_D_gperm_0_gnum10_dpermA-0-0_B-0-0_C-0-0_E-0-0_F-0-0 already processed properly, skipping...
Scene 610d3c0535871d8bfa25107f_A_gperm_0_gnum1_dpermB-0-0_C-0-0_D-0-0_E-0-0_F-0-0 already processed properly, skipping...
Scene 56cb15ad64c068000b4d7ca5_E_gperm_0_gnum3_dpermA-0-0_B-0-0_C-0-0_D-0-0_F-0-0 already processed properly, skipping...
Scene 605fe9680cac2ea943d411ec_F_gperm_0_gnum8_dpermA-0-0_B-0-0_C-0-0_D-0-0_E-0-0 already processed properly, skipping...
Scene 6111c4865701e1ba367af3e3_F_gperm_0_gnum8_dpermA-0-0_B-0-0_C-0-0_D-0-0_E-0-0 already processed properly, skipping...
Scene 5c4a428161c51f0001e96b3f_D_gperm_0_gnum1_dpermA-0-0_B-0-0_C-0-0_E-0-0_F-0-0 already processed properly, skipping...
Scene 637058f9e7a26c452d1cc49a_C_gperm_0_gnum5_dpermA-0-0_B-0-0_D-0-0_E-0-0_F-0-0 already processed properly, skipping...
Scene 5d6ac7e17658a1001a8c63b2_D_gperm_0_gnum5_dpermA-0-0_B-0-0_C-0-0_E-0-0_F-0-0 already processed properly, skipping...
Scene 637058f9e7a26c452d1cc49a_A_gperm_0_gnum4_dpermB-0-0_C-0-0_D-0-0_E-0-0_F-0-0 already processed properly, skipping...
Scene 56cb15ad64c068000b4d7ca5_B_gperm_0_gnum6_dpermA-0-0_C-0-0_D-0-0_E-0-0_F-0-0 already processed properly, skipping...
Scene 605fe9680cac2ea943d411ec_A_gperm_0_gnum4_dpermB-0-0_C-0-0_D-0-0_E-0-0_F-0-0 already processed properly, skipping...
Scene 630386f64c5bbd56ab1c3b0f_D_gperm_0_gnum4_dpermA-0-0_B-0-0_C-0-0_E-0-0_F-0-0 already processed properly, skipping...
Scene 605fe9680cac2ea943d411ec_C_gperm_0_gnum5_dpermA-0-0_B-0-0_D-0-0_E-0-0_F-0-0 already processed properly, skipping...
Scene 6111c4865701e1ba367af3e3_C_gperm_0_gnum5_dpermA-0-0_B-0-0_D-0-0_E-0-0_F-0-0 already processed properly, skipping...
Scene 6111c4865701e1ba367af3e3_A_gperm_0_gnum4_dpermB-0-0_C-0-0_D-0-0_E-0-0_F-0-0 already processed properly, skipping...
Scene 5d1b4ec634783e0001336019_E_gperm_0_gnum2_dpermA-0-0_B-0-0_C-0-0_D-0-0_F-0-0 already processed properly, skipping...
Scene 5c8ec999bb6a3c00014acf5f_F_gperm_0_gnum3_dpermA-0-0_B-0-0_C-0-0_D-0-0_E-0-0 already processed properly, skipping...
Scene 605fe9680cac2ea943d411ec_A_gperm_0_gnum12_dpermB-0-0_C-0-0_D-0-0_E-0-0_F-0-0 already processed properly, skipping...
Scene 5d1b4ec634783e0001336019_D_gperm_0_gnum9_dpermA-0-0_B-0-0_C-0-0_E-0-0_F-0-0 already processed properly, skipping...
Scene 5e3ae8e5ebfb032f9058ef33_E_gperm_0_gnum2_dpermA-0-0_B-0-0_C-0-0_D-0-0_F-0-0 already processed properly, skipping...
Scene 637058f9e7a26c452d1cc49a_F_gperm_0_gnum8_dpermA-0-0_B-0-0_C-0-0_D-0-0_E-0-0 already processed properly, skipping...
Scene 5a792c898fe2dc0001058c3b_C_gperm_0_gnum5_dpermA-0-0_B-0-0_D-0-0_E-0-0_F-0-0 already processed properly, skipping...
Scene 5a792c898fe2dc0001058c3b_A_gperm_0_gnum4_dpermB-0-0_C-0-0_D-0-0_E-0-0_F-0-0 already processed properly, skipping...
Scene 5d1b4ec634783e0001336019_B_gperm_0_gnum7_dpermA-0-0_C-0-0_D-0-0_E-0-0_F-0-0 already processed properly, skipping...
Scene 5a907927873cda0001dc4719_A_gperm_0_gnum8_dpermB-0-0_C-0-0_D-0-0_E-0-0_F-0-0 already processed properly, skipping...
5a907927873cda0001dc4719_C_gperm_0_gnum9_dpermA-0-0_B-0-0_D-0-0_E-0-0_F-0-0 has incomplete prediction, reprocessing...

==========Scene 5a907927873cda0001dc4719_C_gperm_0_gnum9_dpermA-0-0_B-0-0_D-0-0_E-0-0_F-0-0==========
Unplaced objects: ['tissue box', 'spectacles', 'spectacles 2', 'statue', 'alexa', 'radio', 'magazine', 'oil diffuser', 'statue 2']
Placement response: <pick_and_place("tissue box", "shelf 2")
pick_and_place("spectacles", "shelf 2")
pick_and_place("spectacles 2", "shelf 2")
pick_and_place("statue", "shelf 2")
pick_and_place("alexa", "shelf 2")
pick_and_place("radio", "shelf 6")
pick_and_place("magazine", "shelf 4")
pick_and_place("oil diffuser", "shelf 6")
pick_and_place("statue 2", "shelf 3")>
Surface 'shelf 6' not found in scene, skipping.
Surface 'shelf 6' not found in scene, skipping.
Following placements did not have matching unplaced objects: [('radio', 'shelf 6'), ('oil diffuser', 'shelf 6')].
Scene still has unplaced objects: ['radio', 'oil diffuser']
Scene id 5a907927873cda0001dc4719_C_gperm_0_gnum9_dpermA-0-0_B-0-0_D-0-0_E-0-0_F-0-0 has mismatched objects or surfaces.
missed objects:
[]
missed surfaces:
[('radio', 'shelf 6'), ('oil diffuser', 'shelf 6')]
missed objects and surfaces:
[]
Done
