Using rail-lab partition
Running command: srun -u /coc/flash5/kvr6/anaconda3/envs/declutter/bin/python train_CF.py         --dataset /coc/flash5/kvr6/data/declutter_user_data/batch-2024-09-10/unseen_cat         --fold /coc/flash5/kvr6/data/declutter_user_data/folds-2024-09-10/unseen_cat.pkl         --save_tag UENVCAT-2024-09-10         --hidden_dimension 6         --lambda_reg 1e-2         --learning_rate 1e-1
--Hyperparams--
hidden_dimension: 6
lambda_reg: 0.01
learning_rate: 0.1
convergence_threshold: 0.001
----

Generating process for fold fold_1.
Number of users passing ACQ: 81
User 56cb15ad64c068000b4d7ca5 has maximum of 5 observed arrangements.
User 6111c4865701e1ba367af3e3 has maximum of 5 observed arrangements.
User 5c4a428161c51f0001e96b3f has maximum of 5 observed arrangements.
User 5e8aa39f3dabf475987ddaf3 has maximum of 5 observed arrangements.
User 5842eb2904e7550001a06b14 has maximum of 5 observed arrangements.
User 63d5a05179cf91a6e6a652cb has maximum of 5 observed arrangements.
User 60fcb7afde5ab78707e377d6 has maximum of 5 observed arrangements.
User 616dabffda7757926ea7e84d has maximum of 5 observed arrangements.
User 5f207c8b6c71a1140fb70df5 has maximum of 5 observed arrangements.
User 5c4eb384c9c8550001720152 has maximum of 5 observed arrangements.
User 610d3c0535871d8bfa25107f has maximum of 5 observed arrangements.
User 627963ff086cb4a8ec377869 has maximum of 5 observed arrangements.
User 5f9f0e68b9f7035144cef331 has maximum of 5 observed arrangements.
User 5fd53e2d08163d37f7cb72f6 has maximum of 5 observed arrangements.
User 5e0571b7e297d5fa932cf415 has maximum of 5 observed arrangements.
User 60d9faa609c8dcb9e5e05481 has maximum of 5 observed arrangements.
User 614f64af286f5a5cc8fa849d has maximum of 5 observed arrangements.
User 63df06a8c5ac5f3c6bf77e6f has maximum of 5 observed arrangements.
User 637058f9e7a26c452d1cc49a has maximum of 5 observed arrangements.
User 5e2c9026f4a3052be159c494 has maximum of 5 observed arrangements.
User 615e1782e969d4939045c54f has maximum of 5 observed arrangements.
User 5d278e6a6f7c660019b56196 has maximum of 5 observed arrangements.
User 6167abbd7db521535e811eb0 has maximum of 5 observed arrangements.
User 5d5f0b2e0e71190019c643f7 has maximum of 5 observed arrangements.
User 5f5353ff017c5965165df065 has maximum of 5 observed arrangements.
User 5c65739723f6300001380c2c has maximum of 5 observed arrangements.
User 630386f64c5bbd56ab1c3b0f has maximum of 5 observed arrangements.
User 5d23460ad4c57900192b129c has maximum of 5 observed arrangements.
User 610631ba860f21ac066946cf has maximum of 5 observed arrangements.
User 5d1b4ec634783e0001336019 has maximum of 5 observed arrangements.
User 5bd4e6f7c4f8e900013ae526 has maximum of 5 observed arrangements.
User 6155b9c45f96867d9d9631fd has maximum of 5 observed arrangements.
User 631685f7d6d6fcb196e87f0a has maximum of 5 observed arrangements.
User 63d7ce77f6d6c8067823d746 has maximum of 5 observed arrangements.
User 5cdf4dd618f742000174cd3f has maximum of 5 observed arrangements.
User 63d2d8a78197f0f6168543b1 has maximum of 4 observed arrangements.
User 5b566435d8348500012d2d65 has maximum of 5 observed arrangements.
User 62b0b9d60841bfa66838f436 has maximum of 5 observed arrangements.
User 5f5550685e8dec926f63cef1 has maximum of 5 observed arrangements.
User 5c8ec999bb6a3c00014acf5f has maximum of 5 observed arrangements.
User 5fec06ae197628d566cdc782 has maximum of 5 observed arrangements.
User 588021688e1ad5000142dfdf has maximum of 4 observed arrangements.
User 5d4fc7b44ec90b0017218453 has maximum of 5 observed arrangements.
User 64d51bcdead49bdcdb2ddc37 has maximum of 5 observed arrangements.
User 611ff6cc935b6de3fff0b896 has maximum of 5 observed arrangements.
User 5652186a812a980012fe65ce has maximum of 5 observed arrangements.
User 6102c81e911700cf7ba5f6bd has maximum of 5 observed arrangements.
Unique number of arrangements: [5, 4]
Number of users with 5 arrangements: 45
Number of users with 4 arrangements: 2
Number of users passing ACQ: 81
User 630b78df7445f304dfb7d50c has maximum of 5 observed arrangements.
Unique number of arrangements: [5]
Number of users with 5 arrangements: 1
Number of arrangements in the batch: 280
Epoch: 2, Train total loss: 2651.592909957582, Convergence: 1
Epoch: 3, Train total loss: 544.923384982528, Convergence: 0.7944920643979073
Epoch: 4, Train total loss: 103.00305504913054, Convergence: 0.8109769962387774
Epoch: 5, Train total loss: 24.847396892369055, Convergence: 0.7587702920023363
Epoch: 6, Train total loss: 11.186429177762408, Convergence: 0.5497947239214462
Epoch: 7, Train total loss: 7.993779838822164, Convergence: 0.28540379492027157
Epoch: 8, Train total loss: 6.758217776668724, Convergence: 0.15456543550935378
Epoch: 9, Train total loss: 6.294129717183845, Convergence: 0.0686701841848072
Epoch: 10, Train total loss: 5.917496534326464, Convergence: 0.059838802150696084
Epoch: 11, Train total loss: 5.419046467977157, Convergence: 0.08423326713549832
Epoch: 12, Train total loss: 4.664421266528787, Convergence: 0.13925424074284776
Epoch: 13, Train total loss: 3.6061283198106038, Convergence: 0.22688622794693541
Epoch: 14, Train total loss: 3.1311213814493235, Convergence: 0.13172213971194124
Epoch: 15, Train total loss: 2.796229411720309, Convergence: 0.10695592055712672
Epoch: 16, Train total loss: 2.581203329710142, Convergence: 0.07689858389618943
Epoch: 17, Train total loss: 2.420833292804639, Convergence: 0.06212995119741762
Epoch: 18, Train total loss: 2.2744634410297677, Convergence: 0.06046259038568316
Epoch: 19, Train total loss: 2.1511760071506276, Convergence: 0.05420506289752517
Epoch: 20, Train total loss: 2.012872325562017, Convergence: 0.06429212724987701
Epoch: 21, Train total loss: 1.9026328397445327, Convergence: 0.05476725196005877
Epoch: 22, Train total loss: 1.8221482273845662, Convergence: 0.042301704605694296
Epoch: 23, Train total loss: 1.7566084755554674, Convergence: 0.03596839754533677
Epoch: 24, Train total loss: 1.7175207472527112, Convergence: 0.022251815840975058
Epoch: 25, Train total loss: 1.6786919511616145, Convergence: 0.02260746844147643
Epoch: 26, Train total loss: 1.6465106207312676, Convergence: 0.019170479972861112
Epoch: 27, Train total loss: 1.6139026462033506, Convergence: 0.01980429042931703
Epoch: 28, Train total loss: 1.584177565890637, Convergence: 0.018418137167468436
Epoch: 29, Train total loss: 1.5672062533770723, Convergence: 0.010713011520285762
Epoch: 30, Train total loss: 1.5535672749386653, Convergence: 0.008702733548323485
Epoch: 31, Train total loss: 1.5370934264257428, Convergence: 0.010603884864640275
Epoch: 32, Train total loss: 1.5245859990162944, Convergence: 0.008137063885916345
Epoch: 33, Train total loss: 1.5129933165018998, Convergence: 0.0076038232817791365
Epoch: 34, Train total loss: 1.5049960039579746, Convergence: 0.005285755367654445
Epoch: 35, Train total loss: 1.496226776927027, Convergence: 0.0058267443952578725
Epoch: 36, Train total loss: 1.4902267972296377, Convergence: 0.004010073733416368
Epoch: 37, Train total loss: 1.484677551189718, Convergence: 0.0037237593970501403
Epoch: 38, Train total loss: 1.4785049069079457, Convergence: 0.0041575655783478984
Epoch: 39, Train total loss: 1.4743096237750906, Convergence: 0.0028375172197628125
Epoch: 40, Train total loss: 1.4708529764778926, Convergence: 0.0023445870809327956
Epoch: 41, Train total loss: 1.4676141882880889, Convergence: 0.002201979559887304
Epoch: 42, Train total loss: 1.464775703773492, Convergence: 0.001934080862156122
Epoch: 43, Train total loss: 1.4618579107054441, Convergence: 0.001991972600672762
Epoch: 44, Train total loss: 1.4598642075732957, Convergence: 0.0013638145797537338
Epoch: 45, Train total loss: 1.4578312765968622, Convergence: 0.0013925479958254718
Epoch: 46, Train total loss: 1.4555074245756021, Convergence: 0.0015940473075079216
Epoch: 47, Train total loss: 1.4534481169976654, Convergence: 0.001414838250335386
Epoch: 48, Train total loss: 1.4510957117683845, Convergence: 0.0016184996229106595
Epoch: 49, Train total loss: 1.4493014751722246, Convergence: 0.0012364701939428196
Epoch: 50, Train total loss: 1.4473552079875376, Convergence: 0.0013429001612350975
Epoch: 51, Train total loss: 1.4460988972423066, Convergence: 0.0008680044389226696
Training stopped at epoch 50.
Calculating validation metrics...
Number of arrangements in the batch: 5
Validation batch 0.
Number of arrangements in the batch: 5
Number of arrangements in the batch: 5
Validation batch 2.
Number of arrangements in the batch: 5
Number of arrangements in the batch: 5
Validation batch 4.
Number of arrangements in the batch: 5
Validation IGO: mean 4.50, std 1.26
Generating process for fold fold_2.
Number of users passing ACQ: 81
User 565a3d24c51d430005875042 has maximum of 5 observed arrangements.
User 5dd446ab87c1fd43fbb49aa1 has maximum of 5 observed arrangements.
User 56cb15ad64c068000b4d7ca5 has maximum of 5 observed arrangements.
User 5b6db9e0580154000153cc64 has maximum of 5 observed arrangements.
User 64dd3e11a1123030a614608a has maximum of 5 observed arrangements.
User 63d41c2627381fc53af61e58 has maximum of 5 observed arrangements.
User 5e8aa39f3dabf475987ddaf3 has maximum of 5 observed arrangements.
User 5d6ac7e17658a1001a8c63b2 has maximum of 5 observed arrangements.
User 5842eb2904e7550001a06b14 has maximum of 5 observed arrangements.
User 63d5a05179cf91a6e6a652cb has maximum of 5 observed arrangements.
User 644087beeb531ba7b10ae320 has maximum of 5 observed arrangements.
User 5f207c8b6c71a1140fb70df5 has maximum of 5 observed arrangements.
User 5c4eb384c9c8550001720152 has maximum of 5 observed arrangements.
User 5be8a1701664db0001d804f8 has maximum of 5 observed arrangements.
User 610d3c0535871d8bfa25107f has maximum of 5 observed arrangements.
User 5f9f0e68b9f7035144cef331 has maximum of 5 observed arrangements.
User 5fd53e2d08163d37f7cb72f6 has maximum of 5 observed arrangements.
User 5e0571b7e297d5fa932cf415 has maximum of 5 observed arrangements.
User 63052f20afc39e87110eb83e has maximum of 5 observed arrangements.
User 614f64af286f5a5cc8fa849d has maximum of 5 observed arrangements.
User 63df06a8c5ac5f3c6bf77e6f has maximum of 5 observed arrangements.
User 5a907927873cda0001dc4719 has maximum of 5 observed arrangements.
User 605fe9680cac2ea943d411ec has maximum of 5 observed arrangements.
User 637058f9e7a26c452d1cc49a has maximum of 5 observed arrangements.
User 5e2c9026f4a3052be159c494 has maximum of 5 observed arrangements.
User 615e1782e969d4939045c54f has maximum of 5 observed arrangements.
User 5d278e6a6f7c660019b56196 has maximum of 5 observed arrangements.
User 630b78df7445f304dfb7d50c has maximum of 5 observed arrangements.
User 5f07b62e0e3ac43ea9d490c6 has maximum of 5 observed arrangements.
User 6167abbd7db521535e811eb0 has maximum of 5 observed arrangements.
User 5d5f0b2e0e71190019c643f7 has maximum of 5 observed arrangements.
User 5eea537ffd89d01283ffac22 has maximum of 5 observed arrangements.
User 5f5353ff017c5965165df065 has maximum of 5 observed arrangements.
User 5c65739723f6300001380c2c has maximum of 5 observed arrangements.
User 5e3ae8e5ebfb032f9058ef33 has maximum of 5 observed arrangements.
User 630386f64c5bbd56ab1c3b0f has maximum of 5 observed arrangements.
User 5d23460ad4c57900192b129c has maximum of 5 observed arrangements.
User 5f9ded175aa86e381f394e74 has maximum of 3 observed arrangements.
User 5d1b4ec634783e0001336019 has maximum of 5 observed arrangements.
User 5bd4e6f7c4f8e900013ae526 has maximum of 5 observed arrangements.
User 63d7ce77f6d6c8067823d746 has maximum of 5 observed arrangements.
User 63d2d8a78197f0f6168543b1 has maximum of 4 observed arrangements.
User 62b0b9d60841bfa66838f436 has maximum of 5 observed arrangements.
User 63c40b98533b26ec941005c3 has maximum of 5 observed arrangements.
User 5c5a19299404f10001ff8cbf has maximum of 5 observed arrangements.
User 5fec06ae197628d566cdc782 has maximum of 5 observed arrangements.
User 611c2ed2d1d6a90e05ceeb30 has maximum of 5 observed arrangements.
User 63e576170eb086a90644efb4 has maximum of 5 observed arrangements.
User 588021688e1ad5000142dfdf has maximum of 4 observed arrangements.
User 615d051e2366aeb051acb734 has maximum of 5 observed arrangements.
User 649f525cce87cb12c95ea642 has maximum of 5 observed arrangements.
User 5d4fc7b44ec90b0017218453 has maximum of 5 observed arrangements.
User 64d51bcdead49bdcdb2ddc37 has maximum of 5 observed arrangements.
User 611ff6cc935b6de3fff0b896 has maximum of 5 observed arrangements.
User 5a792c898fe2dc0001058c3b has maximum of 5 observed arrangements.
User 5652186a812a980012fe65ce has maximum of 5 observed arrangements.
User 60fc9ce95a59b3400b38e2a7 has maximum of 5 observed arrangements.
Unique number of arrangements: [5, 3, 4]
Number of users with 5 arrangements: 54
Number of users with 3 arrangements: 1
Number of users with 4 arrangements: 2
Number of users passing ACQ: 81
User 6121aaee9d29f0c6e3bc8bea has maximum of 5 observed arrangements.
Unique number of arrangements: [5]
Number of users with 5 arrangements: 1
Number of arrangements in the batch: 338
Epoch: 2, Train total loss: 2784.910300216416, Convergence: 1
Epoch: 3, Train total loss: 557.1569255294087, Convergence: 0.799937209652278
Epoch: 4, Train total loss: 128.85831603544125, Convergence: 0.76872168301058
Epoch: 5, Train total loss: 33.78457074747202, Convergence: 0.737816139563861
Epoch: 6, Train total loss: 15.133383140288089, Convergence: 0.5520622933644801
Epoch: 7, Train total loss: 10.290270227181168, Convergence: 0.32002843436994516
Epoch: 8, Train total loss: 8.380077329072483, Convergence: 0.1856309752743925
Epoch: 9, Train total loss: 7.598242869209155, Convergence: 0.0932968073159609
Epoch: 10, Train total loss: 6.96053001363585, Convergence: 0.08392899076147588
Epoch: 11, Train total loss: 6.441801697982821, Convergence: 0.07452425528470213
Epoch: 12, Train total loss: 5.7804805646222155, Convergence: 0.10266089587447107
Epoch: 13, Train total loss: 5.011317066807991, Convergence: 0.13306220637115718
Epoch: 14, Train total loss: 4.505633086521754, Convergence: 0.10090839863946942
Epoch: 15, Train total loss: 3.9742730746868147, Convergence: 0.11793237523589319
Epoch: 16, Train total loss: 3.476235598937398, Convergence: 0.12531536368790253
Epoch: 17, Train total loss: 3.2389154267021705, Convergence: 0.06826930036265969
Epoch: 18, Train total loss: 3.038334215143527, Convergence: 0.06192851159527598
Epoch: 19, Train total loss: 2.904864736403088, Convergence: 0.04392850466390636
Epoch: 20, Train total loss: 2.760464084056372, Convergence: 0.049709940203797084
Epoch: 21, Train total loss: 2.642941511608782, Convergence: 0.0425734836132684
Epoch: 22, Train total loss: 2.4894006431214852, Convergence: 0.0580946902581416
Epoch: 23, Train total loss: 2.3817128845435773, Convergence: 0.04325850837849753
Epoch: 24, Train total loss: 2.3224956939309545, Convergence: 0.02486327844003373
Epoch: 25, Train total loss: 2.278393345383705, Convergence: 0.018989205733511465
Epoch: 26, Train total loss: 2.240936688373827, Convergence: 0.016439943122977356
Epoch: 27, Train total loss: 2.2076290953344224, Convergence: 0.014863245897221067
Epoch: 28, Train total loss: 2.1775672980013203, Convergence: 0.013617231896714151
Epoch: 29, Train total loss: 2.1572786290088026, Convergence: 0.009317126047557583
Epoch: 30, Train total loss: 2.134204093997052, Convergence: 0.010696131089173538
Epoch: 31, Train total loss: 2.109666492421918, Convergence: 0.011497307892975879
Epoch: 32, Train total loss: 2.0922972055957847, Convergence: 0.00823319083301805
Epoch: 33, Train total loss: 2.0756063496830035, Convergence: 0.007977287293670329
Epoch: 34, Train total loss: 2.0651788493968644, Convergence: 0.005023833294657093
Epoch: 35, Train total loss: 2.054491554230613, Convergence: 0.005174997395200206
Epoch: 36, Train total loss: 2.0444328387535826, Convergence: 0.00489596341066357
Epoch: 37, Train total loss: 2.0346561326394768, Convergence: 0.004782111658931465
Epoch: 38, Train total loss: 2.025466457893317, Convergence: 0.0045165738813263525
Epoch: 39, Train total loss: 2.018185937398114, Convergence: 0.0035944907736340016
Epoch: 40, Train total loss: 2.0104645012662, Convergence: 0.0038259290131953147
Epoch: 41, Train total loss: 2.0016443435466944, Convergence: 0.004387124325722006
Epoch: 42, Train total loss: 1.994266493385803, Convergence: 0.0036858946419116036
Epoch: 43, Train total loss: 1.987776598316166, Convergence: 0.0032542767434349767
Epoch: 44, Train total loss: 1.9824611041313962, Convergence: 0.0026740903325214995
Epoch: 45, Train total loss: 1.9771471663635367, Convergence: 0.0026804751713843888
Epoch: 46, Train total loss: 1.9704821892706552, Convergence: 0.0033710070784159383
Epoch: 47, Train total loss: 1.963498859181681, Convergence: 0.0035439701647640327
Epoch: 48, Train total loss: 1.9579954268386133, Convergence: 0.0028028701505645225
Epoch: 49, Train total loss: 1.9532568653800395, Convergence: 0.0024201085424518398
Epoch: 50, Train total loss: 1.948509837169808, Convergence: 0.0024303143607832273
Epoch: 51, Train total loss: 1.9437818498085842, Convergence: 0.002426463172539675
Epoch: 52, Train total loss: 1.9393726604548072, Convergence: 0.002268356067946198
Epoch: 53, Train total loss: 1.9353570579597794, Convergence: 0.0020705677546707497
Epoch: 54, Train total loss: 1.9311590199492643, Convergence: 0.002169128426844711
Epoch: 55, Train total loss: 1.9273603313075187, Convergence: 0.0019670511866212836
Epoch: 56, Train total loss: 1.9227555468619295, Convergence: 0.0023891663488089564
Epoch: 57, Train total loss: 1.919377499049173, Convergence: 0.0017568784644879753
Epoch: 58, Train total loss: 1.9151140131408808, Convergence: 0.002221285760828307
Epoch: 59, Train total loss: 1.9106523416230616, Convergence: 0.002329715874462125
Epoch: 60, Train total loss: 1.9061091510573405, Convergence: 0.0023778216825473416
Epoch: 61, Train total loss: 1.9025666817631344, Convergence: 0.0018584818672325498
Epoch: 62, Train total loss: 1.8994973631082726, Convergence: 0.001613251553431725
Epoch: 63, Train total loss: 1.8965904184307347, Convergence: 0.0015303757372850475
Epoch: 64, Train total loss: 1.8930382879210992, Convergence: 0.0018729033296364668
Epoch: 65, Train total loss: 1.8895073903796125, Convergence: 0.0018652013348152035
Epoch: 66, Train total loss: 1.885735175992495, Convergence: 0.0019964009700748735
Epoch: 67, Train total loss: 1.8824093344271242, Convergence: 0.0017636843220153109
Epoch: 68, Train total loss: 1.879495483522731, Convergence: 0.001547936918449189
Epoch: 69, Train total loss: 1.8769760421766248, Convergence: 0.0013404881087471872
Epoch: 70, Train total loss: 1.8753394036014703, Convergence: 0.0008719549628649412
Training stopped at epoch 69.
Calculating validation metrics...
Number of arrangements in the batch: 5
Validation batch 0.
Number of arrangements in the batch: 5
Number of arrangements in the batch: 5
Validation batch 2.
Number of arrangements in the batch: 5
Number of arrangements in the batch: 5
Validation batch 4.
Number of arrangements in the batch: 5
Validation IGO: mean 7.00, std 3.56
Generating process for fold fold_3.
Number of users passing ACQ: 81
User 565a3d24c51d430005875042 has maximum of 5 observed arrangements.
User 5dd446ab87c1fd43fbb49aa1 has maximum of 5 observed arrangements.
User 5b6db9e0580154000153cc64 has maximum of 5 observed arrangements.
User 6111c4865701e1ba367af3e3 has maximum of 5 observed arrangements.
User 64dd3e11a1123030a614608a has maximum of 5 observed arrangements.
User 5c4a428161c51f0001e96b3f has maximum of 5 observed arrangements.
User 63d41c2627381fc53af61e58 has maximum of 5 observed arrangements.
User 5d6ac7e17658a1001a8c63b2 has maximum of 5 observed arrangements.
User 644087beeb531ba7b10ae320 has maximum of 5 observed arrangements.
User 60fcb7afde5ab78707e377d6 has maximum of 5 observed arrangements.
User 616dabffda7757926ea7e84d has maximum of 5 observed arrangements.
User 5be8a1701664db0001d804f8 has maximum of 5 observed arrangements.
User 627963ff086cb4a8ec377869 has maximum of 5 observed arrangements.
User 60d9faa609c8dcb9e5e05481 has maximum of 5 observed arrangements.
User 63052f20afc39e87110eb83e has maximum of 5 observed arrangements.
User 5a907927873cda0001dc4719 has maximum of 5 observed arrangements.
User 605fe9680cac2ea943d411ec has maximum of 5 observed arrangements.
User 5f07b62e0e3ac43ea9d490c6 has maximum of 5 observed arrangements.
User 5eea537ffd89d01283ffac22 has maximum of 5 observed arrangements.
User 5e3ae8e5ebfb032f9058ef33 has maximum of 5 observed arrangements.
User 5f9ded175aa86e381f394e74 has maximum of 3 observed arrangements.
User 610631ba860f21ac066946cf has maximum of 5 observed arrangements.
User 6155b9c45f96867d9d9631fd has maximum of 5 observed arrangements.
User 631685f7d6d6fcb196e87f0a has maximum of 5 observed arrangements.
User 5cdf4dd618f742000174cd3f has maximum of 5 observed arrangements.
User 5b566435d8348500012d2d65 has maximum of 5 observed arrangements.
User 63c40b98533b26ec941005c3 has maximum of 5 observed arrangements.
User 5f5550685e8dec926f63cef1 has maximum of 5 observed arrangements.
User 5c5a19299404f10001ff8cbf has maximum of 5 observed arrangements.
User 611c2ed2d1d6a90e05ceeb30 has maximum of 5 observed arrangements.
User 5c8ec999bb6a3c00014acf5f has maximum of 5 observed arrangements.
User 63e576170eb086a90644efb4 has maximum of 5 observed arrangements.
User 615d051e2366aeb051acb734 has maximum of 5 observed arrangements.
User 649f525cce87cb12c95ea642 has maximum of 5 observed arrangements.
User 5a792c898fe2dc0001058c3b has maximum of 5 observed arrangements.
User 6102c81e911700cf7ba5f6bd has maximum of 5 observed arrangements.
User 60fc9ce95a59b3400b38e2a7 has maximum of 5 observed arrangements.
Unique number of arrangements: [5, 3]
Number of users with 5 arrangements: 36
Number of users with 3 arrangements: 1
Number of users passing ACQ: 81
User 6121aaee9d29f0c6e3bc8bea has maximum of 5 observed arrangements.
Unique number of arrangements: [5]
Number of users with 5 arrangements: 1
Number of arrangements in the batch: 220
Epoch: 2, Train total loss: 2162.234436375101, Convergence: 1
Epoch: 3, Train total loss: 581.41875841107, Convergence: 0.7311028126136982
Epoch: 4, Train total loss: 99.11220620495516, Convergence: 0.8295338690553881
Epoch: 5, Train total loss: 27.80538088949889, Convergence: 0.7194555347501814
Epoch: 6, Train total loss: 12.796503198366134, Convergence: 0.5397832078179183
Epoch: 7, Train total loss: 8.81799227588182, Convergence: 0.31090610151938164
Epoch: 8, Train total loss: 7.195137683913757, Convergence: 0.18403901264540115
Epoch: 9, Train total loss: 6.522375452184807, Convergence: 0.09350234301048205
Epoch: 10, Train total loss: 6.065898774545011, Convergence: 0.06998626205838697
Epoch: 11, Train total loss: 5.56960784114446, Convergence: 0.0818165537946644
Epoch: 12, Train total loss: 4.902790090125871, Convergence: 0.11972436301396218
Epoch: 13, Train total loss: 4.1772216994625975, Convergence: 0.14799091483124163
Epoch: 14, Train total loss: 3.566052253216922, Convergence: 0.14631003337081744
Epoch: 15, Train total loss: 3.0667969075004695, Convergence: 0.14000225186439044
Epoch: 16, Train total loss: 2.761174444087936, Convergence: 0.0996552665959301
Epoch: 17, Train total loss: 2.5069643312813144, Convergence: 0.09206593714168315
Epoch: 18, Train total loss: 2.3322143683155003, Convergence: 0.06970580346330614
Epoch: 19, Train total loss: 2.1815746004828447, Convergence: 0.06459087546976179
Epoch: 20, Train total loss: 2.0787549622250343, Convergence: 0.04713092929989809
Epoch: 21, Train total loss: 1.9520803924750523, Convergence: 0.060937711299264216
Epoch: 22, Train total loss: 1.8422863078154113, Convergence: 0.056244653182768035
Epoch: 23, Train total loss: 1.725924752973837, Convergence: 0.06316149360060981
Epoch: 24, Train total loss: 1.6685939811768404, Convergence: 0.03321742254302422
Epoch: 25, Train total loss: 1.6331119804224852, Convergence: 0.021264610297425504
Epoch: 26, Train total loss: 1.5958690209350166, Convergence: 0.022804902501440134
Epoch: 27, Train total loss: 1.565244028743344, Convergence: 0.019190166479783822
Epoch: 28, Train total loss: 1.5313194333276747, Convergence: 0.021673678220581128
Epoch: 29, Train total loss: 1.5034209870195099, Convergence: 0.018218567400754122
Epoch: 30, Train total loss: 1.4863040405315637, Convergence: 0.011385331610861717
Epoch: 31, Train total loss: 1.4721497302420987, Convergence: 0.009523159396379521
Epoch: 32, Train total loss: 1.4611270065847481, Convergence: 0.007487501733629948
Epoch: 33, Train total loss: 1.4516645380698117, Convergence: 0.0064761437385611985
Epoch: 34, Train total loss: 1.44340884777149, Convergence: 0.00568705102440459
Epoch: 35, Train total loss: 1.4372345765407875, Convergence: 0.004277562272279997
Epoch: 36, Train total loss: 1.4301159430968255, Convergence: 0.004953007365781175
Epoch: 37, Train total loss: 1.424351682106428, Convergence: 0.00403062494213964
Epoch: 38, Train total loss: 1.4175554125838148, Convergence: 0.004771482779142267
Epoch: 39, Train total loss: 1.4106052452476467, Convergence: 0.004902924622537186
Epoch: 40, Train total loss: 1.4051706997278388, Convergence: 0.0038526338521120695
Epoch: 41, Train total loss: 1.3984100404951427, Convergence: 0.0048112725621204085
Epoch: 42, Train total loss: 1.3930391466764833, Convergence: 0.003840714570926353
Epoch: 43, Train total loss: 1.3886782445530634, Convergence: 0.003130495028674634
Epoch: 44, Train total loss: 1.3859854091638308, Convergence: 0.0019391355771539906
Epoch: 45, Train total loss: 1.382491111986614, Convergence: 0.0025211644755517757
Epoch: 46, Train total loss: 1.3790368103253063, Convergence: 0.0024986067768231726
Epoch: 47, Train total loss: 1.3757860317307884, Convergence: 0.002357281959537473
Epoch: 48, Train total loss: 1.3726463341869435, Convergence: 0.002282111804765933
Epoch: 49, Train total loss: 1.3705289147607227, Convergence: 0.0015425819262286497
Epoch: 50, Train total loss: 1.3684410476440128, Convergence: 0.0015234024574187523
Epoch: 51, Train total loss: 1.3662588291892772, Convergence: 0.0015946748005641704
Epoch: 52, Train total loss: 1.3645027153790563, Convergence: 0.0012853448941756902
Epoch: 53, Train total loss: 1.363050403714245, Convergence: 0.0010643523449551007
Epoch: 54, Train total loss: 1.3619765682419658, Convergence: 0.0007878178747851804
Training stopped at epoch 53.
Calculating validation metrics...
Number of arrangements in the batch: 5
Validation batch 0.
Number of arrangements in the batch: 5
Number of arrangements in the batch: 5
Validation batch 2.
Number of arrangements in the batch: 5
Number of arrangements in the batch: 5
Validation batch 4.
Number of arrangements in the batch: 5
Validation IGO: mean 6.33, std 4.15
Done
