Processing fold: fold_1
Number of users passing ACQ: 81
Number of scenes: 741
Scene 5a907927873cda0001dc4719_B_gperm_0_gnum1_dpermA-0-0_C-0-0_D-0-0_E-0-0_F-0-0 already processed properly, skipping...
Scene 605fe9680cac2ea943d411ec_F_gperm_0_gnum11_dpermA-0-0_B-0-0_C-0-0_D-0-0_E-0-0 already processed properly, skipping...
Scene 5e3ae8e5ebfb032f9058ef33_F_gperm_0_gnum6_dpermA-0-0_B-0-0_C-0-0_D-0-0_E-0-0 already processed properly, skipping...
Scene 610d3c0535871d8bfa25107f_D_gperm_0_gnum2_dpermA-0-0_B-0-0_C-0-0_E-0-0_F-0-0 already processed properly, skipping...
Scene 5c4a428161c51f0001e96b3f_A_gperm_0_gnum2_dpermB-0-0_C-0-0_D-0-0_E-0-0_F-0-0 already processed properly, skipping...
Scene 5c8ec999bb6a3c00014acf5f_B_gperm_0_gnum2_dpermA-0-0_C-0-0_D-0-0_E-0-0_F-0-0 already processed properly, skipping...
Scene 5a907927873cda0001dc4719_A_gperm_0_gnum11_dpermB-0-0_C-0-0_D-0-0_E-0-0_F-0-0 already processed properly, skipping...
Scene 637058f9e7a26c452d1cc49a_E_gperm_0_gnum14_dpermA-0-0_B-0-0_C-0-0_D-0-0_F-0-0 already processed properly, skipping...
Scene 5c4a428161c51f0001e96b3f_C_gperm_0_gnum3_dpermA-0-0_B-0-0_D-0-0_E-0-0_F-0-0 already processed properly, skipping...
Scene 637058f9e7a26c452d1cc49a_D_gperm_0_gnum7_dpermA-0-0_B-0-0_C-0-0_E-0-0_F-0-0 already processed properly, skipping...
Scene 5d6ac7e17658a1001a8c63b2_C_gperm_0_gnum7_dpermA-0-0_B-0-0_D-0-0_E-0-0_F-0-0 already processed properly, skipping...
Scene 605fe9680cac2ea943d411ec_C_gperm_0_gnum20_dpermA-0-0_B-0-0_D-0-0_E-0-0_F-0-0 already processed properly, skipping...
Scene 5d6ac7e17658a1001a8c63b2_A_gperm_0_gnum6_dpermB-0-0_C-0-0_D-0-0_E-0-0_F-0-0 already processed properly, skipping...
Scene 5a907927873cda0001dc4719_E_gperm_0_gnum4_dpermA-0-0_B-0-0_C-0-0_D-0-0_F-0-0 already processed properly, skipping...
Scene 5d1b4ec634783e0001336019_F_gperm_0_gnum6_dpermA-0-0_B-0-0_C-0-0_D-0-0_E-0-0 already processed properly, skipping...
Scene 637058f9e7a26c452d1cc49a_B_gperm_0_gnum9_dpermA-0-0_C-0-0_D-0-0_E-0-0_F-0-0 already processed properly, skipping...
Scene 6111c4865701e1ba367af3e3_D_gperm_0_gnum3_dpermA-0-0_B-0-0_C-0-0_E-0-0_F-0-0 already processed properly, skipping...
Scene 605fe9680cac2ea943d411ec_D_gperm_0_gnum11_dpermA-0-0_B-0-0_C-0-0_E-0-0_F-0-0 already processed properly, skipping...
Scene 62b0b9d60841bfa66838f436_C_gperm_0_gnum1_dpermA-0-0_B-0-0_D-0-0_E-0-0_F-0-0 already processed properly, skipping...
Scene 630386f64c5bbd56ab1c3b0f_C_gperm_0_gnum2_dpermA-0-0_B-0-0_D-0-0_E-0-0_F-0-0 already processed properly, skipping...
Scene 630386f64c5bbd56ab1c3b0f_A_gperm_0_gnum3_dpermB-0-0_C-0-0_D-0-0_E-0-0_F-0-0 already processed properly, skipping...
Scene 605fe9680cac2ea943d411ec_D_gperm_0_gnum3_dpermA-0-0_B-0-0_C-0-0_E-0-0_F-0-0 already processed properly, skipping...
Scene 6111c4865701e1ba367af3e3_E_gperm_0_gnum8_dpermA-0-0_B-0-0_C-0-0_D-0-0_F-0-0 already processed properly, skipping...
Scene 5a792c898fe2dc0001058c3b_D_gperm_0_gnum3_dpermA-0-0_B-0-0_C-0-0_E-0-0_F-0-0 already processed properly, skipping...
Scene 56cb15ad64c068000b4d7ca5_F_gperm_0_gnum3_dpermA-0-0_B-0-0_C-0-0_D-0-0_E-0-0 already processed properly, skipping...
Scene 605fe9680cac2ea943d411ec_E_gperm_0_gnum8_dpermA-0-0_B-0-0_C-0-0_D-0-0_F-0-0 already processed properly, skipping...
Scene 5a792c898fe2dc0001058c3b_A_gperm_0_gnum1_dpermB-0-0_C-0-0_D-0-0_E-0-0_F-0-0 already processed properly, skipping...
Scene 5d1b4ec634783e0001336019_B_gperm_0_gnum2_dpermA-0-0_C-0-0_D-0-0_E-0-0_F-0-0 already processed properly, skipping...
Scene 605fe9680cac2ea943d411ec_A_gperm_0_gnum1_dpermB-0-0_C-0-0_D-0-0_E-0-0_F-0-0 already processed properly, skipping...
Scene 5e3ae8e5ebfb032f9058ef33_B_gperm_0_gnum2_dpermA-0-0_C-0-0_D-0-0_E-0-0_F-0-0 already processed properly, skipping...
Scene 62b0b9d60841bfa66838f436_D_gperm_0_gnum2_dpermA-0-0_B-0-0_C-0-0_E-0-0_F-0-0 already processed properly, skipping...
Scene 630386f64c5bbd56ab1c3b0f_D_gperm_0_gnum1_dpermA-0-0_B-0-0_C-0-0_E-0-0_F-0-0 already processed properly, skipping...
Scene 5a907927873cda0001dc4719_F_gperm_0_gnum5_dpermA-0-0_B-0-0_C-0-0_D-0-0_E-0-0 already processed properly, skipping...
Scene 6111c4865701e1ba367af3e3_A_gperm_0_gnum1_dpermB-0-0_C-0-0_D-0-0_E-0-0_F-0-0 already processed properly, skipping...
Scene 5c8ec999bb6a3c00014acf5f_F_gperm_0_gnum6_dpermA-0-0_B-0-0_C-0-0_D-0-0_E-0-0 already processed properly, skipping...
Scene 5d1b4ec634783e0001336019_E_gperm_0_gnum7_dpermA-0-0_B-0-0_C-0-0_D-0-0_F-0-0 already processed properly, skipping...
Scene 605fe9680cac2ea943d411ec_A_gperm_0_gnum17_dpermB-0-0_C-0-0_D-0-0_E-0-0_F-0-0 already processed properly, skipping...
Scene 605fe9680cac2ea943d411ec_B_gperm_0_gnum14_dpermA-0-0_C-0-0_D-0-0_E-0-0_F-0-0 already processed properly, skipping...
Scene 5d6ac7e17658a1001a8c63b2_D_gperm_0_gnum4_dpermA-0-0_B-0-0_C-0-0_E-0-0_F-0-0 already processed properly, skipping...
Scene 637058f9e7a26c452d1cc49a_C_gperm_0_gnum4_dpermA-0-0_B-0-0_D-0-0_E-0-0_F-0-0 already processed properly, skipping...
Scene 637058f9e7a26c452d1cc49a_A_gperm_0_gnum5_dpermB-0-0_C-0-0_D-0-0_E-0-0_F-0-0 already processed properly, skipping...
Scene 56cb15ad64c068000b4d7ca5_B_gperm_0_gnum7_dpermA-0-0_C-0-0_D-0-0_E-0-0_F-0-0 already processed properly, skipping...
5c4a428161c51f0001e96b3f_A_gperm_0_gnum10_dpermB-0-0_C-0-0_D-0-0_E-0-0_F-0-0 has incomplete prediction, reprocessing...

==========Scene 5c4a428161c51f0001e96b3f_A_gperm_0_gnum10_dpermB-0-0_C-0-0_D-0-0_E-0-0_F-0-0==========
Unplaced objects: ['tea pot', 'tortillas', 'silicone spatula', 'alexa', 'toilet paper', 'soy sauce', 'cheese', 'cereal box', 'serving tray', 'soda can']
Placement response: <pick_and_place("tortillas", "cabinet top-left shelf")
pick_and_place("soy sauce", "cabinet top-left shelf")
pick_and_place("cheese", "cabinet top-left shelf")
pick_and_place("cereal box", "cabinet top-left shelf")
pick_and_place("tea pot", "cabinet middle-right shelf")
pick_and_place("silicone spatula", "cabinet middle-right shelf")
pick_and_place("alexa", "cabinet middle-right shelf")
pick_and_place("toilet paper", "cabinet middle-right shelf")
pick_and_place("serving tray", "cabinet middle-right shelf")
pick_and_place("soda can", "cabinet middle-right shelf")>
Done processing scene 5c4a428161c51f0001e96b3f_A_gperm_0_gnum10_dpermB-0-0_C-0-0_D-0-0_E-0-0_F-0-0.
Scene 6111c4865701e1ba367af3e3_F_gperm_0_gnum9_dpermA-0-0_B-0-0_C-0-0_D-0-0_E-0-0 already processed properly, skipping...
Scene 610d3c0535871d8bfa25107f_C_gperm_0_gnum1_dpermA-0-0_B-0-0_D-0-0_E-0-0_F-0-0 already processed properly, skipping...
Scene 56cb15ad64c068000b4d7ca5_E_gperm_0_gnum2_dpermA-0-0_B-0-0_C-0-0_D-0-0_F-0-0 already processed properly, skipping...
605fe9680cac2ea943d411ec_F_gperm_0_gnum9_dpermA-0-0_B-0-0_C-0-0_D-0-0_E-0-0 has incomplete prediction, reprocessing...

==========Scene 605fe9680cac2ea943d411ec_F_gperm_0_gnum9_dpermA-0-0_B-0-0_C-0-0_D-0-0_E-0-0==========
Unplaced objects: ['scrub brush', 'serving tray 2', 'tea pot', 'scrub brush 2', 'mug', 'rubber gloves', 'rubber gloves 2', 'soap dispenser', 'tea pot 2']
Placement response: <pick_and_place("scrub brush", "cabinet bottom shelf")
pick_and_place("scrub brush 2", "cabinet bottom shelf")
pick_and_place("rubber gloves", "cabinet bottom shelf")
pick_and_place("rubber gloves 2", "cabinet bottom shelf")
pick_and_place("soap dispenser", "cabinet bottom shelf")
pick_and_place("serving tray 2", "cabinet middle shelf")
pick_and_place("tea pot", "cabinet middle shelf")
pick_and_place("tea pot 2", "cabinet middle shelf")
pick_and_place("mug", "cabinet middle shelf")>
Done processing scene 605fe9680cac2ea943d411ec_F_gperm_0_gnum9_dpermA-0-0_B-0-0_C-0-0_D-0-0_E-0-0.
Scene 5e3ae8e5ebfb032f9058ef33_E_gperm_0_gnum3_dpermA-0-0_B-0-0_C-0-0_D-0-0_F-0-0 already processed properly, skipping...
Scene 5d1b4ec634783e0001336019_D_gperm_0_gnum8_dpermA-0-0_B-0-0_C-0-0_E-0-0_F-0-0 already processed properly, skipping...
5d1b4ec634783e0001336019_B_gperm_0_gnum6_dpermA-0-0_C-0-0_D-0-0_E-0-0_F-0-0 has incomplete prediction, reprocessing...

==========Scene 5d1b4ec634783e0001336019_B_gperm_0_gnum6_dpermA-0-0_C-0-0_D-0-0_E-0-0_F-0-0==========
Unplaced objects: ['bottled water', 'banana 2', 'heavy cream 2', 'tortillas 2', 'bottled water 2', 'soy sauce']
Placement response: <pick_and_place("bottled water", "fridge shelf 1 (top)")
pick_and_place("bottled water 2", "fridge shelf 1 (top)")
pick_and_place("heavy cream 2", "fridge shelf 2")
pick_and_place("banana 2", "fridge drawer 3 (bottom)")
pick_and_place("tortillas 2", "fridge drawer 1 (middle-left)")
pick_and_place("soy sauce", "fridge drawer 2 (middle-right)")>
Done processing scene 5d1b4ec634783e0001336019_B_gperm_0_gnum6_dpermA-0-0_C-0-0_D-0-0_E-0-0_F-0-0.
Scene 637058f9e7a26c452d1cc49a_F_gperm_0_gnum9_dpermA-0-0_B-0-0_C-0-0_D-0-0_E-0-0 already processed properly, skipping...
Scene 5a792c898fe2dc0001058c3b_C_gperm_0_gnum4_dpermA-0-0_B-0-0_D-0-0_E-0-0_F-0-0 already processed properly, skipping...
Scene 5a792c898fe2dc0001058c3b_A_gperm_0_gnum5_dpermB-0-0_C-0-0_D-0-0_E-0-0_F-0-0 already processed properly, skipping...
Scene 6111c4865701e1ba367af3e3_C_gperm_0_gnum4_dpermA-0-0_B-0-0_D-0-0_E-0-0_F-0-0 already processed properly, skipping...
Scene 5a907927873cda0001dc4719_F_gperm_0_gnum1_dpermA-0-0_B-0-0_C-0-0_D-0-0_E-0-0 already processed properly, skipping...
Scene 6111c4865701e1ba367af3e3_A_gperm_0_gnum5_dpermB-0-0_C-0-0_D-0-0_E-0-0_F-0-0 already processed properly, skipping...
Scene 605fe9680cac2ea943d411ec_A_gperm_0_gnum5_dpermB-0-0_C-0-0_D-0-0_E-0-0_F-0-0 already processed properly, skipping...
Scene 5e3ae8e5ebfb032f9058ef33_B_gperm_0_gnum6_dpermA-0-0_C-0-0_D-0-0_E-0-0_F-0-0 already processed properly, skipping...
Scene 630386f64c5bbd56ab1c3b0f_D_gperm_0_gnum5_dpermA-0-0_B-0-0_C-0-0_E-0-0_F-0-0 already processed properly, skipping...
62b0b9d60841bfa66838f436_D_gperm_0_gnum6_dpermA-0-0_B-0-0_C-0-0_E-0-0_F-0-0 has incomplete prediction, reprocessing...

==========Scene 62b0b9d60841bfa66838f436_D_gperm_0_gnum6_dpermA-0-0_B-0-0_C-0-0_E-0-0_F-0-0==========
Unplaced objects: ['sanitizing wipes', 'pill bottle', 'soap dispenser', 'toothbrush', 'razor', 'lotion']
Placement response: <pick_and_place("pill bottle", "cabinet top shelf")
pick_and_place("sanitizing wipes", "cabinet top shelf")
pick_and_place("soap dispenser", "cabinet middle shelf")
pick_and_place("toothbrush", "cabinet middle shelf")
pick_and_place("razor", "cabinet bottom shelf (open)")
pick_and_place("lotion", "cabinet bottom shelf (open)")>
Done processing scene 62b0b9d60841bfa66838f436_D_gperm_0_gnum6_dpermA-0-0_B-0-0_C-0-0_E-0-0_F-0-0.
605fe9680cac2ea943d411ec_C_gperm_0_gnum4_dpermA-0-0_B-0-0_D-0-0_E-0-0_F-0-0 has incomplete prediction, reprocessing...

==========Scene 605fe9680cac2ea943d411ec_C_gperm_0_gnum4_dpermA-0-0_B-0-0_D-0-0_E-0-0_F-0-0==========
Unplaced objects: ['tea pot', 'lamp 2', 'cereal bowl', 'tea pot 2']
Placement response: <pick_and_place("tea pot", "cabinet middle shelf")
pick_and_place("tea pot 2", "cabinet middle shelf")
pick_and_place("cereal bowl", "cabinet top shelf")
pick_and_place("lamp 2", "cabinet middle shelf")>
Done processing scene 605fe9680cac2ea943d411ec_C_gperm_0_gnum4_dpermA-0-0_B-0-0_D-0-0_E-0-0_F-0-0.
Scene 605fe9680cac2ea943d411ec_A_gperm_0_gnum13_dpermB-0-0_C-0-0_D-0-0_E-0-0_F-0-0 already processed properly, skipping...
Scene 5d1b4ec634783e0001336019_E_gperm_0_gnum3_dpermA-0-0_B-0-0_C-0-0_D-0-0_F-0-0 already processed properly, skipping...
Scene 5c8ec999bb6a3c00014acf5f_F_gperm_0_gnum2_dpermA-0-0_B-0-0_C-0-0_D-0-0_E-0-0 already processed properly, skipping...
Scene 637058f9e7a26c452d1cc49a_A_gperm_0_gnum1_dpermB-0-0_C-0-0_D-0-0_E-0-0_F-0-0 already processed properly, skipping...
Scene 605fe9680cac2ea943d411ec_B_gperm_0_gnum10_dpermA-0-0_C-0-0_D-0-0_E-0-0_F-0-0 already processed properly, skipping...
Scene 56cb15ad64c068000b4d7ca5_B_gperm_0_gnum3_dpermA-0-0_C-0-0_D-0-0_E-0-0_F-0-0 already processed properly, skipping...
5a907927873cda0001dc4719_A_gperm_0_gnum9_dpermB-0-0_C-0-0_D-0-0_E-0-0_F-0-0 has incomplete prediction, reprocessing...

==========Scene 5a907927873cda0001dc4719_A_gperm_0_gnum9_dpermB-0-0_C-0-0_D-0-0_E-0-0_F-0-0==========
Unplaced objects: ['alexa', 'photo frame 2', 'flower vase', 'plant', 'sanitizing wipes', 'sunglasses', 'sunglasses 2', 'plant 2', 'basket 2']
Placement response: <pick_and_place("alexa", "shelf 2")
pick_and_place("flower vase", "shelf 3")
pick_and_place("plant", "shelf 3")
pick_and_place("plant 2", "shelf 3")
pick_and_place("photo frame 2", "shelf 3")
pick_and_place("basket 2", "shelf 4")
pick_and_place("sanitizing wipes", "shelf 6 (bottom)")
pick_and_place("sunglasses", "shelf 6 (bottom)")
pick_and_place("sunglasses 2", "shelf 6 (bottom)")>
Done processing scene 5a907927873cda0001dc4719_A_gperm_0_gnum9_dpermB-0-0_C-0-0_D-0-0_E-0-0_F-0-0.
Scene 5a907927873cda0001dc4719_C_gperm_0_gnum8_dpermA-0-0_B-0-0_D-0-0_E-0-0_F-0-0 already processed properly, skipping...
5c4a428161c51f0001e96b3f_D_gperm_0_gnum4_dpermA-0-0_B-0-0_C-0-0_E-0-0_F-0-0 has incomplete prediction, reprocessing...

==========Scene 5c4a428161c51f0001e96b3f_D_gperm_0_gnum4_dpermA-0-0_B-0-0_C-0-0_E-0-0_F-0-0==========
Unplaced objects: ['cereal box', 'glass cleaner', 'spectacles', 'wine glass']
Placement response: <pick_and_place("cereal box", "cabinet middle-left shelf")
pick_and_place("glass cleaner", "cabinet bottom-right shelf")
pick_and_place("spectacles", "cabinet top-right shelf")
pick_and_place("wine glass", "cabinet middle-right shelf")>
Done processing scene 5c4a428161c51f0001e96b3f_D_gperm_0_gnum4_dpermA-0-0_B-0-0_C-0-0_E-0-0_F-0-0.
5d6ac7e17658a1001a8c63b2_F_gperm_0_gnum10_dpermA-0-0_B-0-0_C-0-0_D-0-0_E-0-0 has incomplete prediction, reprocessing...

==========Scene 5d6ac7e17658a1001a8c63b2_F_gperm_0_gnum10_dpermA-0-0_B-0-0_C-0-0_D-0-0_E-0-0==========
Unplaced objects: ['decor vase', 'book', 'statue', 'book 2', 'decor vase 2', 'statue 2', 'photo frame', 'plant', 'magazine', 'plant 2']
Placement response: <pick_and_place("plant", "shelf 1 (top)")
pick_and_place("plant 2", "shelf 3")
pick_and_place("magazine", "shelf 4")
pick_and_place("decor vase", "shelf 1 (top)")
pick_and_place("book", "shelf 2")
pick_and_place("statue", "shelf 2")
pick_and_place("book 2", "shelf 3")
pick_and_place("decor vase 2", "shelf 4")
pick_and_place("statue 2", "shelf 4")
pick_and_place("photo frame", "shelf 5 (bottom)")>
Done processing scene 5d6ac7e17658a1001a8c63b2_F_gperm_0_gnum10_dpermA-0-0_B-0-0_C-0-0_D-0-0_E-0-0.
Scene 5e3ae8e5ebfb032f9058ef33_F_gperm_0_gnum2_dpermA-0-0_B-0-0_C-0-0_D-0-0_E-0-0 already processed properly, skipping...
Scene 5a907927873cda0001dc4719_B_gperm_0_gnum5_dpermA-0-0_C-0-0_D-0-0_E-0-0_F-0-0 already processed properly, skipping...
Scene 5c4a428161c51f0001e96b3f_A_gperm_0_gnum6_dpermB-0-0_C-0-0_D-0-0_E-0-0_F-0-0 already processed properly, skipping...
Scene 5c8ec999bb6a3c00014acf5f_B_gperm_0_gnum6_dpermA-0-0_C-0-0_D-0-0_E-0-0_F-0-0 already processed properly, skipping...
Scene 637058f9e7a26c452d1cc49a_E_gperm_0_gnum10_dpermA-0-0_B-0-0_C-0-0_D-0-0_F-0-0 already processed properly, skipping...
Scene 5c4a428161c51f0001e96b3f_C_gperm_0_gnum7_dpermA-0-0_B-0-0_D-0-0_E-0-0_F-0-0 already processed properly, skipping...
Scene 637058f9e7a26c452d1cc49a_E_gperm_0_gnum8_dpermA-0-0_B-0-0_C-0-0_D-0-0_F-0-0 already processed properly, skipping...
Scene 637058f9e7a26c452d1cc49a_D_gperm_0_gnum3_dpermA-0-0_B-0-0_C-0-0_E-0-0_F-0-0 already processed properly, skipping...
Scene 5d6ac7e17658a1001a8c63b2_C_gperm_0_gnum3_dpermA-0-0_B-0-0_D-0-0_E-0-0_F-0-0 already processed properly, skipping...
Scene 5d6ac7e17658a1001a8c63b2_A_gperm_0_gnum2_dpermB-0-0_C-0-0_D-0-0_E-0-0_F-0-0 already processed properly, skipping...
Scene 5c8ec999bb6a3c00014acf5f_E_gperm_0_gnum3_dpermA-0-0_B-0-0_C-0-0_D-0-0_F-0-0 already processed properly, skipping...
5d1b4ec634783e0001336019_F_gperm_0_gnum2_dpermA-0-0_B-0-0_C-0-0_D-0-0_E-0-0 has incomplete prediction, reprocessing...

==========Scene 5d1b4ec634783e0001336019_F_gperm_0_gnum2_dpermA-0-0_B-0-0_C-0-0_D-0-0_E-0-0==========
Unplaced objects: ['ketchup bottle', 'bottled water 2']
Placement response: <pick_and_place("ketchup bottle", "fridge shelf 1 (top)")
pick_and_place("bottled water 2", "fridge shelf 1 (top)")>
Done processing scene 5d1b4ec634783e0001336019_F_gperm_0_gnum2_dpermA-0-0_B-0-0_C-0-0_D-0-0_E-0-0.
Scene 605fe9680cac2ea943d411ec_C_gperm_0_gnum18_dpermA-0-0_B-0-0_D-0-0_E-0-0_F-0-0 already processed properly, skipping...
Scene 62b0b9d60841bfa66838f436_C_gperm_0_gnum5_dpermA-0-0_B-0-0_D-0-0_E-0-0_F-0-0 already processed properly, skipping...
Scene 630386f64c5bbd56ab1c3b0f_A_gperm_0_gnum7_dpermB-0-0_C-0-0_D-0-0_E-0-0_F-0-0 already processed properly, skipping...
Scene 62b0b9d60841bfa66838f436_A_gperm_0_gnum4_dpermB-0-0_C-0-0_D-0-0_E-0-0_F-0-0 already processed properly, skipping...
Scene 605fe9680cac2ea943d411ec_D_gperm_0_gnum7_dpermA-0-0_B-0-0_C-0-0_E-0-0_F-0-0 already processed properly, skipping...
Scene 6111c4865701e1ba367af3e3_D_gperm_0_gnum7_dpermA-0-0_B-0-0_C-0-0_E-0-0_F-0-0 already processed properly, skipping...
605fe9680cac2ea943d411ec_D_gperm_0_gnum15_dpermA-0-0_B-0-0_C-0-0_E-0-0_F-0-0 has incomplete prediction, reprocessing...

==========Scene 605fe9680cac2ea943d411ec_D_gperm_0_gnum15_dpermA-0-0_B-0-0_C-0-0_E-0-0_F-0-0==========
Unplaced objects: ['wine glass', 'banana', 'bottled water', 'soda can', 'butter', 'rubber gloves', 'soda can 2', 'wine glass 2', 'rubber gloves 2', 'candle 2', 'tortillas', 'cereal bowl', 'bottled water 2', 'tortillas 2', 'butter 2']
Placement response: <pick_and_place("banana", "cabinet top shelf")
pick_and_place("butter", "cabinet top shelf")
pick_and_place("tortillas", "cabinet top shelf")
pick_and_place("cereal bowl", "cabinet top shelf")
pick_and_place("wine glass", "cabinet middle shelf")
pick_and_place("bottled water", "cabinet middle shelf")
pick_and_place("soda can", "cabinet middle shelf")
pick_and_place("rubber gloves", "cabinet bottom shelf")
pick_and_place("wine glass 2", "cabinet middle shelf")
pick_and_place("soda can 2", "cabinet middle shelf")
pick_and_place("rubber gloves 2", "cabinet bottom shelf")
pick_and_place("bottled water 2", "cabinet middle shelf")
pick_and_place("tortillas 2", "cabinet top shelf")
pick_and_place("butter 2", "cabinet top shelf")
pick_and_place("candle 2", "cabinet bottom shelf")>
Done processing scene 605fe9680cac2ea943d411ec_D_gperm_0_gnum15_dpermA-0-0_B-0-0_C-0-0_E-0-0_F-0-0.
Scene 6111c4865701e1ba367af3e3_B_gperm_0_gnum9_dpermA-0-0_C-0-0_D-0-0_E-0-0_F-0-0 already processed properly, skipping...
Scene 605fe9680cac2ea943d411ec_B_gperm_0_gnum9_dpermA-0-0_C-0-0_D-0-0_E-0-0_F-0-0 already processed properly, skipping...
Scene 5d1b4ec634783e0001336019_B_gperm_0_gnum10_dpermA-0-0_C-0-0_D-0-0_E-0-0_F-0-0 already processed properly, skipping...
Scene 56cb15ad64c068000b4d7ca5_F_gperm_0_gnum7_dpermA-0-0_B-0-0_C-0-0_D-0-0_E-0-0 already processed properly, skipping...
Scene 6111c4865701e1ba367af3e3_A_gperm_0_gnum10_dpermB-0-0_C-0-0_D-0-0_E-0-0_F-0-0 already processed properly, skipping...
Scene 637058f9e7a26c452d1cc49a_F_gperm_0_gnum1_dpermA-0-0_B-0-0_C-0-0_D-0-0_E-0-0 already processed properly, skipping...
Scene 630386f64c5bbd56ab1c3b0f_E_gperm_0_gnum6_dpermA-0-0_B-0-0_C-0-0_D-0-0_F-0-0 already processed properly, skipping...
Scene 62b0b9d60841bfa66838f436_E_gperm_0_gnum5_dpermA-0-0_B-0-0_C-0-0_D-0-0_F-0-0 already processed properly, skipping...
Scene 630386f64c5bbd56ab1c3b0f_B_gperm_0_gnum3_dpermA-0-0_C-0-0_D-0-0_E-0-0_F-0-0 already processed properly, skipping...
Scene 637058f9e7a26c452d1cc49a_A_gperm_0_gnum10_dpermB-0-0_C-0-0_D-0-0_E-0-0_F-0-0 already processed properly, skipping...
5d6ac7e17658a1001a8c63b2_B_gperm_0_gnum6_dpermA-0-0_C-0-0_D-0-0_E-0-0_F-0-0 has incomplete prediction, reprocessing...

==========Scene 5d6ac7e17658a1001a8c63b2_B_gperm_0_gnum6_dpermA-0-0_C-0-0_D-0-0_E-0-0_F-0-0==========
Unplaced objects: ['plant 2', 'tissue box', 'magazine', 'flower bouquet 2', 'magazine 2', 'alexa']
Placement response: <pick_and_place("plant 2", "shelf 1 (top)")
pick_and_place("flower bouquet 2", "shelf 1 (top)")
pick_and_place("magazine", "shelf 5 (bottom)")
pick_and_place("magazine 2", "shelf 4")
pick_and_place("tissue box", "shelf 2")
pick_and_place("alexa", "shelf 3")>
Done processing scene 5d6ac7e17658a1001a8c63b2_B_gperm_0_gnum6_dpermA-0-0_C-0-0_D-0-0_E-0-0_F-0-0.
Scene 56cb15ad64c068000b4d7ca5_D_gperm_0_gnum5_dpermA-0-0_B-0-0_C-0-0_E-0-0_F-0-0 already processed properly, skipping...
637058f9e7a26c452d1cc49a_C_gperm_0_gnum8_dpermA-0-0_B-0-0_D-0-0_E-0-0_F-0-0 has incomplete prediction, reprocessing...

==========Scene 637058f9e7a26c452d1cc49a_C_gperm_0_gnum8_dpermA-0-0_B-0-0_D-0-0_E-0-0_F-0-0==========
Unplaced objects: ['watch', 'necklace', 'tissue box', 'lemonade', 'necklace 2', 'tissue box 2', 'cotton swabs', 'watch 2']
Placement response: <pick_and_place("tissue box", "dresser right drawer 1 (top)")
pick_and_place("tissue box 2", "dresser right drawer 1 (top)")
pick_and_place("cotton swabs", "dresser right drawer 1 (top)")
pick_and_place("watch", "dresser top shelf (open)")
pick_and_place("necklace", "dresser middle shelf (open)")
pick_and_place("necklace 2", "dresser middle shelf (open)")
pick_and_place("lemonade", "dresser bottom shelf (open)")
pick_and_place("watch 2", "dresser top shelf (open)")>
Done processing scene 637058f9e7a26c452d1cc49a_C_gperm_0_gnum8_dpermA-0-0_B-0-0_D-0-0_E-0-0_F-0-0.
Scene 5a792c898fe2dc0001058c3b_F_gperm_0_gnum5_dpermA-0-0_B-0-0_C-0-0_D-0-0_E-0-0 already processed properly, skipping...
Scene 6111c4865701e1ba367af3e3_E_gperm_0_gnum10_dpermA-0-0_B-0-0_C-0-0_D-0-0_F-0-0 already processed properly, skipping...
Scene 637058f9e7a26c452d1cc49a_A_gperm_0_gnum9_dpermB-0-0_C-0-0_D-0-0_E-0-0_F-0-0 already processed properly, skipping...
Scene 5c4a428161c51f0001e96b3f_E_gperm_0_gnum7_dpermA-0-0_B-0-0_C-0-0_D-0-0_F-0-0 already processed properly, skipping...
Scene 5d6ac7e17658a1001a8c63b2_E_gperm_0_gnum3_dpermA-0-0_B-0-0_C-0-0_D-0-0_F-0-0 already processed properly, skipping...
Scene 605fe9680cac2ea943d411ec_F_gperm_0_gnum5_dpermA-0-0_B-0-0_C-0-0_D-0-0_E-0-0 already processed properly, skipping...
Scene 6111c4865701e1ba367af3e3_F_gperm_0_gnum5_dpermA-0-0_B-0-0_C-0-0_D-0-0_E-0-0 already processed properly, skipping...
Scene 5a907927873cda0001dc4719_A_gperm_0_gnum1_dpermB-0-0_C-0-0_D-0-0_E-0-0_F-0-0 already processed properly, skipping...
Scene 5c4a428161c51f0001e96b3f_B_gperm_0_gnum2_dpermA-0-0_C-0-0_D-0-0_E-0-0_F-0-0 already processed properly, skipping...
Scene 5c8ec999bb6a3c00014acf5f_A_gperm_0_gnum2_dpermB-0-0_C-0-0_D-0-0_E-0-0_F-0-0 already processed properly, skipping...
Scene 5c8ec999bb6a3c00014acf5f_C_gperm_0_gnum3_dpermA-0-0_B-0-0_D-0-0_E-0-0_F-0-0 already processed properly, skipping...
5d1b4ec634783e0001336019_C_gperm_0_gnum10_dpermA-0-0_B-0-0_D-0-0_E-0-0_F-0-0 has incomplete prediction, reprocessing...

==========Scene 5d1b4ec634783e0001336019_C_gperm_0_gnum10_dpermA-0-0_B-0-0_D-0-0_E-0-0_F-0-0==========
Unplaced objects: ['chocolate syrup', 'banana', 'ketchup bottle', 'carrot', 'heavy cream', 'soy sauce', 'heavy cream 2', 'chocolate syrup 2', 'ketchup bottle 2', 'banana 2']
Placement response: <pick_and_place("soy sauce", "fridge shelf 1 (top)")
pick_and_place("chocolate syrup", "fridge shelf 2")
pick_and_place("heavy cream", "fridge shelf 2")
pick_and_place("ketchup bottle", "fridge shelf 2")
pick_and_place("chocolate syrup 2", "fridge shelf 2")
pick_and_place("heavy cream 2", "fridge shelf 2")
pick_and_place("ketchup bottle 2", "fridge shelf 2")
pick_and_place("banana", "fridge drawer 3 (bottom)")
pick_and_place("carrot", "fridge drawer 3 (bottom)")
pick_and_place("banana 2", "fridge drawer 3 (bottom)")>
Done processing scene 5d1b4ec634783e0001336019_C_gperm_0_gnum10_dpermA-0-0_B-0-0_D-0-0_E-0-0_F-0-0.
Scene 5a907927873cda0001dc4719_D_gperm_0_gnum3_dpermA-0-0_B-0-0_C-0-0_E-0-0_F-0-0 already processed properly, skipping...
Scene 630386f64c5bbd56ab1c3b0f_F_gperm_0_gnum7_dpermA-0-0_B-0-0_C-0-0_D-0-0_E-0-0 already processed properly, skipping...
Scene 62b0b9d60841bfa66838f436_F_gperm_0_gnum4_dpermA-0-0_B-0-0_C-0-0_D-0-0_E-0-0 already processed properly, skipping...
Scene 605fe9680cac2ea943d411ec_E_gperm_0_gnum13_dpermA-0-0_B-0-0_C-0-0_D-0-0_F-0-0 already processed properly, skipping...
Scene 637058f9e7a26c452d1cc49a_B_gperm_0_gnum5_dpermA-0-0_C-0-0_D-0-0_E-0-0_F-0-0 already processed properly, skipping...
Scene 6111c4865701e1ba367af3e3_B_gperm_0_gnum1_dpermA-0-0_C-0-0_D-0-0_E-0-0_F-0-0 already processed properly, skipping...
Scene 5e3ae8e5ebfb032f9058ef33_A_gperm_0_gnum2_dpermB-0-0_C-0-0_D-0-0_E-0-0_F-0-0 already processed properly, skipping...
Scene 637058f9e7a26c452d1cc49a_D_gperm_0_gnum16_dpermA-0-0_B-0-0_C-0-0_E-0-0_F-0-0 already processed properly, skipping...
Scene 605fe9680cac2ea943d411ec_B_gperm_0_gnum1_dpermA-0-0_C-0-0_D-0-0_E-0-0_F-0-0 already processed properly, skipping...
Scene 5e3ae8e5ebfb032f9058ef33_C_gperm_0_gnum3_dpermA-0-0_B-0-0_D-0-0_E-0-0_F-0-0 already processed properly, skipping...
Scene 605fe9680cac2ea943d411ec_C_gperm_0_gnum10_dpermA-0-0_B-0-0_D-0-0_E-0-0_F-0-0 already processed properly, skipping...
Scene 5a792c898fe2dc0001058c3b_E_gperm_0_gnum4_dpermA-0-0_B-0-0_C-0-0_D-0-0_F-0-0 already processed properly, skipping...
Scene 5c4a428161c51f0001e96b3f_F_gperm_0_gnum6_dpermA-0-0_B-0-0_C-0-0_D-0-0_E-0-0 already processed properly, skipping...
Scene 5d6ac7e17658a1001a8c63b2_F_gperm_0_gnum2_dpermA-0-0_B-0-0_C-0-0_D-0-0_E-0-0 already processed properly, skipping...
Scene 605fe9680cac2ea943d411ec_E_gperm_0_gnum4_dpermA-0-0_B-0-0_C-0-0_D-0-0_F-0-0 already processed properly, skipping...
Scene 6111c4865701e1ba367af3e3_E_gperm_0_gnum4_dpermA-0-0_B-0-0_C-0-0_D-0-0_F-0-0 already processed properly, skipping...
Scene 5d1b4ec634783e0001336019_C_gperm_0_gnum3_dpermA-0-0_B-0-0_D-0-0_E-0-0_F-0-0 already processed properly, skipping...
Scene 5d1b4ec634783e0001336019_A_gperm_0_gnum2_dpermB-0-0_C-0-0_D-0-0_E-0-0_F-0-0 already processed properly, skipping...
Scene 5a792c898fe2dc0001058c3b_B_gperm_0_gnum1_dpermA-0-0_C-0-0_D-0-0_E-0-0_F-0-0 already processed properly, skipping...
Scene 630386f64c5bbd56ab1c3b0f_F_gperm_0_gnum3_dpermA-0-0_B-0-0_C-0-0_D-0-0_E-0-0 already processed properly, skipping...
Scene 637058f9e7a26c452d1cc49a_E_gperm_0_gnum4_dpermA-0-0_B-0-0_C-0-0_D-0-0_F-0-0 already processed properly, skipping...
Scene 637058f9e7a26c452d1cc49a_F_gperm_0_gnum12_dpermA-0-0_B-0-0_C-0-0_D-0-0_E-0-0 already processed properly, skipping...
5c4a428161c51f0001e96b3f_C_gperm_0_gnum13_dpermA-0-0_B-0-0_D-0-0_E-0-0_F-0-0 has incomplete prediction, reprocessing...